2022-04-20 00:23:05,605 [INFO] mydebugs: Log debugs
2022-04-20 00:23:05,607 [INFO] mydebugs: My debug Logger
2022-04-20 00:23:05,760 [INFO] mydebugs: My debug Logger
2022-04-20 00:23:08,315 [INFO] mydebugs: My debug Logger
2022-04-20 00:23:08,330 [INFO] mydebugs: My debug Logger
2022-04-20 00:23:10,201 [INFO] mydebugs: My debug Logger
2022-04-20 00:23:10,212 [INFO] mydebugs: My debug Logger
2022-04-20 00:24:46,507 [INFO] mydebugs: Log debugs
2022-04-20 00:24:46,508 [INFO] mydebugs: My debug Logger
2022-04-20 00:24:46,654 [INFO] mydebugs: My debug Logger
2022-04-20 00:24:46,703 [INFO] mydebugs: Log debugs
2022-04-20 00:24:46,705 [INFO] mydebugs: My debug Logger
2022-04-20 00:24:46,707 [INFO] mydebugs: My debug Logger
2022-04-20 00:24:46,709 [INFO] mydebugs: My debug Logger
2022-04-20 00:24:46,869 [INFO] mydebugs: My debug Logger
2022-04-20 00:24:46,872 [INFO] mydebugs: My debug Logger
2022-04-20 00:24:46,885 [INFO] mydebugs: My debug Logger
2022-04-20 00:24:46,987 [INFO] mydebugs: Log debugs
2022-04-20 00:24:46,988 [INFO] mydebugs: My debug Logger
2022-04-20 00:24:47,132 [INFO] mydebugs: My debug Logger
2022-04-20 00:24:47,164 [INFO] mydebugs: Log debugs
2022-04-20 00:24:47,165 [INFO] mydebugs: My debug Logger
2022-04-20 00:24:47,328 [INFO] mydebugs: My debug Logger
2022-04-20 00:24:47,359 [INFO] mydebugs: Log debugs
2022-04-20 00:24:47,360 [INFO] mydebugs: My debug Logger
2022-04-20 00:24:47,501 [INFO] mydebugs: My debug Logger
2022-04-20 00:24:47,540 [INFO] mydebugs: Log debugs
2022-04-20 00:24:47,542 [INFO] mydebugs: My debug Logger
2022-04-20 00:24:47,684 [INFO] mydebugs: My debug Logger
2022-04-20 00:24:47,718 [INFO] mydebugs: Log debugs
2022-04-20 00:24:47,719 [INFO] mydebugs: My debug Logger
2022-04-20 00:24:47,861 [INFO] mydebugs: My debug Logger
2022-04-20 00:24:47,892 [INFO] mydebugs: Log debugs
2022-04-20 00:24:47,894 [INFO] mydebugs: My debug Logger
2022-04-20 00:24:48,040 [INFO] mydebugs: My debug Logger
2022-04-20 00:24:48,080 [INFO] mydebugs: Log debugs
2022-04-20 00:24:48,081 [INFO] mydebugs: My debug Logger
2022-04-20 00:24:48,219 [INFO] mydebugs: My debug Logger
2022-04-20 00:24:48,253 [INFO] mydebugs: Log debugs
2022-04-20 00:24:48,254 [INFO] mydebugs: My debug Logger
2022-04-20 00:24:48,400 [INFO] mydebugs: My debug Logger
2022-04-20 00:47:08,438 [INFO] mydebugs: Before app first request debug logger
2022-04-20 00:47:08,439 [INFO] mydebugs: My debug Logger
2022-04-20 00:47:08,580 [INFO] mydebugs: After request debug logger
2022-04-20 00:47:08,618 [INFO] mydebugs: Before app first request debug logger
2022-04-20 00:47:08,619 [INFO] mydebugs: My debug Logger
2022-04-20 00:47:08,620 [INFO] mydebugs: After request debug logger
2022-04-20 00:47:08,623 [INFO] mydebugs: My debug Logger
2022-04-20 00:47:08,778 [INFO] mydebugs: After request debug logger
2022-04-20 00:47:08,781 [INFO] mydebugs: My debug Logger
2022-04-20 00:47:08,794 [INFO] mydebugs: After request debug logger
2022-04-20 00:47:08,909 [INFO] mydebugs: Before app first request debug logger
2022-04-20 00:47:08,910 [INFO] mydebugs: My debug Logger
2022-04-20 00:47:09,049 [INFO] mydebugs: After request debug logger
2022-04-20 00:47:09,090 [INFO] mydebugs: Before app first request debug logger
2022-04-20 00:47:09,091 [INFO] mydebugs: My debug Logger
2022-04-20 00:47:09,261 [INFO] mydebugs: After request debug logger
2022-04-20 00:47:09,309 [INFO] mydebugs: Before app first request debug logger
2022-04-20 00:47:09,310 [INFO] mydebugs: My debug Logger
2022-04-20 00:47:09,460 [INFO] mydebugs: After request debug logger
2022-04-20 00:47:09,494 [INFO] mydebugs: Before app first request debug logger
2022-04-20 00:47:09,495 [INFO] mydebugs: My debug Logger
2022-04-20 00:47:09,632 [INFO] mydebugs: After request debug logger
2022-04-20 00:47:09,669 [INFO] mydebugs: Before app first request debug logger
2022-04-20 00:47:09,670 [INFO] mydebugs: My debug Logger
2022-04-20 00:47:09,809 [INFO] mydebugs: After request debug logger
2022-04-20 00:47:09,845 [INFO] mydebugs: Before app first request debug logger
2022-04-20 00:47:09,846 [INFO] mydebugs: My debug Logger
2022-04-20 00:47:09,982 [INFO] mydebugs: After request debug logger
2022-04-20 00:47:10,013 [INFO] mydebugs: Before app first request debug logger
2022-04-20 00:47:10,014 [INFO] mydebugs: My debug Logger
2022-04-20 00:47:10,152 [INFO] mydebugs: After request debug logger
2022-04-20 00:47:10,187 [INFO] mydebugs: Before app first request debug logger
2022-04-20 00:47:10,188 [INFO] mydebugs: My debug Logger
2022-04-20 00:47:10,323 [INFO] mydebugs: After request debug logger
2022-04-20 16:28:50,944 [INFO] mydebugs: Before app first request debug logger
2022-04-20 16:28:50,945 [INFO] mydebugs: My debug Logger
2022-04-20 16:28:51,101 [INFO] mydebugs: After request debug logger
2022-04-20 16:29:02,678 [INFO] mydebugs: My debug Logger
2022-04-20 16:29:02,927 [INFO] mydebugs: After request debug logger
2022-04-20 16:29:02,935 [INFO] mydebugs: My debug Logger
2022-04-20 16:29:02,951 [INFO] mydebugs: After request debug logger
2022-04-20 16:30:50,314 [INFO] mydebugs: My debug Logger
2022-04-20 16:30:50,323 [INFO] mydebugs: After request debug logger
2022-04-20 16:31:01,639 [INFO] mydebugs: My debug Logger
2022-04-20 16:31:01,844 [INFO] mydebugs: After request debug logger
2022-04-20 16:31:01,854 [INFO] mydebugs: My debug Logger
2022-04-20 16:31:01,861 [INFO] mydebugs: After request debug logger
2022-04-20 16:35:46,808 [INFO] mydebugs: My debug Logger
2022-04-20 16:35:46,818 [INFO] mydebugs: After request debug logger
2022-04-20 16:35:50,206 [INFO] mydebugs: My debug Logger
2022-04-20 16:35:50,213 [INFO] mydebugs: After request debug logger
2022-04-20 16:35:59,538 [INFO] mydebugs: My debug Logger
2022-04-20 16:35:59,753 [INFO] mydebugs: After request debug logger
2022-04-20 16:35:59,759 [INFO] mydebugs: My debug Logger
2022-04-20 16:35:59,767 [INFO] mydebugs: After request debug logger
2022-04-21 01:45:17,518 [INFO] mydebugs: My debug Logger
2022-04-21 01:45:17,531 [INFO] mydebugs: After request debug logger
2022-04-21 01:45:33,211 [INFO] mydebugs: My debug Logger
2022-04-21 01:45:33,219 [INFO] mydebugs: After request debug logger
2022-04-21 01:45:44,383 [INFO] mydebugs: My debug Logger
2022-04-21 01:45:44,583 [INFO] mydebugs: After request debug logger
2022-04-21 01:45:44,592 [INFO] mydebugs: My debug Logger
2022-04-21 01:45:44,600 [INFO] mydebugs: After request debug logger
2022-04-21 02:06:14,249 [INFO] mydebugs: My debug Logger
2022-04-21 02:06:14,258 [INFO] mydebugs: After request debug logger
2022-04-21 02:06:15,530 [INFO] mydebugs: My debug Logger
2022-04-21 02:06:15,539 [INFO] mydebugs: After request debug logger
2022-04-21 02:06:17,275 [INFO] mydebugs: My debug Logger
2022-04-21 02:06:17,284 [INFO] mydebugs: After request debug logger
2022-04-21 02:06:37,400 [INFO] mydebugs: My debug Logger
2022-04-21 02:06:37,575 [INFO] mydebugs: After request debug logger
2022-04-21 02:06:37,584 [INFO] mydebugs: My debug Logger
2022-04-21 02:06:37,592 [INFO] mydebugs: After request debug logger
2022-04-21 02:07:04,270 [INFO] mydebugs: My debug Logger
2022-04-21 02:07:04,440 [INFO] mydebugs: After request debug logger
2022-04-21 02:07:04,448 [INFO] mydebugs: My debug Logger
2022-04-21 02:07:04,455 [INFO] mydebugs: After request debug logger
2022-04-21 02:07:15,143 [INFO] mydebugs: My debug Logger
2022-04-21 02:07:15,329 [INFO] mydebugs: After request debug logger
2022-04-21 02:07:15,337 [INFO] mydebugs: My debug Logger
2022-04-21 02:07:15,344 [INFO] mydebugs: After request debug logger
2022-04-21 02:07:18,807 [INFO] mydebugs: My debug Logger
2022-04-21 02:07:18,815 [INFO] mydebugs: After request debug logger
2022-04-21 02:07:44,369 [INFO] mydebugs: My debug Logger
2022-04-21 02:07:44,581 [INFO] mydebugs: After request debug logger
2022-04-21 02:07:44,591 [INFO] mydebugs: My debug Logger
2022-04-21 02:07:44,599 [INFO] mydebugs: After request debug logger
2022-04-21 02:08:08,127 [INFO] mydebugs: My debug Logger
2022-04-21 02:08:08,292 [INFO] mydebugs: After request debug logger
2022-04-21 02:08:08,300 [INFO] mydebugs: My debug Logger
2022-04-21 02:08:08,307 [INFO] mydebugs: After request debug logger
2022-04-21 02:08:17,215 [INFO] mydebugs: My debug Logger
2022-04-21 02:08:17,419 [INFO] mydebugs: After request debug logger
2022-04-21 02:08:17,429 [INFO] mydebugs: My debug Logger
2022-04-21 02:08:17,450 [INFO] mydebugs: After request debug logger
2022-04-21 02:08:24,473 [INFO] mydebugs: My debug Logger
2022-04-21 02:08:24,495 [INFO] mydebugs: After request debug logger
2022-04-21 02:08:27,837 [INFO] mydebugs: My debug Logger
2022-04-21 02:08:27,859 [INFO] mydebugs: After request debug logger
2022-04-21 02:08:41,154 [INFO] mydebugs: My debug Logger
2022-04-21 02:08:41,183 [INFO] mydebugs: After request debug logger
2022-04-21 02:08:41,191 [INFO] mydebugs: My debug Logger
2022-04-21 02:08:41,206 [INFO] mydebugs: After request debug logger
2022-04-21 02:08:44,929 [INFO] mydebugs: My debug Logger
2022-04-21 02:08:44,959 [INFO] mydebugs: After request debug logger
2022-04-21 02:08:46,824 [INFO] mydebugs: My debug Logger
2022-04-21 02:08:46,840 [INFO] mydebugs: After request debug logger
2022-04-21 02:08:52,467 [INFO] mydebugs: My debug Logger
2022-04-21 02:08:52,499 [INFO] mydebugs: After request debug logger
2022-04-21 02:08:52,506 [INFO] mydebugs: My debug Logger
2022-04-21 02:08:52,512 [INFO] mydebugs: After request debug logger
2022-04-21 02:08:54,474 [INFO] mydebugs: My debug Logger
2022-04-21 02:08:54,492 [INFO] mydebugs: After request debug logger
2022-04-21 02:08:55,468 [INFO] mydebugs: My debug Logger
2022-04-21 02:08:55,488 [INFO] mydebugs: After request debug logger
2022-04-21 02:08:56,565 [INFO] mydebugs: My debug Logger
2022-04-21 02:08:56,589 [INFO] mydebugs: After request debug logger
2022-04-21 02:13:56,974 [INFO] mydebugs: My debug Logger
2022-04-21 02:13:56,984 [INFO] mydebugs: After request debug logger
2022-04-21 02:14:02,913 [INFO] mydebugs: My debug Logger
2022-04-21 02:14:02,925 [INFO] mydebugs: After request debug logger
2022-04-21 02:14:04,232 [INFO] mydebugs: My debug Logger
2022-04-21 02:14:04,242 [INFO] mydebugs: After request debug logger
2022-04-21 02:14:07,639 [INFO] mydebugs: My debug Logger
2022-04-21 02:14:07,647 [INFO] mydebugs: After request debug logger
2022-04-21 02:14:18,718 [INFO] mydebugs: My debug Logger
2022-04-21 02:14:18,923 [INFO] mydebugs: After request debug logger
2022-04-21 02:14:18,932 [INFO] mydebugs: My debug Logger
2022-04-21 02:14:18,946 [INFO] mydebugs: After request debug logger
2022-04-21 02:14:28,863 [INFO] mydebugs: My debug Logger
2022-04-21 02:14:28,881 [INFO] mydebugs: After request debug logger
2022-04-21 02:29:12,345 [INFO] mydebugs: My debug Logger
2022-04-21 02:29:12,366 [INFO] mydebugs: After request debug logger
2022-04-21 02:29:13,631 [INFO] mydebugs: My debug Logger
2022-04-21 02:29:13,650 [INFO] mydebugs: After request debug logger
2022-04-21 02:29:14,848 [INFO] mydebugs: My debug Logger
2022-04-21 02:29:14,874 [INFO] mydebugs: After request debug logger
2022-04-21 02:29:17,217 [INFO] mydebugs: My debug Logger
2022-04-21 02:29:17,235 [INFO] mydebugs: After request debug logger
2022-04-21 02:29:19,263 [INFO] mydebugs: My debug Logger
2022-04-21 02:29:19,297 [INFO] mydebugs: After request debug logger
2022-04-21 02:29:19,306 [INFO] mydebugs: My debug Logger
2022-04-21 02:29:19,314 [INFO] mydebugs: After request debug logger
2022-04-21 02:29:27,055 [INFO] mydebugs: My debug Logger
2022-04-21 02:29:27,257 [INFO] mydebugs: After request debug logger
2022-04-21 02:29:27,267 [INFO] mydebugs: My debug Logger
2022-04-21 02:29:27,282 [INFO] mydebugs: After request debug logger
2022-04-21 02:29:33,767 [INFO] mydebugs: My debug Logger
2022-04-21 02:29:33,783 [INFO] mydebugs: After request debug logger
2022-04-21 02:29:38,066 [INFO] mydebugs: My debug Logger
2022-04-21 02:29:38,083 [INFO] mydebugs: After request debug logger
2022-04-21 02:29:38,962 [INFO] mydebugs: My debug Logger
2022-04-21 02:29:38,976 [INFO] mydebugs: After request debug logger
2022-04-21 02:29:39,202 [INFO] mydebugs: My debug Logger
2022-04-21 02:29:39,217 [INFO] mydebugs: After request debug logger
2022-04-21 02:29:39,420 [INFO] mydebugs: My debug Logger
2022-04-21 02:29:39,437 [INFO] mydebugs: After request debug logger
2022-04-21 02:29:45,770 [INFO] mydebugs: My debug Logger
2022-04-21 02:29:45,803 [INFO] mydebugs: After request debug logger
2022-04-21 02:29:45,810 [INFO] mydebugs: My debug Logger
2022-04-21 02:29:45,818 [INFO] mydebugs: After request debug logger
2022-04-21 02:29:54,442 [INFO] mydebugs: My debug Logger
2022-04-21 02:29:54,608 [INFO] mydebugs: After request debug logger
2022-04-21 02:29:54,618 [INFO] mydebugs: My debug Logger
2022-04-21 02:29:54,624 [INFO] mydebugs: After request debug logger
2022-04-21 02:30:04,611 [INFO] mydebugs: My debug Logger
2022-04-21 02:30:04,806 [INFO] mydebugs: After request debug logger
2022-04-21 02:30:04,814 [INFO] mydebugs: My debug Logger
2022-04-21 02:30:04,821 [INFO] mydebugs: After request debug logger
2022-04-21 02:30:14,852 [INFO] mydebugs: My debug Logger
2022-04-21 02:30:15,022 [INFO] mydebugs: After request debug logger
2022-04-21 02:30:15,031 [INFO] mydebugs: My debug Logger
2022-04-21 02:30:15,038 [INFO] mydebugs: After request debug logger
2022-04-21 02:30:25,530 [INFO] mydebugs: My debug Logger
2022-04-21 02:30:25,698 [INFO] mydebugs: After request debug logger
2022-04-21 02:30:25,706 [INFO] mydebugs: My debug Logger
2022-04-21 02:30:25,714 [INFO] mydebugs: After request debug logger
2022-04-21 02:30:35,155 [INFO] mydebugs: My debug Logger
2022-04-21 02:30:35,323 [INFO] mydebugs: After request debug logger
2022-04-21 02:30:35,334 [INFO] mydebugs: My debug Logger
2022-04-21 02:30:35,341 [INFO] mydebugs: After request debug logger
2022-04-21 02:31:42,359 [INFO] mydebugs: My debug Logger
2022-04-21 02:31:42,556 [INFO] mydebugs: After request debug logger
2022-04-21 02:31:42,567 [INFO] mydebugs: My debug Logger
2022-04-21 02:31:42,583 [INFO] mydebugs: After request debug logger
2022-04-21 02:31:48,584 [INFO] mydebugs: My debug Logger
2022-04-21 02:31:48,612 [INFO] mydebugs: After request debug logger
2022-04-21 02:31:49,498 [INFO] mydebugs: My debug Logger
2022-04-21 02:31:49,512 [INFO] mydebugs: After request debug logger
2022-04-21 02:31:50,894 [INFO] mydebugs: My debug Logger
2022-04-21 02:31:50,911 [INFO] mydebugs: After request debug logger
2022-04-21 02:31:51,562 [INFO] mydebugs: My debug Logger
2022-04-21 02:31:51,576 [INFO] mydebugs: After request debug logger
2022-04-21 02:31:51,742 [INFO] mydebugs: My debug Logger
2022-04-21 02:31:51,759 [INFO] mydebugs: After request debug logger
2022-04-21 02:31:56,064 [INFO] mydebugs: My debug Logger
2022-04-21 02:31:56,083 [INFO] mydebugs: After request debug logger
2022-04-21 02:31:58,495 [INFO] mydebugs: My debug Logger
2022-04-21 02:31:58,510 [INFO] mydebugs: After request debug logger
2022-04-21 02:40:37,272 [INFO] mydebugs: My debug Logger
2022-04-21 02:40:37,298 [INFO] mydebugs: After request debug logger
2022-04-21 02:40:39,301 [INFO] mydebugs: My debug Logger
2022-04-21 02:40:39,317 [INFO] mydebugs: After request debug logger
2022-04-21 02:41:01,879 [INFO] mydebugs: My debug Logger
2022-04-21 02:41:02,095 [INFO] mydebugs: After request debug logger
2022-04-21 02:41:02,103 [INFO] mydebugs: My debug Logger
2022-04-21 02:41:02,118 [INFO] mydebugs: After request debug logger
2022-04-21 02:41:12,894 [INFO] mydebugs: My debug Logger
2022-04-21 02:41:13,095 [INFO] mydebugs: After request debug logger
2022-04-21 02:41:13,104 [INFO] mydebugs: My debug Logger
2022-04-21 02:41:13,118 [INFO] mydebugs: After request debug logger
2022-04-21 02:41:19,006 [INFO] mydebugs: My debug Logger
2022-04-21 02:41:19,110 [INFO] mydebugs: After request debug logger
2022-04-21 02:41:19,134 [INFO] mydebugs: My debug Logger
2022-04-21 02:41:19,461 [INFO] mydebugs: My debug Logger
2022-04-21 02:41:19,480 [INFO] mydebugs: After request debug logger
2022-04-21 02:41:19,500 [INFO] mydebugs: My debug Logger
2022-04-21 02:41:48,246 [INFO] mydebugs: My debug Logger
2022-04-21 02:41:48,275 [INFO] mydebugs: After request debug logger
2022-04-21 02:41:53,621 [INFO] mydebugs: My debug Logger
2022-04-21 02:41:53,644 [INFO] mydebugs: After request debug logger
2022-04-21 02:41:53,672 [INFO] mydebugs: My debug Logger
2022-04-21 02:41:57,443 [INFO] mydebugs: My debug Logger
2022-04-21 02:41:57,466 [INFO] mydebugs: After request debug logger
2022-04-21 02:42:09,681 [INFO] mydebugs: My debug Logger
2022-04-21 02:42:09,708 [INFO] mydebugs: After request debug logger
2022-04-21 02:42:09,721 [INFO] mydebugs: My debug Logger
2022-04-21 02:42:09,737 [INFO] mydebugs: After request debug logger
2022-04-21 02:42:09,767 [INFO] mydebugs: My debug Logger
2022-04-21 02:42:17,597 [INFO] mydebugs: My debug Logger
2022-04-21 02:42:17,618 [INFO] mydebugs: After request debug logger
2022-04-21 02:42:22,077 [INFO] mydebugs: My debug Logger
2022-04-21 02:42:22,093 [INFO] mydebugs: After request debug logger
2022-04-21 02:42:26,341 [INFO] mydebugs: My debug Logger
2022-04-21 02:42:26,370 [INFO] mydebugs: After request debug logger
2022-04-21 02:42:26,379 [INFO] mydebugs: My debug Logger
2022-04-21 02:42:26,387 [INFO] mydebugs: After request debug logger
2022-04-21 02:42:39,839 [INFO] mydebugs: My debug Logger
2022-04-21 02:42:39,851 [INFO] mydebugs: After request debug logger
2022-04-21 02:42:39,863 [INFO] mydebugs: My debug Logger
2022-04-21 02:42:39,871 [INFO] mydebugs: After request debug logger
2022-04-21 02:42:42,721 [INFO] mydebugs: My debug Logger
2022-04-21 02:42:42,729 [INFO] mydebugs: After request debug logger
2022-04-21 02:42:54,809 [INFO] mydebugs: My debug Logger
2022-04-21 02:42:55,020 [INFO] mydebugs: After request debug logger
2022-04-21 02:42:55,029 [INFO] mydebugs: My debug Logger
2022-04-21 02:42:55,035 [INFO] mydebugs: After request debug logger
2022-04-21 02:43:11,786 [INFO] mydebugs: My debug Logger
2022-04-21 02:43:11,982 [INFO] mydebugs: After request debug logger
2022-04-21 02:43:11,990 [INFO] mydebugs: My debug Logger
2022-04-21 02:43:12,003 [INFO] mydebugs: After request debug logger
2022-04-21 02:43:15,121 [INFO] mydebugs: My debug Logger
2022-04-21 02:43:15,143 [INFO] mydebugs: After request debug logger
2022-04-21 02:43:15,169 [INFO] mydebugs: My debug Logger
2022-04-21 02:43:52,579 [INFO] mydebugs: My debug Logger
2022-04-21 02:43:52,612 [INFO] mydebugs: After request debug logger
2022-04-21 02:47:15,929 [INFO] mydebugs: My debug Logger
2022-04-21 02:47:15,969 [INFO] mydebugs: After request debug logger
2022-04-21 02:47:16,062 [INFO] mydebugs: My debug Logger
2022-04-21 02:47:23,797 [INFO] mydebugs: My debug Logger
2022-04-21 02:47:23,813 [INFO] mydebugs: After request debug logger
2022-04-21 02:47:24,992 [INFO] mydebugs: My debug Logger
2022-04-21 02:47:25,012 [INFO] mydebugs: After request debug logger
2022-04-21 02:47:25,052 [INFO] mydebugs: My debug Logger
2022-04-21 02:47:26,274 [INFO] mydebugs: My debug Logger
2022-04-21 02:47:26,287 [INFO] mydebugs: After request debug logger
2022-04-21 02:47:26,964 [INFO] mydebugs: My debug Logger
2022-04-21 02:47:26,983 [INFO] mydebugs: After request debug logger
2022-04-21 02:49:05,842 [INFO] mydebugs: My debug Logger
2022-04-21 02:49:05,880 [INFO] mydebugs: After request debug logger
2022-04-21 02:49:05,899 [INFO] mydebugs: My debug Logger
2022-04-21 02:49:09,744 [INFO] mydebugs: My debug Logger
2022-04-21 02:49:09,764 [INFO] mydebugs: After request debug logger
2022-04-21 02:49:09,787 [INFO] mydebugs: My debug Logger
2022-04-21 02:49:10,836 [INFO] mydebugs: My debug Logger
2022-04-21 02:49:10,853 [INFO] mydebugs: After request debug logger
2022-04-21 02:49:10,885 [INFO] mydebugs: My debug Logger
2022-04-21 02:49:11,878 [INFO] mydebugs: My debug Logger
2022-04-21 02:49:11,899 [INFO] mydebugs: After request debug logger
2022-04-21 02:49:11,922 [INFO] mydebugs: My debug Logger
2022-04-21 02:49:11,943 [INFO] mydebugs: My debug Logger
2022-04-21 02:49:54,884 [INFO] mydebugs: My debug Logger
2022-04-21 02:49:54,908 [INFO] mydebugs: After request debug logger
2022-04-21 02:49:54,925 [INFO] mydebugs: My debug Logger
2022-04-21 02:49:54,946 [INFO] mydebugs: My debug Logger
2022-04-21 02:49:55,889 [INFO] mydebugs: My debug Logger
2022-04-21 02:49:55,909 [INFO] mydebugs: After request debug logger
2022-04-21 02:49:55,927 [INFO] mydebugs: My debug Logger
2022-04-21 02:49:55,946 [INFO] mydebugs: My debug Logger
2022-04-21 02:49:56,118 [INFO] mydebugs: My debug Logger
2022-04-21 02:49:56,137 [INFO] mydebugs: After request debug logger
2022-04-21 02:49:56,154 [INFO] mydebugs: My debug Logger
2022-04-21 02:49:56,174 [INFO] mydebugs: My debug Logger
2022-04-21 02:49:56,444 [INFO] mydebugs: My debug Logger
2022-04-21 02:49:56,466 [INFO] mydebugs: After request debug logger
2022-04-21 02:49:56,485 [INFO] mydebugs: My debug Logger
2022-04-21 02:49:56,509 [INFO] mydebugs: My debug Logger
2022-04-21 02:50:32,426 [INFO] mydebugs: My debug Logger
2022-04-21 02:50:32,460 [INFO] mydebugs: After request debug logger
2022-04-21 02:50:32,478 [INFO] mydebugs: My debug Logger
2022-04-21 02:50:32,504 [INFO] mydebugs: My debug Logger
2022-04-21 02:50:49,244 [INFO] mydebugs: My debug Logger
2022-04-21 02:50:49,262 [INFO] mydebugs: After request debug logger
2022-04-21 02:50:49,292 [INFO] mydebugs: My debug Logger
2022-04-21 02:50:50,693 [INFO] mydebugs: My debug Logger
2022-04-21 02:50:50,716 [INFO] mydebugs: After request debug logger
2022-04-21 02:50:50,740 [INFO] mydebugs: My debug Logger
2022-04-21 02:50:53,303 [INFO] mydebugs: My debug Logger
2022-04-21 02:50:53,318 [INFO] mydebugs: After request debug logger
2022-04-21 02:50:53,340 [INFO] mydebugs: My debug Logger
2022-04-21 02:50:54,640 [INFO] mydebugs: My debug Logger
2022-04-21 02:50:54,654 [INFO] mydebugs: After request debug logger
2022-04-21 02:50:54,673 [INFO] mydebugs: My debug Logger
2022-04-21 02:50:55,773 [INFO] mydebugs: My debug Logger
2022-04-21 02:50:55,787 [INFO] mydebugs: After request debug logger
2022-04-21 02:50:55,810 [INFO] mydebugs: My debug Logger
2022-04-21 02:50:57,349 [INFO] mydebugs: My debug Logger
2022-04-21 02:50:57,365 [INFO] mydebugs: After request debug logger
2022-04-21 02:50:57,383 [INFO] mydebugs: My debug Logger
2022-04-21 02:51:18,916 [INFO] mydebugs: My debug Logger
2022-04-21 02:51:18,950 [INFO] mydebugs: After request debug logger
2022-04-21 02:51:18,978 [INFO] mydebugs: My debug Logger
2022-04-21 02:51:20,128 [INFO] mydebugs: My debug Logger
2022-04-21 02:51:20,146 [INFO] mydebugs: After request debug logger
2022-04-21 02:51:20,173 [INFO] mydebugs: My debug Logger
2022-04-21 02:51:21,542 [INFO] mydebugs: My debug Logger
2022-04-21 02:51:21,560 [INFO] mydebugs: After request debug logger
2022-04-21 02:51:21,583 [INFO] mydebugs: My debug Logger
2022-04-21 02:51:23,059 [INFO] mydebugs: My debug Logger
2022-04-21 02:51:23,080 [INFO] mydebugs: After request debug logger
2022-04-21 02:51:23,104 [INFO] mydebugs: My debug Logger
2022-04-21 02:51:23,124 [INFO] mydebugs: My debug Logger
2022-04-21 02:51:24,374 [INFO] mydebugs: My debug Logger
2022-04-21 02:51:24,396 [INFO] mydebugs: After request debug logger
2022-04-21 02:51:24,422 [INFO] mydebugs: My debug Logger
2022-04-21 02:51:25,072 [INFO] mydebugs: My debug Logger
2022-04-21 02:51:25,090 [INFO] mydebugs: After request debug logger
2022-04-21 02:51:25,115 [INFO] mydebugs: My debug Logger
2022-04-21 02:52:43,460 [INFO] mydebugs: My debug Logger
2022-04-21 02:52:43,487 [INFO] mydebugs: After request debug logger
2022-04-21 02:52:43,514 [INFO] mydebugs: My debug Logger
2022-04-21 02:52:43,535 [INFO] mydebugs: My debug Logger
2022-04-21 02:52:44,763 [INFO] mydebugs: My debug Logger
2022-04-21 02:52:44,778 [INFO] mydebugs: After request debug logger
2022-04-21 02:52:44,801 [INFO] mydebugs: My debug Logger
2022-04-21 02:52:47,049 [INFO] mydebugs: My debug Logger
2022-04-21 02:52:47,067 [INFO] mydebugs: After request debug logger
2022-04-21 02:52:47,092 [INFO] mydebugs: My debug Logger
2022-04-21 02:53:54,701 [INFO] mydebugs: My debug Logger
2022-04-21 02:53:54,724 [INFO] mydebugs: After request debug logger
2022-04-21 02:53:54,751 [INFO] mydebugs: My debug Logger
2022-04-21 02:53:57,662 [INFO] mydebugs: My debug Logger
2022-04-21 02:53:57,682 [INFO] mydebugs: After request debug logger
2022-04-21 02:53:57,704 [INFO] mydebugs: My debug Logger
2022-04-21 02:54:08,100 [INFO] mydebugs: My debug Logger
2022-04-21 02:54:08,116 [INFO] mydebugs: After request debug logger
2022-04-21 02:54:08,145 [INFO] mydebugs: My debug Logger
2022-04-21 02:54:11,008 [INFO] mydebugs: My debug Logger
2022-04-21 02:54:11,023 [INFO] mydebugs: After request debug logger
2022-04-21 02:54:11,045 [INFO] mydebugs: My debug Logger
2022-04-21 02:54:11,962 [INFO] mydebugs: My debug Logger
2022-04-21 02:54:11,988 [INFO] mydebugs: After request debug logger
2022-04-21 02:54:12,020 [INFO] mydebugs: My debug Logger
2022-04-21 02:54:12,041 [INFO] mydebugs: My debug Logger
2022-04-21 02:54:16,364 [INFO] mydebugs: My debug Logger
2022-04-21 02:54:16,383 [INFO] mydebugs: After request debug logger
2022-04-21 02:54:16,407 [INFO] mydebugs: My debug Logger
2022-04-21 02:54:17,729 [INFO] mydebugs: My debug Logger
2022-04-21 02:54:17,744 [INFO] mydebugs: After request debug logger
2022-04-21 02:54:17,765 [INFO] mydebugs: My debug Logger
2022-04-21 02:54:49,000 [INFO] mydebugs: My debug Logger
2022-04-21 02:54:49,021 [INFO] mydebugs: After request debug logger
2022-04-21 02:54:49,040 [INFO] mydebugs: My debug Logger
2022-04-21 02:54:49,942 [INFO] mydebugs: My debug Logger
2022-04-21 02:54:49,956 [INFO] mydebugs: After request debug logger
2022-04-21 02:54:49,976 [INFO] mydebugs: My debug Logger
2022-04-21 02:54:51,115 [INFO] mydebugs: My debug Logger
2022-04-21 02:54:51,130 [INFO] mydebugs: After request debug logger
2022-04-21 02:54:51,152 [INFO] mydebugs: My debug Logger
2022-04-21 02:54:51,838 [INFO] mydebugs: My debug Logger
2022-04-21 02:54:51,856 [INFO] mydebugs: After request debug logger
2022-04-21 02:54:51,885 [INFO] mydebugs: My debug Logger
2022-04-21 02:54:51,902 [INFO] mydebugs: My debug Logger
2022-04-21 02:55:38,290 [INFO] mydebugs: My debug Logger
2022-04-21 02:55:38,316 [INFO] mydebugs: After request debug logger
2022-04-21 02:55:38,334 [INFO] mydebugs: My debug Logger
2022-04-21 02:55:38,357 [INFO] mydebugs: My debug Logger
2022-04-21 02:55:39,539 [INFO] mydebugs: My debug Logger
2022-04-21 02:55:39,559 [INFO] mydebugs: After request debug logger
2022-04-21 02:55:39,577 [INFO] mydebugs: My debug Logger
2022-04-21 02:55:39,598 [INFO] mydebugs: My debug Logger
2022-04-21 02:55:40,134 [INFO] mydebugs: My debug Logger
2022-04-21 02:55:40,152 [INFO] mydebugs: After request debug logger
2022-04-21 02:55:40,179 [INFO] mydebugs: My debug Logger
2022-04-21 02:55:40,199 [INFO] mydebugs: My debug Logger
2022-04-21 02:55:40,462 [INFO] mydebugs: My debug Logger
2022-04-21 02:55:40,482 [INFO] mydebugs: After request debug logger
2022-04-21 02:55:40,500 [INFO] mydebugs: My debug Logger
2022-04-21 02:55:40,520 [INFO] mydebugs: My debug Logger
2022-04-21 02:55:41,853 [INFO] mydebugs: My debug Logger
2022-04-21 02:55:41,869 [INFO] mydebugs: After request debug logger
2022-04-21 02:55:41,899 [INFO] mydebugs: My debug Logger
2022-04-21 02:55:42,845 [INFO] mydebugs: My debug Logger
2022-04-21 02:55:42,860 [INFO] mydebugs: After request debug logger
2022-04-21 02:55:42,886 [INFO] mydebugs: My debug Logger
2022-04-21 02:56:09,676 [INFO] mydebugs: My debug Logger
2022-04-21 02:56:09,690 [INFO] mydebugs: After request debug logger
2022-04-21 02:56:09,709 [INFO] mydebugs: My debug Logger
2022-04-21 02:56:10,821 [INFO] mydebugs: My debug Logger
2022-04-21 02:56:10,836 [INFO] mydebugs: After request debug logger
2022-04-21 02:56:10,856 [INFO] mydebugs: My debug Logger
2022-04-21 02:56:11,240 [INFO] mydebugs: My debug Logger
2022-04-21 02:56:11,256 [INFO] mydebugs: After request debug logger
2022-04-21 02:56:11,275 [INFO] mydebugs: My debug Logger
2022-04-21 02:56:13,132 [INFO] mydebugs: My debug Logger
2022-04-21 02:56:13,149 [INFO] mydebugs: After request debug logger
2022-04-21 02:56:13,165 [INFO] mydebugs: My debug Logger
2022-04-21 02:56:13,742 [INFO] mydebugs: My debug Logger
2022-04-21 02:56:13,761 [INFO] mydebugs: After request debug logger
2022-04-21 02:56:13,783 [INFO] mydebugs: My debug Logger
2022-04-21 02:56:13,800 [INFO] mydebugs: My debug Logger
2022-04-21 19:49:52,314 [INFO] mydebugs: My debug Logger
2022-04-21 19:49:52,336 [INFO] mydebugs: After request debug logger
2022-04-21 19:49:52,370 [INFO] mydebugs: My debug Logger
2022-04-21 19:49:57,412 [INFO] mydebugs: My debug Logger
2022-04-21 19:49:57,435 [INFO] mydebugs: After request debug logger
2022-04-21 19:49:57,456 [INFO] mydebugs: My debug Logger
2022-04-21 19:49:58,273 [INFO] mydebugs: My debug Logger
2022-04-21 19:49:58,293 [INFO] mydebugs: After request debug logger
2022-04-21 19:49:58,321 [INFO] mydebugs: My debug Logger
2022-04-22 00:36:49,052 [INFO] mydebugs: Before app first request debug logger
2022-04-22 00:36:49,053 [INFO] mydebugs: My debug Logger
2022-04-22 00:36:49,239 [INFO] mydebugs: After request debug logger
2022-04-22 00:36:49,302 [INFO] mydebugs: My debug Logger
2022-04-22 00:36:54,859 [INFO] mydebugs: My debug Logger
2022-04-22 00:36:54,886 [INFO] mydebugs: After request debug logger
2022-04-22 00:36:54,913 [INFO] mydebugs: My debug Logger
2022-04-22 00:37:00,437 [INFO] mydebugs: My debug Logger
2022-04-22 00:37:00,464 [INFO] mydebugs: After request debug logger
2022-04-22 00:37:00,490 [INFO] mydebugs: My debug Logger
2022-04-22 00:37:10,125 [INFO] mydebugs: My debug Logger
2022-04-22 00:37:10,354 [INFO] mydebugs: After request debug logger
2022-04-22 00:37:10,363 [INFO] mydebugs: My debug Logger
2022-04-22 00:37:10,373 [INFO] mydebugs: After request debug logger
2022-04-22 00:37:10,381 [INFO] mydebugs: My debug Logger
2022-04-22 00:37:10,401 [INFO] mydebugs: After request debug logger
2022-04-22 00:37:10,430 [INFO] mydebugs: My debug Logger
2022-04-22 00:37:16,360 [INFO] mydebugs: My debug Logger
2022-04-22 00:37:16,453 [INFO] mydebugs: After request debug logger
2022-04-22 00:37:16,479 [INFO] mydebugs: My debug Logger
2022-04-22 00:37:16,499 [INFO] mydebugs: My debug Logger
2022-04-22 00:37:21,803 [INFO] mydebugs: My debug Logger
2022-04-22 00:37:21,824 [INFO] mydebugs: After request debug logger
2022-04-22 00:37:21,849 [INFO] mydebugs: My debug Logger
2022-04-22 00:37:27,466 [INFO] mydebugs: My debug Logger
2022-04-22 00:37:27,491 [INFO] mydebugs: After request debug logger
2022-04-22 00:37:27,519 [INFO] mydebugs: My debug Logger
2022-04-22 00:37:31,728 [INFO] mydebugs: My debug Logger
2022-04-22 00:37:31,754 [INFO] mydebugs: After request debug logger
2022-04-22 00:37:31,778 [INFO] mydebugs: My debug Logger
2022-04-22 00:37:39,267 [INFO] mydebugs: My debug Logger
2022-04-22 00:37:39,309 [INFO] mydebugs: After request debug logger
2022-04-22 00:37:39,317 [INFO] mydebugs: My debug Logger
2022-04-22 00:37:39,331 [INFO] mydebugs: After request debug logger
2022-04-22 00:37:39,362 [INFO] mydebugs: My debug Logger
2022-04-22 00:37:52,554 [INFO] mydebugs: My debug Logger
2022-04-22 00:37:52,584 [INFO] mydebugs: After request debug logger
2022-04-22 00:37:52,610 [INFO] mydebugs: My debug Logger
2022-04-22 00:37:53,929 [INFO] mydebugs: My debug Logger
2022-04-22 00:37:53,953 [INFO] mydebugs: After request debug logger
2022-04-22 00:37:53,974 [INFO] mydebugs: My debug Logger
2022-04-22 00:37:55,604 [INFO] mydebugs: My debug Logger
2022-04-22 00:37:55,625 [INFO] mydebugs: After request debug logger
2022-04-22 00:37:55,647 [INFO] mydebugs: My debug Logger
2022-04-22 00:37:55,664 [INFO] mydebugs: My debug Logger
2022-04-22 00:37:57,082 [INFO] mydebugs: My debug Logger
2022-04-22 00:37:57,099 [INFO] mydebugs: After request debug logger
2022-04-22 00:37:57,123 [INFO] mydebugs: My debug Logger
2022-04-22 00:38:06,201 [INFO] mydebugs: My debug Logger
2022-04-22 00:38:06,216 [INFO] mydebugs: After request debug logger
2022-04-22 00:38:06,222 [INFO] mydebugs: My debug Logger
2022-04-22 00:38:06,227 [INFO] mydebugs: After request debug logger
2022-04-22 00:38:06,250 [INFO] mydebugs: My debug Logger
2022-04-22 01:03:22,222 [INFO] mydebugs: Before app first request debug logger
2022-04-22 01:03:22,224 [INFO] mydebugs: My debug Logger
2022-04-22 01:03:22,382 [INFO] mydebugs: After request debug logger
2022-04-22 01:03:22,403 [INFO] mydebugs: My debug Logger
2022-04-22 01:03:30,697 [INFO] mydebugs: My debug Logger
2022-04-22 01:03:30,712 [INFO] mydebugs: After request debug logger
2022-04-22 01:03:30,737 [INFO] mydebugs: My debug Logger
2022-04-22 01:03:31,809 [INFO] mydebugs: My debug Logger
2022-04-22 01:03:31,828 [INFO] mydebugs: After request debug logger
2022-04-22 01:03:31,853 [INFO] mydebugs: My debug Logger
2022-04-22 01:03:32,706 [INFO] mydebugs: My debug Logger
2022-04-22 01:03:32,714 [INFO] mydebugs: After request debug logger
2022-04-22 01:03:32,738 [INFO] mydebugs: My debug Logger
2022-04-22 01:03:37,924 [INFO] mydebugs: My debug Logger
2022-04-22 01:03:37,938 [INFO] mydebugs: After request debug logger
2022-04-22 01:03:37,960 [INFO] mydebugs: My debug Logger
2022-04-22 01:03:51,014 [INFO] mydebugs: My debug Logger
2022-04-22 01:03:51,026 [INFO] mydebugs: After request debug logger
2022-04-22 01:03:51,050 [INFO] mydebugs: My debug Logger
2022-04-22 01:03:52,182 [INFO] mydebugs: My debug Logger
2022-04-22 01:03:52,189 [INFO] mydebugs: After request debug logger
2022-04-22 01:03:52,208 [INFO] mydebugs: My debug Logger
2022-04-22 01:03:52,915 [INFO] mydebugs: My debug Logger
2022-04-22 01:03:52,924 [INFO] mydebugs: After request debug logger
2022-04-22 01:03:52,943 [INFO] mydebugs: My debug Logger
2022-04-22 01:03:54,139 [INFO] mydebugs: My debug Logger
2022-04-22 01:03:54,146 [INFO] mydebugs: After request debug logger
2022-04-22 01:03:54,168 [INFO] mydebugs: My debug Logger
2022-04-22 01:03:55,845 [INFO] mydebugs: My debug Logger
2022-04-22 01:03:55,854 [INFO] mydebugs: After request debug logger
2022-04-22 01:03:55,873 [INFO] mydebugs: My debug Logger
2022-04-22 01:05:28,813 [INFO] mydebugs: My debug Logger
2022-04-22 01:06:17,926 [INFO] mydebugs: My debug Logger
2022-04-22 01:06:17,948 [INFO] mydebugs: After request debug logger
2022-04-22 01:06:17,969 [INFO] mydebugs: My debug Logger
2022-04-22 01:08:09,000 [INFO] mydebugs: My debug Logger
2022-04-22 01:08:09,029 [INFO] mydebugs: After request debug logger
2022-04-22 01:08:09,051 [INFO] mydebugs: My debug Logger
2022-04-22 01:10:10,503 [INFO] mydebugs: My debug Logger
2022-04-22 01:10:10,527 [INFO] mydebugs: After request debug logger
2022-04-22 01:10:10,548 [INFO] mydebugs: My debug Logger
2022-04-22 01:10:17,090 [INFO] mydebugs: My debug Logger
2022-04-22 01:10:17,097 [INFO] mydebugs: After request debug logger
2022-04-22 01:10:17,120 [INFO] mydebugs: My debug Logger
2022-04-22 01:10:18,979 [INFO] mydebugs: My debug Logger
2022-04-22 01:10:18,989 [INFO] mydebugs: After request debug logger
2022-04-22 01:10:19,010 [INFO] mydebugs: My debug Logger
2022-04-22 01:10:27,909 [INFO] mydebugs: My debug Logger
2022-04-22 01:10:27,951 [INFO] mydebugs: After request debug logger
2022-04-22 01:10:27,961 [INFO] mydebugs: My debug Logger
2022-04-22 01:10:27,967 [INFO] mydebugs: After request debug logger
2022-04-22 01:10:27,997 [INFO] mydebugs: My debug Logger
2022-04-22 01:10:45,728 [INFO] mydebugs: My debug Logger
2022-04-22 01:10:45,740 [INFO] mydebugs: After request debug logger
2022-04-22 01:10:45,749 [INFO] mydebugs: My debug Logger
2022-04-22 01:10:45,755 [INFO] mydebugs: After request debug logger
2022-04-22 01:10:45,774 [INFO] mydebugs: My debug Logger
2022-04-22 01:11:00,903 [INFO] mydebugs: My debug Logger
2022-04-22 01:11:01,081 [INFO] mydebugs: After request debug logger
2022-04-22 01:11:01,089 [INFO] mydebugs: My debug Logger
2022-04-22 01:11:01,095 [INFO] mydebugs: After request debug logger
2022-04-22 01:11:01,111 [INFO] mydebugs: My debug Logger
2022-04-22 01:11:11,799 [INFO] mydebugs: My debug Logger
2022-04-22 01:11:12,011 [INFO] mydebugs: After request debug logger
2022-04-22 01:11:12,019 [INFO] mydebugs: My debug Logger
2022-04-22 01:11:12,039 [INFO] mydebugs: After request debug logger
2022-04-22 01:11:12,071 [INFO] mydebugs: My debug Logger
2022-04-22 01:11:23,341 [INFO] mydebugs: My debug Logger
2022-04-22 01:11:23,357 [INFO] mydebugs: After request debug logger
2022-04-22 01:11:23,381 [INFO] mydebugs: My debug Logger
2022-04-22 01:11:25,380 [INFO] mydebugs: My debug Logger
2022-04-22 01:11:25,472 [INFO] mydebugs: After request debug logger
2022-04-22 01:11:25,498 [INFO] mydebugs: My debug Logger
2022-04-22 01:11:25,515 [INFO] mydebugs: My debug Logger
2022-04-22 01:14:04,118 [INFO] mydebugs: My debug Logger
2022-04-22 01:14:04,154 [INFO] mydebugs: After request debug logger
2022-04-22 01:14:04,170 [INFO] mydebugs: My debug Logger
2022-04-22 01:14:04,198 [INFO] mydebugs: My debug Logger
2022-04-22 01:14:05,264 [INFO] mydebugs: My debug Logger
2022-04-22 01:14:05,283 [INFO] mydebugs: After request debug logger
2022-04-22 01:14:05,300 [INFO] mydebugs: My debug Logger
2022-04-22 01:14:05,323 [INFO] mydebugs: My debug Logger
2022-04-22 01:14:06,398 [INFO] mydebugs: My debug Logger
2022-04-22 01:14:06,415 [INFO] mydebugs: After request debug logger
2022-04-22 01:14:06,442 [INFO] mydebugs: My debug Logger
2022-04-22 01:14:07,506 [INFO] mydebugs: My debug Logger
2022-04-22 01:14:07,521 [INFO] mydebugs: After request debug logger
2022-04-22 01:14:07,541 [INFO] mydebugs: My debug Logger
2022-04-22 01:14:07,724 [INFO] mydebugs: My debug Logger
2022-04-22 01:14:07,739 [INFO] mydebugs: After request debug logger
2022-04-22 01:14:07,758 [INFO] mydebugs: My debug Logger
2022-04-22 01:14:08,770 [INFO] mydebugs: My debug Logger
2022-04-22 01:14:08,784 [INFO] mydebugs: After request debug logger
2022-04-22 01:14:08,802 [INFO] mydebugs: My debug Logger
2022-04-22 01:15:31,458 [INFO] mydebugs: My debug Logger
2022-04-22 01:15:31,487 [INFO] mydebugs: After request debug logger
2022-04-22 01:15:31,506 [INFO] mydebugs: My debug Logger
2022-04-22 01:16:02,678 [INFO] mydebugs: My debug Logger
2022-04-22 01:16:02,707 [INFO] mydebugs: After request debug logger
2022-04-22 01:16:02,729 [INFO] mydebugs: My debug Logger
2022-04-22 01:16:05,015 [INFO] mydebugs: My debug Logger
2022-04-22 01:16:05,031 [INFO] mydebugs: After request debug logger
2022-04-22 01:16:05,055 [INFO] mydebugs: My debug Logger
2022-04-22 01:16:06,215 [INFO] mydebugs: My debug Logger
2022-04-22 01:16:06,234 [INFO] mydebugs: After request debug logger
2022-04-22 01:16:06,257 [INFO] mydebugs: My debug Logger
2022-04-22 01:16:06,278 [INFO] mydebugs: My debug Logger
2022-04-22 01:16:12,131 [INFO] mydebugs: My debug Logger
2022-04-22 01:16:12,151 [INFO] mydebugs: After request debug logger
2022-04-22 01:16:12,169 [INFO] mydebugs: My debug Logger
2022-04-22 01:16:12,193 [INFO] mydebugs: My debug Logger
2022-04-22 01:16:13,361 [INFO] mydebugs: My debug Logger
2022-04-22 01:16:13,378 [INFO] mydebugs: After request debug logger
2022-04-22 01:16:13,405 [INFO] mydebugs: My debug Logger
2022-04-22 01:16:15,352 [INFO] mydebugs: My debug Logger
2022-04-22 01:16:15,370 [INFO] mydebugs: After request debug logger
2022-04-22 01:16:15,398 [INFO] mydebugs: My debug Logger
2022-04-22 01:16:15,418 [INFO] mydebugs: My debug Logger
2022-04-22 01:17:12,465 [INFO] mydebugs: My debug Logger
2022-04-22 01:17:12,499 [INFO] mydebugs: After request debug logger
2022-04-22 01:17:12,518 [INFO] mydebugs: My debug Logger
2022-04-22 01:17:12,540 [INFO] mydebugs: My debug Logger
2022-04-22 01:17:14,505 [INFO] mydebugs: My debug Logger
2022-04-22 01:17:14,532 [INFO] mydebugs: After request debug logger
2022-04-22 01:17:14,540 [INFO] mydebugs: My debug Logger
2022-04-22 01:17:14,545 [INFO] mydebugs: After request debug logger
2022-04-22 01:17:14,565 [INFO] mydebugs: My debug Logger
2022-04-22 01:17:19,412 [INFO] mydebugs: My debug Logger
2022-04-22 01:17:19,419 [INFO] mydebugs: After request debug logger
2022-04-22 01:17:19,435 [INFO] mydebugs: My debug Logger
2022-04-22 01:17:23,669 [INFO] mydebugs: My debug Logger
2022-04-22 01:17:23,679 [INFO] mydebugs: After request debug logger
2022-04-22 01:17:23,700 [INFO] mydebugs: My debug Logger
2022-04-22 01:18:05,773 [INFO] mydebugs: My debug Logger
2022-04-22 01:18:05,795 [INFO] mydebugs: After request debug logger
2022-04-22 01:18:05,813 [INFO] mydebugs: My debug Logger
2022-04-22 01:18:08,397 [INFO] mydebugs: My debug Logger
2022-04-22 01:18:08,407 [INFO] mydebugs: After request debug logger
2022-04-22 01:18:08,434 [INFO] mydebugs: My debug Logger
2022-04-22 01:18:16,750 [INFO] mydebugs: My debug Logger
2022-04-22 01:18:16,951 [INFO] mydebugs: After request debug logger
2022-04-22 01:18:16,959 [INFO] mydebugs: My debug Logger
2022-04-22 01:18:16,972 [INFO] mydebugs: After request debug logger
2022-04-22 01:18:17,021 [INFO] mydebugs: My debug Logger
2022-04-22 01:18:23,805 [INFO] mydebugs: My debug Logger
2022-04-22 01:18:23,823 [INFO] mydebugs: After request debug logger
2022-04-22 01:18:23,846 [INFO] mydebugs: My debug Logger
2022-04-22 01:18:23,861 [INFO] mydebugs: My debug Logger
2022-04-22 01:18:25,330 [INFO] mydebugs: My debug Logger
2022-04-22 01:18:25,345 [INFO] mydebugs: After request debug logger
2022-04-22 01:18:25,369 [INFO] mydebugs: My debug Logger
2022-04-22 01:18:32,034 [INFO] mydebugs: My debug Logger
2022-04-22 01:18:32,061 [INFO] mydebugs: After request debug logger
2022-04-22 01:18:32,069 [INFO] mydebugs: My debug Logger
2022-04-22 01:18:32,076 [INFO] mydebugs: After request debug logger
2022-04-22 01:18:32,096 [INFO] mydebugs: My debug Logger
2022-04-22 01:21:33,044 [INFO] mydebugs: My debug Logger
2022-04-22 01:21:33,071 [INFO] mydebugs: After request debug logger
2022-04-22 01:21:33,091 [INFO] mydebugs: My debug Logger
2022-04-22 01:21:33,111 [INFO] mydebugs: My debug Logger
2022-04-22 01:22:21,344 [INFO] mydebugs: My debug Logger
2022-04-22 01:22:21,351 [INFO] mydebugs: After request debug logger
2022-04-22 01:22:21,370 [INFO] mydebugs: My debug Logger
2022-04-22 01:22:21,376 [INFO] mydebugs: My debug Logger
2022-04-22 01:22:22,475 [INFO] mydebugs: My debug Logger
2022-04-22 01:22:22,483 [INFO] mydebugs: After request debug logger
2022-04-22 01:22:22,507 [INFO] mydebugs: My debug Logger
2022-04-22 01:22:22,509 [INFO] mydebugs: My debug Logger
2022-04-22 01:22:34,775 [INFO] mydebugs: My debug Logger
2022-04-22 01:22:34,782 [INFO] mydebugs: After request debug logger
2022-04-22 01:22:34,798 [INFO] mydebugs: My debug Logger
2022-04-22 01:22:34,807 [INFO] mydebugs: My debug Logger
2022-04-22 01:22:38,984 [INFO] mydebugs: My debug Logger
2022-04-22 01:22:38,990 [INFO] mydebugs: After request debug logger
2022-04-22 01:22:39,010 [INFO] mydebugs: My debug Logger
2022-04-22 01:22:39,011 [INFO] mydebugs: My debug Logger
2022-04-22 01:22:40,128 [INFO] mydebugs: My debug Logger
2022-04-22 01:22:40,136 [INFO] mydebugs: After request debug logger
2022-04-22 01:22:40,157 [INFO] mydebugs: My debug Logger
2022-04-22 01:22:40,158 [INFO] mydebugs: My debug Logger
2022-04-22 01:22:40,881 [INFO] mydebugs: My debug Logger
2022-04-22 01:22:40,888 [INFO] mydebugs: After request debug logger
2022-04-22 01:22:40,915 [INFO] mydebugs: My debug Logger
2022-04-22 01:22:40,916 [INFO] mydebugs: My debug Logger
2022-04-22 01:22:41,542 [INFO] mydebugs: My debug Logger
2022-04-22 01:22:41,548 [INFO] mydebugs: After request debug logger
2022-04-22 01:22:41,569 [INFO] mydebugs: My debug Logger
2022-04-22 01:22:41,569 [INFO] mydebugs: My debug Logger
2022-04-22 01:22:42,305 [INFO] mydebugs: My debug Logger
2022-04-22 01:22:42,312 [INFO] mydebugs: After request debug logger
2022-04-22 01:22:42,329 [INFO] mydebugs: My debug Logger
2022-04-22 01:22:42,329 [INFO] mydebugs: My debug Logger
2022-04-22 01:22:43,022 [INFO] mydebugs: My debug Logger
2022-04-22 01:22:43,028 [INFO] mydebugs: After request debug logger
2022-04-22 01:22:43,043 [INFO] mydebugs: My debug Logger
2022-04-22 01:22:43,048 [INFO] mydebugs: My debug Logger
2022-04-22 01:23:30,499 [INFO] mydebugs: My debug Logger
2022-04-22 01:23:30,505 [INFO] mydebugs: After request debug logger
2022-04-22 01:23:30,525 [INFO] mydebugs: My debug Logger
2022-04-22 01:23:30,530 [INFO] mydebugs: My debug Logger
2022-04-22 01:23:33,263 [INFO] mydebugs: My debug Logger
2022-04-22 01:23:33,268 [INFO] mydebugs: After request debug logger
2022-04-22 01:23:33,288 [INFO] mydebugs: My debug Logger
2022-04-22 01:23:33,289 [INFO] mydebugs: My debug Logger
2022-04-22 01:23:34,229 [INFO] mydebugs: My debug Logger
2022-04-22 01:23:34,237 [INFO] mydebugs: After request debug logger
2022-04-22 01:23:34,260 [INFO] mydebugs: My debug Logger
2022-04-22 01:23:34,260 [INFO] mydebugs: My debug Logger
2022-04-22 01:23:35,356 [INFO] mydebugs: My debug Logger
2022-04-22 01:23:35,371 [INFO] mydebugs: After request debug logger
2022-04-22 01:23:35,393 [INFO] mydebugs: My debug Logger
2022-04-22 01:23:35,399 [INFO] mydebugs: My debug Logger
2022-04-22 01:23:35,442 [INFO] mydebugs: My debug Logger
2022-04-22 01:23:35,447 [INFO] mydebugs: My debug Logger
2022-04-22 01:23:35,450 [INFO] mydebugs: My debug Logger
2022-04-22 01:23:35,453 [INFO] mydebugs: My debug Logger
2022-04-22 01:23:35,455 [INFO] mydebugs: My debug Logger
2022-04-22 01:23:35,455 [INFO] mydebugs: My debug Logger
2022-04-22 01:23:35,481 [INFO] mydebugs: My debug Logger
2022-04-22 01:23:35,515 [INFO] mydebugs: My debug Logger
2022-04-22 01:23:35,516 [INFO] mydebugs: My debug Logger
2022-04-22 01:23:46,045 [INFO] mydebugs: My debug Logger
2022-04-22 01:23:46,051 [INFO] mydebugs: After request debug logger
2022-04-22 01:23:46,075 [INFO] mydebugs: My debug Logger
2022-04-22 01:23:46,081 [INFO] mydebugs: My debug Logger
2022-04-22 01:23:46,870 [INFO] mydebugs: My debug Logger
2022-04-22 01:23:46,875 [INFO] mydebugs: After request debug logger
2022-04-22 01:23:46,892 [INFO] mydebugs: My debug Logger
2022-04-22 01:23:46,894 [INFO] mydebugs: My debug Logger
2022-04-22 01:24:57,317 [INFO] mydebugs: My debug Logger
2022-04-22 01:24:57,323 [INFO] mydebugs: After request debug logger
2022-04-22 01:24:57,342 [INFO] mydebugs: My debug Logger
2022-04-22 01:24:57,348 [INFO] mydebugs: My debug Logger
2022-04-22 01:24:58,222 [INFO] mydebugs: My debug Logger
2022-04-22 01:24:58,228 [INFO] mydebugs: After request debug logger
2022-04-22 01:24:58,267 [INFO] mydebugs: My debug Logger
2022-04-22 01:24:58,268 [INFO] mydebugs: My debug Logger
2022-04-22 01:24:58,435 [INFO] mydebugs: My debug Logger
2022-04-22 01:24:58,441 [INFO] mydebugs: After request debug logger
2022-04-22 01:24:58,463 [INFO] mydebugs: My debug Logger
2022-04-22 01:24:58,463 [INFO] mydebugs: My debug Logger
2022-04-22 01:28:40,911 [INFO] mydebugs: Before app first request debug logger
2022-04-22 01:28:40,912 [INFO] mydebugs: My debug Logger
2022-04-22 01:28:41,064 [INFO] mydebugs: After request debug logger
2022-04-22 01:28:41,113 [INFO] mydebugs: My debug Logger
2022-04-22 01:28:41,114 [INFO] mydebugs: My debug Logger
2022-04-22 01:32:07,683 [INFO] mydebugs: My debug Logger
2022-04-22 01:32:07,698 [INFO] mydebugs: After request debug logger
2022-04-22 01:32:07,731 [INFO] mydebugs: My debug Logger
2022-04-22 01:32:07,742 [INFO] mydebugs: My debug Logger
2022-04-22 01:32:09,486 [INFO] mydebugs: My debug Logger
2022-04-22 01:32:09,492 [INFO] mydebugs: After request debug logger
2022-04-22 01:32:09,513 [INFO] mydebugs: My debug Logger
2022-04-22 01:32:09,514 [INFO] mydebugs: My debug Logger
2022-04-22 01:32:10,474 [INFO] mydebugs: My debug Logger
2022-04-22 01:32:10,480 [INFO] mydebugs: After request debug logger
2022-04-22 01:32:10,501 [INFO] mydebugs: My debug Logger
2022-04-22 01:32:10,501 [INFO] mydebugs: My debug Logger
2022-04-22 01:32:11,408 [INFO] mydebugs: My debug Logger
2022-04-22 01:32:11,417 [INFO] mydebugs: After request debug logger
2022-04-22 01:32:11,460 [INFO] mydebugs: My debug Logger
2022-04-22 01:32:11,468 [INFO] mydebugs: My debug Logger
2022-04-22 01:32:12,914 [INFO] mydebugs: My debug Logger
2022-04-22 01:32:12,921 [INFO] mydebugs: After request debug logger
2022-04-22 01:32:12,937 [INFO] mydebugs: My debug Logger
2022-04-22 01:32:12,942 [INFO] mydebugs: My debug Logger
2022-04-22 01:55:31,485 [INFO] mydebugs: My debug Logger
2022-04-22 01:55:31,491 [INFO] mydebugs: After request debug logger
2022-04-22 01:55:31,514 [INFO] mydebugs: My debug Logger
2022-04-22 01:55:31,523 [INFO] mydebugs: My debug Logger
2022-04-22 01:55:32,931 [INFO] mydebugs: My debug Logger
2022-04-22 01:55:32,937 [INFO] mydebugs: After request debug logger
2022-04-22 01:55:32,957 [INFO] mydebugs: My debug Logger
2022-04-22 01:55:32,957 [INFO] mydebugs: My debug Logger
2022-04-22 01:55:33,885 [INFO] mydebugs: My debug Logger
2022-04-22 01:55:33,891 [INFO] mydebugs: After request debug logger
2022-04-22 01:55:33,909 [INFO] mydebugs: My debug Logger
2022-04-22 01:55:33,909 [INFO] mydebugs: My debug Logger
2022-04-22 01:55:35,118 [INFO] mydebugs: My debug Logger
2022-04-22 01:55:35,124 [INFO] mydebugs: After request debug logger
2022-04-22 01:55:35,141 [INFO] mydebugs: My debug Logger
2022-04-22 01:55:35,142 [INFO] mydebugs: My debug Logger
2022-04-22 01:56:03,385 [INFO] mydebugs: Before app first request debug logger
2022-04-22 01:56:03,387 [INFO] mydebugs: My debug Logger
2022-04-22 01:56:03,556 [INFO] mydebugs: After request debug logger
2022-04-22 01:56:03,577 [INFO] mydebugs: My debug Logger
2022-04-22 01:56:03,584 [INFO] mydebugs: My debug Logger
2022-04-22 01:56:03,600 [INFO] mydebugs: My debug Logger
2022-04-22 01:56:03,617 [INFO] mydebugs: My debug Logger
2022-04-22 01:56:03,620 [INFO] mydebugs: My debug Logger
2022-04-22 01:56:03,624 [INFO] mydebugs: My debug Logger
2022-04-22 01:56:03,626 [INFO] mydebugs: My debug Logger
2022-04-22 01:56:03,629 [INFO] mydebugs: My debug Logger
2022-04-22 01:56:03,676 [INFO] mydebugs: My debug Logger
2022-04-22 01:56:03,681 [INFO] mydebugs: My debug Logger
2022-04-22 01:56:03,686 [INFO] mydebugs: My debug Logger
2022-04-22 01:56:04,399 [INFO] mydebugs: My debug Logger
2022-04-22 01:56:04,411 [INFO] mydebugs: After request debug logger
2022-04-22 01:56:04,432 [INFO] mydebugs: My debug Logger
2022-04-22 01:56:04,432 [INFO] mydebugs: My debug Logger
2022-04-22 01:56:05,207 [INFO] mydebugs: My debug Logger
2022-04-22 01:56:05,213 [INFO] mydebugs: After request debug logger
2022-04-22 01:56:05,232 [INFO] mydebugs: My debug Logger
2022-04-22 01:56:05,233 [INFO] mydebugs: My debug Logger
2022-04-22 01:56:05,465 [INFO] mydebugs: My debug Logger
2022-04-22 01:56:05,470 [INFO] mydebugs: After request debug logger
2022-04-22 01:56:05,485 [INFO] mydebugs: My debug Logger
2022-04-22 01:56:05,490 [INFO] mydebugs: My debug Logger
2022-04-22 01:56:06,043 [INFO] mydebugs: My debug Logger
2022-04-22 01:56:06,051 [INFO] mydebugs: After request debug logger
2022-04-22 01:56:06,079 [INFO] mydebugs: My debug Logger
2022-04-22 01:56:06,080 [INFO] mydebugs: My debug Logger
2022-04-22 01:56:06,913 [INFO] mydebugs: My debug Logger
2022-04-22 01:56:06,919 [INFO] mydebugs: After request debug logger
2022-04-22 01:56:06,938 [INFO] mydebugs: My debug Logger
2022-04-22 01:56:06,939 [INFO] mydebugs: My debug Logger
2022-04-22 01:56:06,974 [INFO] mydebugs: My debug Logger
2022-04-22 01:56:06,979 [INFO] mydebugs: My debug Logger
2022-04-22 01:56:06,982 [INFO] mydebugs: My debug Logger
2022-04-22 01:56:06,984 [INFO] mydebugs: My debug Logger
2022-04-22 01:56:06,989 [INFO] mydebugs: My debug Logger
2022-04-22 01:56:06,992 [INFO] mydebugs: My debug Logger
2022-04-22 01:56:07,019 [INFO] mydebugs: My debug Logger
2022-04-22 01:56:07,039 [INFO] mydebugs: My debug Logger
2022-04-22 01:56:07,042 [INFO] mydebugs: My debug Logger
2022-04-22 01:56:09,861 [INFO] mydebugs: My debug Logger
2022-04-22 01:56:09,867 [INFO] mydebugs: After request debug logger
2022-04-22 01:56:09,891 [INFO] mydebugs: My debug Logger
2022-04-22 01:56:09,895 [INFO] mydebugs: My debug Logger
2022-04-22 01:56:12,814 [INFO] mydebugs: My debug Logger
2022-04-22 01:56:12,820 [INFO] mydebugs: After request debug logger
2022-04-22 01:56:12,838 [INFO] mydebugs: My debug Logger
2022-04-22 01:56:12,839 [INFO] mydebugs: My debug Logger
2022-04-22 01:56:12,872 [INFO] mydebugs: My debug Logger
2022-04-22 01:56:12,873 [INFO] mydebugs: My debug Logger
2022-04-22 01:56:12,874 [INFO] mydebugs: My debug Logger
2022-04-22 01:56:12,876 [INFO] mydebugs: My debug Logger
2022-04-22 01:56:12,877 [INFO] mydebugs: My debug Logger
2022-04-22 01:56:12,905 [INFO] mydebugs: My debug Logger
2022-04-22 01:56:12,915 [INFO] mydebugs: My debug Logger
2022-04-22 01:56:12,917 [INFO] mydebugs: My debug Logger
2022-04-22 01:56:12,918 [INFO] mydebugs: My debug Logger
2022-04-22 01:56:18,162 [INFO] mydebugs: My debug Logger
2022-04-22 01:56:18,170 [INFO] mydebugs: After request debug logger
2022-04-22 01:56:18,199 [INFO] mydebugs: My debug Logger
2022-04-22 01:56:18,203 [INFO] mydebugs: My debug Logger
2022-04-22 01:56:20,108 [INFO] mydebugs: My debug Logger
2022-04-22 01:56:20,122 [INFO] mydebugs: After request debug logger
2022-04-22 01:56:20,144 [INFO] mydebugs: My debug Logger
2022-04-22 01:56:20,144 [INFO] mydebugs: My debug Logger
2022-04-22 01:56:23,043 [INFO] mydebugs: My debug Logger
2022-04-22 01:56:23,060 [INFO] mydebugs: After request debug logger
2022-04-22 01:56:23,084 [INFO] mydebugs: My debug Logger
2022-04-22 01:56:23,087 [INFO] mydebugs: My debug Logger
2022-04-22 01:56:33,145 [INFO] mydebugs: My debug Logger
2022-04-22 01:56:33,151 [INFO] mydebugs: After request debug logger
2022-04-22 01:56:33,191 [INFO] mydebugs: My debug Logger
2022-04-22 01:56:33,193 [INFO] mydebugs: My debug Logger
2022-04-22 01:56:33,196 [INFO] mydebugs: My debug Logger
2022-04-22 01:56:33,200 [INFO] mydebugs: My debug Logger
2022-04-22 01:56:33,213 [INFO] mydebugs: My debug Logger
2022-04-22 01:56:33,216 [INFO] mydebugs: My debug Logger
2022-04-22 01:56:33,238 [INFO] mydebugs: My debug Logger
2022-04-22 01:56:33,255 [INFO] mydebugs: My debug Logger
2022-04-22 01:56:33,262 [INFO] mydebugs: My debug Logger
2022-04-22 01:56:33,264 [INFO] mydebugs: My debug Logger
2022-04-22 01:56:33,265 [INFO] mydebugs: My debug Logger
2022-04-22 01:56:34,297 [INFO] mydebugs: My debug Logger
2022-04-22 01:56:34,304 [INFO] mydebugs: My debug Logger
2022-04-22 01:56:34,329 [INFO] mydebugs: My debug Logger
2022-04-22 01:56:34,330 [INFO] mydebugs: My debug Logger
2022-04-22 01:56:34,357 [INFO] mydebugs: My debug Logger
2022-04-22 01:56:34,360 [INFO] mydebugs: My debug Logger
2022-04-22 01:56:34,361 [INFO] mydebugs: My debug Logger
2022-04-22 01:56:34,362 [INFO] mydebugs: My debug Logger
2022-04-22 01:56:34,363 [INFO] mydebugs: My debug Logger
2022-04-22 01:56:34,364 [INFO] mydebugs: My debug Logger
2022-04-22 01:56:34,415 [INFO] mydebugs: My debug Logger
2022-04-22 02:01:51,052 [INFO] mydebugs: Before app first request debug logger
2022-04-22 02:01:51,054 [INFO] mydebugs: My debug Logger
2022-04-22 02:01:51,218 [INFO] mydebugs: After request debug logger
2022-04-22 02:01:51,242 [INFO] mydebugs: My debug Logger
2022-04-22 02:01:51,249 [INFO] mydebugs: My debug Logger
2022-04-22 02:01:52,816 [INFO] mydebugs: My debug Logger
2022-04-22 02:01:52,824 [INFO] mydebugs: After request debug logger
2022-04-22 02:01:52,846 [INFO] mydebugs: My debug Logger
2022-04-22 02:01:52,846 [INFO] mydebugs: My debug Logger
2022-04-22 02:01:53,688 [INFO] mydebugs: My debug Logger
2022-04-22 02:01:53,695 [INFO] mydebugs: After request debug logger
2022-04-22 02:01:53,713 [INFO] mydebugs: My debug Logger
2022-04-22 02:01:53,714 [INFO] mydebugs: My debug Logger
2022-04-22 02:04:18,099 [INFO] mydebugs: Before app first request debug logger
2022-04-22 02:04:18,100 [INFO] mydebugs: My debug Logger
2022-04-22 02:04:18,247 [INFO] mydebugs: After request debug logger
2022-04-22 02:04:18,265 [INFO] mydebugs: My debug Logger
2022-04-22 02:04:18,277 [INFO] mydebugs: My debug Logger
2022-04-22 02:04:18,944 [INFO] mydebugs: My debug Logger
2022-04-22 02:04:18,951 [INFO] mydebugs: After request debug logger
2022-04-22 02:04:18,969 [INFO] mydebugs: My debug Logger
2022-04-22 02:04:18,969 [INFO] mydebugs: My debug Logger
2022-04-22 02:04:19,996 [INFO] mydebugs: My debug Logger
2022-04-22 02:04:20,002 [INFO] mydebugs: After request debug logger
2022-04-22 02:04:20,024 [INFO] mydebugs: My debug Logger
2022-04-22 02:04:20,025 [INFO] mydebugs: My debug Logger
2022-04-22 02:04:21,229 [INFO] mydebugs: My debug Logger
2022-04-22 02:04:21,252 [INFO] mydebugs: After request debug logger
2022-04-22 02:04:21,277 [INFO] mydebugs: My debug Logger
2022-04-22 02:04:21,278 [INFO] mydebugs: My debug Logger
2022-04-22 02:04:21,323 [INFO] mydebugs: My debug Logger
2022-04-22 02:04:21,324 [INFO] mydebugs: My debug Logger
2022-04-22 02:04:21,326 [INFO] mydebugs: My debug Logger
2022-04-22 02:04:21,329 [INFO] mydebugs: My debug Logger
2022-04-22 02:04:21,331 [INFO] mydebugs: My debug Logger
2022-04-22 02:04:21,332 [INFO] mydebugs: My debug Logger
2022-04-22 02:04:21,385 [INFO] mydebugs: My debug Logger
2022-04-22 02:04:21,388 [INFO] mydebugs: My debug Logger
2022-04-22 02:04:21,397 [INFO] mydebugs: My debug Logger
2022-04-22 02:04:22,128 [INFO] mydebugs: My debug Logger
2022-04-22 02:04:22,140 [INFO] mydebugs: After request debug logger
2022-04-22 02:04:22,170 [INFO] mydebugs: My debug Logger
2022-04-22 02:04:22,171 [INFO] mydebugs: My debug Logger
2022-04-22 02:04:22,968 [INFO] mydebugs: My debug Logger
2022-04-22 02:04:22,974 [INFO] mydebugs: After request debug logger
2022-04-22 02:04:23,000 [INFO] mydebugs: My debug Logger
2022-04-22 02:04:23,001 [INFO] mydebugs: My debug Logger
2022-04-22 02:04:23,204 [INFO] mydebugs: My debug Logger
2022-04-22 02:04:23,210 [INFO] mydebugs: After request debug logger
2022-04-22 02:04:23,228 [INFO] mydebugs: My debug Logger
2022-04-22 02:04:23,228 [INFO] mydebugs: My debug Logger
2022-04-22 02:04:23,385 [INFO] mydebugs: My debug Logger
2022-04-22 02:04:23,392 [INFO] mydebugs: After request debug logger
2022-04-22 02:04:23,414 [INFO] mydebugs: My debug Logger
2022-04-22 02:04:23,420 [INFO] mydebugs: My debug Logger
2022-04-22 02:04:24,107 [INFO] mydebugs: My debug Logger
2022-04-22 02:04:24,113 [INFO] mydebugs: After request debug logger
2022-04-22 02:04:24,134 [INFO] mydebugs: My debug Logger
2022-04-22 02:04:24,135 [INFO] mydebugs: My debug Logger
2022-04-22 02:04:25,182 [INFO] mydebugs: My debug Logger
2022-04-22 02:04:25,188 [INFO] mydebugs: After request debug logger
2022-04-22 02:04:25,207 [INFO] mydebugs: My debug Logger
2022-04-22 02:04:25,207 [INFO] mydebugs: My debug Logger
2022-04-22 02:04:25,246 [INFO] mydebugs: My debug Logger
2022-04-22 02:04:25,248 [INFO] mydebugs: My debug Logger
2022-04-22 02:04:25,249 [INFO] mydebugs: My debug Logger
2022-04-22 02:04:25,252 [INFO] mydebugs: My debug Logger
2022-04-22 02:04:25,254 [INFO] mydebugs: My debug Logger
2022-04-22 02:04:25,260 [INFO] mydebugs: My debug Logger
2022-04-22 02:04:25,294 [INFO] mydebugs: My debug Logger
2022-04-22 02:04:25,302 [INFO] mydebugs: My debug Logger
2022-04-22 02:04:25,313 [INFO] mydebugs: My debug Logger
2022-04-22 02:04:27,796 [INFO] mydebugs: My debug Logger
2022-04-22 02:04:27,812 [INFO] mydebugs: After request debug logger
2022-04-22 02:04:27,838 [INFO] mydebugs: My debug Logger
2022-04-22 02:04:27,844 [INFO] mydebugs: My debug Logger
2022-04-22 02:04:28,874 [INFO] mydebugs: My debug Logger
2022-04-22 02:04:28,881 [INFO] mydebugs: After request debug logger
2022-04-22 02:04:28,902 [INFO] mydebugs: My debug Logger
2022-04-22 02:04:28,905 [INFO] mydebugs: My debug Logger
2022-04-22 02:09:25,285 [INFO] mydebugs: Before app first request debug logger
2022-04-22 02:09:25,286 [INFO] mydebugs: My debug Logger
2022-04-22 02:09:25,446 [INFO] mydebugs: After request debug logger
2022-04-22 02:09:25,463 [INFO] mydebugs: My debug Logger
2022-04-22 02:09:25,473 [INFO] mydebugs: My debug Logger
2022-04-22 02:09:25,504 [INFO] mydebugs: My debug Logger
2022-04-22 02:09:25,506 [INFO] mydebugs: My debug Logger
2022-04-22 02:09:25,509 [INFO] mydebugs: My debug Logger
2022-04-22 02:09:25,510 [INFO] mydebugs: My debug Logger
2022-04-22 02:09:27,142 [INFO] mydebugs: My debug Logger
2022-04-22 02:09:27,163 [INFO] mydebugs: After request debug logger
2022-04-22 02:09:27,186 [INFO] mydebugs: My debug Logger
2022-04-22 02:09:27,187 [INFO] mydebugs: My debug Logger
2022-04-22 02:09:27,209 [INFO] mydebugs: My debug Logger
2022-04-22 02:09:27,876 [INFO] mydebugs: My debug Logger
2022-04-22 02:09:27,897 [INFO] mydebugs: After request debug logger
2022-04-22 02:09:27,920 [INFO] mydebugs: My debug Logger
2022-04-22 02:09:27,920 [INFO] mydebugs: My debug Logger
2022-04-22 02:09:27,941 [INFO] mydebugs: My debug Logger
2022-04-22 02:09:28,202 [INFO] mydebugs: My debug Logger
2022-04-22 02:09:28,208 [INFO] mydebugs: After request debug logger
2022-04-22 02:09:28,230 [INFO] mydebugs: My debug Logger
2022-04-22 02:09:28,231 [INFO] mydebugs: My debug Logger
2022-04-22 02:09:28,253 [INFO] mydebugs: My debug Logger
2022-04-22 02:10:55,906 [INFO] mydebugs: My debug Logger
2022-04-22 02:10:55,919 [INFO] mydebugs: After request debug logger
2022-04-22 02:10:55,943 [INFO] mydebugs: My debug Logger
2022-04-22 02:10:55,948 [INFO] mydebugs: My debug Logger
2022-04-22 02:10:55,968 [INFO] mydebugs: My debug Logger
2022-04-22 02:10:55,988 [INFO] mydebugs: My debug Logger
2022-04-22 02:10:55,990 [INFO] mydebugs: My debug Logger
2022-04-22 02:10:55,991 [INFO] mydebugs: My debug Logger
2022-04-22 02:10:55,994 [INFO] mydebugs: My debug Logger
2022-04-22 02:10:56,014 [INFO] mydebugs: My debug Logger
2022-04-22 02:10:56,016 [INFO] mydebugs: My debug Logger
2022-04-22 02:10:56,047 [INFO] mydebugs: My debug Logger
2022-04-22 02:10:56,048 [INFO] mydebugs: My debug Logger
2022-04-22 02:10:56,720 [INFO] mydebugs: My debug Logger
2022-04-22 02:10:56,722 [INFO] mydebugs: After request debug logger
2022-04-22 02:10:56,731 [INFO] mydebugs: My debug Logger
2022-04-22 02:10:56,739 [INFO] mydebugs: After request debug logger
2022-04-22 02:10:56,762 [INFO] mydebugs: My debug Logger
2022-04-22 02:10:56,763 [INFO] mydebugs: My debug Logger
2022-04-22 02:10:56,806 [INFO] mydebugs: My debug Logger
2022-04-22 02:10:56,807 [INFO] mydebugs: My debug Logger
2022-04-22 02:10:56,811 [INFO] mydebugs: My debug Logger
2022-04-22 02:10:56,812 [INFO] mydebugs: My debug Logger
2022-04-22 02:10:56,813 [INFO] mydebugs: My debug Logger
2022-04-22 02:10:56,815 [INFO] mydebugs: My debug Logger
2022-04-22 02:10:56,844 [INFO] mydebugs: My debug Logger
2022-04-22 02:10:56,858 [INFO] mydebugs: My debug Logger
2022-04-22 02:10:56,860 [INFO] mydebugs: My debug Logger
2022-04-22 02:10:58,017 [INFO] mydebugs: My debug Logger
2022-04-22 02:10:58,024 [INFO] mydebugs: After request debug logger
2022-04-22 02:10:58,049 [INFO] mydebugs: My debug Logger
2022-04-22 02:10:58,050 [INFO] mydebugs: My debug Logger
2022-04-22 02:10:58,100 [INFO] mydebugs: My debug Logger
2022-04-22 02:10:58,102 [INFO] mydebugs: My debug Logger
2022-04-22 02:10:58,106 [INFO] mydebugs: My debug Logger
2022-04-22 02:10:58,107 [INFO] mydebugs: My debug Logger
2022-04-22 02:10:58,108 [INFO] mydebugs: My debug Logger
2022-04-22 02:10:58,111 [INFO] mydebugs: My debug Logger
2022-04-22 02:10:58,151 [INFO] mydebugs: My debug Logger
2022-04-22 02:10:58,153 [INFO] mydebugs: My debug Logger
2022-04-22 02:10:58,159 [INFO] mydebugs: My debug Logger
2022-04-22 02:10:58,601 [INFO] mydebugs: My debug Logger
2022-04-22 02:10:58,607 [INFO] mydebugs: After request debug logger
2022-04-22 02:10:58,628 [INFO] mydebugs: My debug Logger
2022-04-22 02:10:58,635 [INFO] mydebugs: My debug Logger
2022-04-22 02:10:58,682 [INFO] mydebugs: My debug Logger
2022-04-22 02:10:58,687 [INFO] mydebugs: My debug Logger
2022-04-22 02:10:58,696 [INFO] mydebugs: My debug Logger
2022-04-22 02:10:58,698 [INFO] mydebugs: My debug Logger
2022-04-22 02:10:58,700 [INFO] mydebugs: My debug Logger
2022-04-22 02:10:58,705 [INFO] mydebugs: My debug Logger
2022-04-22 02:10:58,737 [INFO] mydebugs: My debug Logger
2022-04-22 02:10:58,740 [INFO] mydebugs: My debug Logger
2022-04-22 02:10:58,743 [INFO] mydebugs: My debug Logger
2022-04-22 02:11:00,412 [INFO] mydebugs: My debug Logger
2022-04-22 02:11:00,419 [INFO] mydebugs: After request debug logger
2022-04-22 02:11:00,441 [INFO] mydebugs: My debug Logger
2022-04-22 02:11:00,442 [INFO] mydebugs: My debug Logger
2022-04-22 02:11:00,465 [INFO] mydebugs: My debug Logger
2022-04-22 02:11:01,581 [INFO] mydebugs: My debug Logger
2022-04-22 02:11:01,602 [INFO] mydebugs: After request debug logger
2022-04-22 02:11:01,625 [INFO] mydebugs: My debug Logger
2022-04-22 02:11:01,626 [INFO] mydebugs: My debug Logger
2022-04-22 02:11:01,654 [INFO] mydebugs: My debug Logger
2022-04-22 02:11:01,655 [INFO] mydebugs: My debug Logger
2022-04-22 02:11:01,657 [INFO] mydebugs: My debug Logger
2022-04-22 02:11:01,658 [INFO] mydebugs: My debug Logger
2022-04-22 02:11:01,658 [INFO] mydebugs: My debug Logger
2022-04-22 02:11:01,697 [INFO] mydebugs: My debug Logger
2022-04-22 02:11:01,698 [INFO] mydebugs: My debug Logger
2022-04-22 02:11:01,699 [INFO] mydebugs: My debug Logger
2022-04-22 02:11:01,700 [INFO] mydebugs: My debug Logger
2022-04-22 02:11:03,860 [INFO] mydebugs: My debug Logger
2022-04-22 02:11:03,865 [INFO] mydebugs: After request debug logger
2022-04-22 02:11:03,890 [INFO] mydebugs: My debug Logger
2022-04-22 02:11:03,897 [INFO] mydebugs: My debug Logger
2022-04-22 02:11:03,917 [INFO] mydebugs: My debug Logger
2022-04-22 02:11:03,922 [INFO] mydebugs: My debug Logger
2022-04-22 02:11:03,923 [INFO] mydebugs: My debug Logger
2022-04-22 02:11:03,928 [INFO] mydebugs: My debug Logger
2022-04-22 02:11:10,251 [INFO] mydebugs: My debug Logger
2022-04-22 02:11:10,270 [INFO] mydebugs: After request debug logger
2022-04-22 02:11:10,293 [INFO] mydebugs: My debug Logger
2022-04-22 02:11:10,294 [INFO] mydebugs: My debug Logger
2022-04-22 02:11:10,321 [INFO] mydebugs: My debug Logger
2022-04-22 02:11:10,324 [INFO] mydebugs: My debug Logger
2022-04-22 02:11:10,324 [INFO] mydebugs: My debug Logger
2022-04-22 02:11:10,325 [INFO] mydebugs: My debug Logger
2022-04-22 02:11:18,652 [INFO] mydebugs: My debug Logger
2022-04-22 02:11:18,657 [INFO] mydebugs: After request debug logger
2022-04-22 02:11:18,688 [INFO] mydebugs: My debug Logger
2022-04-22 02:11:18,689 [INFO] mydebugs: My debug Logger
2022-04-22 02:11:18,718 [INFO] mydebugs: My debug Logger
2022-04-22 02:11:18,722 [INFO] mydebugs: My debug Logger
2022-04-22 02:11:18,723 [INFO] mydebugs: My debug Logger
2022-04-22 02:11:18,724 [INFO] mydebugs: My debug Logger
2022-04-22 02:13:33,638 [INFO] mydebugs: My debug Logger
2022-04-22 02:13:33,661 [INFO] mydebugs: After request debug logger
2022-04-22 02:13:33,689 [INFO] mydebugs: My debug Logger
2022-04-22 02:13:33,691 [INFO] mydebugs: My debug Logger
2022-04-22 02:13:33,729 [INFO] mydebugs: My debug Logger
2022-04-22 02:13:33,733 [INFO] mydebugs: My debug Logger
2022-04-22 02:13:33,736 [INFO] mydebugs: My debug Logger
2022-04-22 02:13:33,737 [INFO] mydebugs: My debug Logger
2022-04-22 02:13:34,553 [INFO] mydebugs: My debug Logger
2022-04-22 02:13:34,562 [INFO] mydebugs: After request debug logger
2022-04-22 02:13:34,584 [INFO] mydebugs: My debug Logger
2022-04-22 02:13:34,584 [INFO] mydebugs: My debug Logger
2022-04-22 02:13:34,634 [INFO] mydebugs: My debug Logger
2022-04-22 02:13:34,635 [INFO] mydebugs: My debug Logger
2022-04-22 02:13:34,636 [INFO] mydebugs: My debug Logger
2022-04-22 02:13:34,637 [INFO] mydebugs: My debug Logger
