2022-04-19 20:07:40,538 [INFO] app: Before Request
2022-04-19 20:07:40,684 [INFO] app: After Request
2022-04-19 20:07:40,718 [INFO] app: Before Request
2022-04-19 20:07:40,720 [INFO] app: After Request
2022-04-19 20:07:40,722 [INFO] app: Before Request
2022-04-19 20:07:40,870 [INFO] app: After Request
2022-04-19 20:07:40,873 [INFO] app: Before Request
2022-04-19 20:07:40,887 [INFO] app: After Request
2022-04-19 20:07:41,163 [INFO] app: Before Request
2022-04-19 20:07:41,305 [INFO] app: After Request
2022-04-19 20:07:41,337 [INFO] app: Before Request
2022-04-19 20:07:41,498 [INFO] app: After Request
2022-04-19 20:07:41,527 [INFO] app: Before Request
2022-04-19 20:07:41,670 [INFO] app: After Request
2022-04-19 20:07:41,699 [INFO] app: Before Request
2022-04-19 20:07:41,839 [INFO] app: After Request
2022-04-19 20:07:41,869 [INFO] app: Before Request
2022-04-19 20:07:42,015 [INFO] app: After Request
2022-04-19 20:07:42,051 [INFO] app: Before Request
2022-04-19 20:07:42,188 [INFO] app: After Request
2022-04-19 20:07:42,218 [INFO] app: Before Request
2022-04-19 20:07:42,354 [INFO] app: After Request
2022-04-19 20:07:42,391 [INFO] app: Before Request
2022-04-19 20:07:42,526 [INFO] app: After Request
2022-04-19 20:08:21,776 [INFO] app: Before Request
2022-04-19 20:08:21,921 [INFO] app: After Request
2022-04-19 20:08:21,948 [INFO] app: Before Request
2022-04-19 20:08:21,950 [INFO] app: After Request
2022-04-19 20:08:21,952 [INFO] app: Before Request
2022-04-19 20:08:22,095 [INFO] app: After Request
2022-04-19 20:08:22,097 [INFO] app: Before Request
2022-04-19 20:08:22,109 [INFO] app: After Request
2022-04-19 20:08:22,213 [INFO] app: Before Request
2022-04-19 20:08:22,374 [INFO] app: After Request
2022-04-19 20:08:22,402 [INFO] app: Before Request
2022-04-19 20:08:22,542 [INFO] app: After Request
2022-04-19 20:08:22,575 [INFO] app: Before Request
2022-04-19 20:08:22,716 [INFO] app: After Request
2022-04-19 20:08:22,768 [INFO] app: Before Request
2022-04-19 20:08:22,920 [INFO] app: After Request
2022-04-19 20:08:22,947 [INFO] app: Before Request
2022-04-19 20:08:23,088 [INFO] app: After Request
2022-04-19 20:08:23,117 [INFO] app: Before Request
2022-04-19 20:08:23,254 [INFO] app: After Request
2022-04-19 20:08:23,286 [INFO] app: Before Request
2022-04-19 20:08:23,431 [INFO] app: After Request
2022-04-19 20:08:23,459 [INFO] app: Before Request
2022-04-19 20:08:23,598 [INFO] app: After Request
2022-04-19 20:08:56,461 [INFO] app: Before Request
2022-04-19 20:08:56,611 [INFO] app: After Request
2022-04-19 20:08:57,741 [INFO] app: Before Request
2022-04-19 20:08:57,757 [INFO] app: After Request
2022-04-19 20:08:58,547 [INFO] app: Before Request
2022-04-19 20:08:58,561 [INFO] app: After Request
2022-04-19 20:17:17,741 [INFO] app: Before Request
2022-04-19 20:17:17,890 [INFO] app: After Request
2022-04-19 20:17:17,922 [INFO] app: Before Request
2022-04-19 20:17:17,923 [INFO] app: After Request
2022-04-19 20:17:17,926 [INFO] app: Before Request
2022-04-19 20:17:18,068 [INFO] app: After Request
2022-04-19 20:17:18,070 [INFO] app: Before Request
2022-04-19 20:17:18,083 [INFO] app: After Request
2022-04-19 20:17:18,183 [INFO] app: Before Request
2022-04-19 20:17:18,329 [INFO] app: After Request
2022-04-19 20:17:18,357 [INFO] app: Before Request
2022-04-19 20:17:18,510 [INFO] app: After Request
2022-04-19 20:17:18,542 [INFO] app: Before Request
2022-04-19 20:17:18,681 [INFO] app: After Request
2022-04-19 20:17:18,718 [INFO] app: Before Request
2022-04-19 20:17:18,860 [INFO] app: After Request
2022-04-19 20:17:18,889 [INFO] app: Before Request
2022-04-19 20:17:19,036 [INFO] app: After Request
2022-04-19 20:17:19,068 [INFO] app: Before Request
2022-04-19 20:17:19,206 [INFO] app: After Request
2022-04-19 20:17:19,240 [INFO] app: Before Request
2022-04-19 20:17:19,377 [INFO] app: After Request
2022-04-19 20:17:19,409 [INFO] app: Before Request
2022-04-19 20:17:19,557 [INFO] app: After Request
2022-04-19 20:18:01,397 [INFO] app: Before Request
2022-04-19 20:18:01,556 [INFO] app: After Request
2022-04-19 20:18:01,585 [INFO] app: Before Request
2022-04-19 20:18:01,587 [INFO] app: After Request
2022-04-19 20:18:01,589 [INFO] app: Before Request
2022-04-19 20:18:01,728 [INFO] app: After Request
2022-04-19 20:18:01,731 [INFO] app: Before Request
2022-04-19 20:18:01,744 [INFO] app: After Request
2022-04-19 20:18:01,872 [INFO] app: Before Request
2022-04-19 20:18:02,011 [INFO] app: After Request
2022-04-19 20:18:02,040 [INFO] app: Before Request
2022-04-19 20:18:02,180 [INFO] app: After Request
2022-04-19 20:18:02,210 [INFO] app: Before Request
2022-04-19 20:18:02,350 [INFO] app: After Request
2022-04-19 20:18:02,389 [INFO] app: Before Request
2022-04-19 20:18:02,553 [INFO] app: After Request
2022-04-19 20:18:02,583 [INFO] app: Before Request
2022-04-19 20:18:02,735 [INFO] app: After Request
2022-04-19 20:18:02,767 [INFO] app: Before Request
2022-04-19 20:18:02,904 [INFO] app: After Request
2022-04-19 20:18:02,932 [INFO] app: Before Request
2022-04-19 20:18:03,071 [INFO] app: After Request
2022-04-19 20:18:03,104 [INFO] app: Before Request
2022-04-19 20:18:03,248 [INFO] app: After Request
2022-04-19 20:20:04,594 [INFO] app: Before Request
2022-04-19 20:20:04,753 [INFO] app: After Request
2022-04-19 20:20:04,780 [INFO] app: Before Request
2022-04-19 20:20:04,782 [INFO] app: After Request
2022-04-19 20:20:04,784 [INFO] app: Before Request
2022-04-19 20:20:04,930 [INFO] app: After Request
2022-04-19 20:20:04,933 [INFO] app: Before Request
2022-04-19 20:20:04,947 [INFO] app: After Request
2022-04-19 20:20:05,045 [INFO] app: Before Request
2022-04-19 20:20:05,186 [INFO] app: After Request
2022-04-19 20:20:05,213 [INFO] app: Before Request
2022-04-19 20:20:05,362 [INFO] app: After Request
2022-04-19 20:20:05,392 [INFO] app: Before Request
2022-04-19 20:20:05,531 [INFO] app: After Request
2022-04-19 20:20:05,576 [INFO] app: Before Request
2022-04-19 20:20:05,735 [INFO] app: After Request
2022-04-19 20:20:05,766 [INFO] app: Before Request
2022-04-19 20:20:05,913 [INFO] app: After Request
2022-04-19 20:20:05,940 [INFO] app: Before Request
2022-04-19 20:20:06,079 [INFO] app: After Request
2022-04-19 20:20:06,111 [INFO] app: Before Request
2022-04-19 20:20:06,248 [INFO] app: After Request
2022-04-19 20:20:06,278 [INFO] app: Before Request
2022-04-19 20:20:06,419 [INFO] app: After Request
2022-04-19 20:21:43,823 [INFO] app: Before Request
2022-04-19 20:21:43,975 [INFO] app: After Request
2022-04-19 20:21:44,744 [INFO] app: Before Request
2022-04-19 20:21:44,759 [INFO] app: After Request
2022-04-19 20:21:45,490 [INFO] app: Before Request
2022-04-19 20:21:45,507 [INFO] app: After Request
2022-04-19 20:21:46,227 [INFO] app: Before Request
2022-04-19 20:21:46,244 [INFO] app: After Request
2022-04-19 20:21:48,174 [INFO] app: Before Request
2022-04-19 20:21:48,182 [INFO] app: After Request
2022-04-19 20:21:48,352 [INFO] app: Before Request
2022-04-19 23:29:01,302 [INFO] app: Before Request
2022-04-19 23:29:01,447 [INFO] app: After Request
2022-04-19 23:29:01,482 [INFO] app: Before Request
2022-04-19 23:29:01,483 [INFO] app: After Request
2022-04-19 23:29:01,485 [INFO] app: Before Request
2022-04-19 23:29:01,624 [INFO] app: After Request
2022-04-19 23:29:01,627 [INFO] app: Before Request
2022-04-19 23:29:01,641 [INFO] app: After Request
2022-04-19 23:29:01,746 [INFO] app: Before Request
2022-04-19 23:29:01,902 [INFO] app: After Request
2022-04-19 23:29:01,932 [INFO] app: Before Request
2022-04-19 23:29:02,072 [INFO] app: After Request
2022-04-19 23:29:02,107 [INFO] app: Before Request
2022-04-19 23:29:02,248 [INFO] app: After Request
2022-04-19 23:29:02,281 [INFO] app: Before Request
2022-04-19 23:29:02,423 [INFO] app: After Request
2022-04-19 23:29:02,454 [INFO] app: Before Request
2022-04-19 23:29:02,598 [INFO] app: After Request
2022-04-19 23:29:02,637 [INFO] app: Before Request
2022-04-19 23:29:02,772 [INFO] app: After Request
2022-04-19 23:29:02,807 [INFO] app: Before Request
2022-04-19 23:29:02,961 [INFO] app: After Request
2022-04-19 23:29:02,994 [INFO] app: Before Request
2022-04-19 23:29:03,142 [INFO] app: After Request
2022-04-19 23:30:55,924 [INFO] app: Before Request
2022-04-19 23:30:56,080 [INFO] app: After Request
2022-04-19 23:30:56,751 [INFO] app: Before Request
2022-04-19 23:30:56,773 [INFO] app: After Request
2022-04-19 23:30:57,937 [INFO] app: Before Request
2022-04-19 23:30:57,944 [INFO] app: After Request
2022-04-20 00:09:00,737 [INFO] app: Before Request
2022-04-20 00:09:00,885 [INFO] app: After Request
2022-04-20 00:09:03,073 [INFO] app: Before Request
2022-04-20 00:09:03,091 [INFO] app: After Request
2022-04-20 00:17:22,337 [INFO] app: Before Request
2022-04-20 00:17:22,493 [INFO] app: After Request
2022-04-20 00:17:24,734 [INFO] app: Before Request
2022-04-20 00:17:24,748 [INFO] app: After Request
2022-04-20 00:17:27,949 [INFO] app: Before Request
2022-04-20 00:17:27,965 [INFO] app: After Request
2022-04-20 00:19:08,965 [INFO] app: Before Request
2022-04-20 00:19:08,974 [INFO] app: After Request
2022-04-20 00:20:16,813 [INFO] app: Before Request
2022-04-20 00:20:16,966 [INFO] app: After Request
2022-04-20 00:20:20,084 [INFO] app: Before Request
2022-04-20 00:20:20,102 [INFO] app: After Request
2022-04-20 00:23:05,606 [INFO] app: Before Request
2022-04-20 00:23:05,758 [INFO] app: After Request
2022-04-20 00:23:08,313 [INFO] app: Before Request
2022-04-20 00:23:08,329 [INFO] app: After Request
2022-04-20 00:23:10,199 [INFO] app: Before Request
2022-04-20 00:23:10,211 [INFO] app: After Request
2022-04-20 00:24:46,507 [INFO] app: Before Request
2022-04-20 00:24:46,653 [INFO] app: After Request
2022-04-20 00:24:46,704 [INFO] app: Before Request
2022-04-20 00:24:46,706 [INFO] app: After Request
2022-04-20 00:24:46,709 [INFO] app: Before Request
2022-04-20 00:24:46,868 [INFO] app: After Request
2022-04-20 00:24:46,871 [INFO] app: Before Request
2022-04-20 00:24:46,884 [INFO] app: After Request
2022-04-20 00:24:46,988 [INFO] app: Before Request
2022-04-20 00:24:47,130 [INFO] app: After Request
2022-04-20 00:24:47,165 [INFO] app: Before Request
2022-04-20 00:24:47,327 [INFO] app: After Request
2022-04-20 00:24:47,359 [INFO] app: Before Request
2022-04-20 00:24:47,500 [INFO] app: After Request
2022-04-20 00:24:47,541 [INFO] app: Before Request
2022-04-20 00:24:47,683 [INFO] app: After Request
2022-04-20 00:24:47,718 [INFO] app: Before Request
2022-04-20 00:24:47,860 [INFO] app: After Request
2022-04-20 00:24:47,893 [INFO] app: Before Request
2022-04-20 00:24:48,039 [INFO] app: After Request
2022-04-20 00:24:48,080 [INFO] app: Before Request
2022-04-20 00:24:48,217 [INFO] app: After Request
2022-04-20 00:24:48,253 [INFO] app: Before Request
2022-04-20 00:24:48,399 [INFO] app: After Request
2022-04-20 00:47:08,438 [INFO] app: Before Request
2022-04-20 00:47:08,579 [INFO] app: After Request
2022-04-20 00:47:08,618 [INFO] app: Before Request
2022-04-20 00:47:08,619 [INFO] app: After Request
2022-04-20 00:47:08,622 [INFO] app: Before Request
2022-04-20 00:47:08,773 [INFO] app: After Request
2022-04-20 00:47:08,780 [INFO] app: Before Request
2022-04-20 00:47:08,794 [INFO] app: After Request
2022-04-20 00:47:08,909 [INFO] app: Before Request
2022-04-20 00:47:09,048 [INFO] app: After Request
2022-04-20 00:47:09,090 [INFO] app: Before Request
2022-04-20 00:47:09,260 [INFO] app: After Request
2022-04-20 00:47:09,309 [INFO] app: Before Request
2022-04-20 00:47:09,458 [INFO] app: After Request
2022-04-20 00:47:09,494 [INFO] app: Before Request
2022-04-20 00:47:09,631 [INFO] app: After Request
2022-04-20 00:47:09,669 [INFO] app: Before Request
2022-04-20 00:47:09,808 [INFO] app: After Request
2022-04-20 00:47:09,845 [INFO] app: Before Request
2022-04-20 00:47:09,981 [INFO] app: After Request
2022-04-20 00:47:10,014 [INFO] app: Before Request
2022-04-20 00:47:10,151 [INFO] app: After Request
2022-04-20 00:47:10,187 [INFO] app: Before Request
2022-04-20 00:47:10,321 [INFO] app: After Request
2022-04-20 16:28:50,944 [INFO] app: Before Request
2022-04-20 16:28:51,098 [INFO] app: After Request
2022-04-20 16:29:02,677 [INFO] app: Before Request
2022-04-20 16:29:02,925 [INFO] app: After Request
2022-04-20 16:29:02,933 [INFO] app: Before Request
2022-04-20 16:29:02,950 [INFO] app: After Request
2022-04-20 16:30:50,308 [INFO] app: Before Request
2022-04-20 16:30:50,321 [INFO] app: After Request
2022-04-20 16:31:01,637 [INFO] app: Before Request
2022-04-20 16:31:01,843 [INFO] app: After Request
2022-04-20 16:31:01,853 [INFO] app: Before Request
2022-04-20 16:31:01,860 [INFO] app: After Request
2022-04-20 16:35:46,805 [INFO] app: Before Request
2022-04-20 16:35:46,817 [INFO] app: After Request
2022-04-20 16:35:50,204 [INFO] app: Before Request
2022-04-20 16:35:50,212 [INFO] app: After Request
2022-04-20 16:35:59,536 [INFO] app: Before Request
2022-04-20 16:35:59,752 [INFO] app: After Request
2022-04-20 16:35:59,758 [INFO] app: Before Request
2022-04-20 16:35:59,766 [INFO] app: After Request
2022-04-21 01:45:17,514 [INFO] app: Before Request
2022-04-21 01:45:17,529 [INFO] app: After Request
2022-04-21 01:45:33,209 [INFO] app: Before Request
2022-04-21 01:45:33,217 [INFO] app: After Request
2022-04-21 01:45:44,381 [INFO] app: Before Request
2022-04-21 01:45:44,582 [INFO] app: After Request
2022-04-21 01:45:44,591 [INFO] app: Before Request
2022-04-21 01:45:44,599 [INFO] app: After Request
2022-04-21 02:06:14,247 [INFO] app: Before Request
2022-04-21 02:06:14,256 [INFO] app: After Request
2022-04-21 02:06:15,528 [INFO] app: Before Request
2022-04-21 02:06:15,538 [INFO] app: After Request
2022-04-21 02:06:17,273 [INFO] app: Before Request
2022-04-21 02:06:17,283 [INFO] app: After Request
2022-04-21 02:06:37,397 [INFO] app: Before Request
2022-04-21 02:06:37,574 [INFO] app: After Request
2022-04-21 02:06:37,582 [INFO] app: Before Request
2022-04-21 02:06:37,591 [INFO] app: After Request
2022-04-21 02:07:04,268 [INFO] app: Before Request
2022-04-21 02:07:04,438 [INFO] app: After Request
2022-04-21 02:07:04,447 [INFO] app: Before Request
2022-04-21 02:07:04,454 [INFO] app: After Request
2022-04-21 02:07:15,138 [INFO] app: Before Request
2022-04-21 02:07:15,328 [INFO] app: After Request
2022-04-21 02:07:15,336 [INFO] app: Before Request
2022-04-21 02:07:15,342 [INFO] app: After Request
2022-04-21 02:07:18,805 [INFO] app: Before Request
2022-04-21 02:07:18,813 [INFO] app: After Request
2022-04-21 02:07:44,368 [INFO] app: Before Request
2022-04-21 02:07:44,580 [INFO] app: After Request
2022-04-21 02:07:44,590 [INFO] app: Before Request
2022-04-21 02:07:44,597 [INFO] app: After Request
2022-04-21 02:08:08,125 [INFO] app: Before Request
2022-04-21 02:08:08,289 [INFO] app: After Request
2022-04-21 02:08:08,299 [INFO] app: Before Request
2022-04-21 02:08:08,305 [INFO] app: After Request
2022-04-21 02:08:17,213 [INFO] app: Before Request
2022-04-21 02:08:17,418 [INFO] app: After Request
2022-04-21 02:08:17,428 [INFO] app: Before Request
2022-04-21 02:08:17,449 [INFO] app: After Request
2022-04-21 02:08:24,471 [INFO] app: Before Request
2022-04-21 02:08:24,494 [INFO] app: After Request
2022-04-21 02:08:27,835 [INFO] app: Before Request
2022-04-21 02:08:27,857 [INFO] app: After Request
2022-04-21 02:08:41,151 [INFO] app: Before Request
2022-04-21 02:08:41,181 [INFO] app: After Request
2022-04-21 02:08:41,189 [INFO] app: Before Request
2022-04-21 02:08:41,203 [INFO] app: After Request
2022-04-21 02:08:44,906 [INFO] app: Before Request
2022-04-21 02:08:44,957 [INFO] app: After Request
2022-04-21 02:08:46,823 [INFO] app: Before Request
2022-04-21 02:08:46,838 [INFO] app: After Request
2022-04-21 02:08:52,465 [INFO] app: Before Request
2022-04-21 02:08:52,495 [INFO] app: After Request
2022-04-21 02:08:52,505 [INFO] app: Before Request
2022-04-21 02:08:52,511 [INFO] app: After Request
2022-04-21 02:08:54,473 [INFO] app: Before Request
2022-04-21 02:08:54,491 [INFO] app: After Request
2022-04-21 02:08:55,467 [INFO] app: Before Request
2022-04-21 02:08:55,487 [INFO] app: After Request
2022-04-21 02:08:56,563 [INFO] app: Before Request
2022-04-21 02:08:56,586 [INFO] app: After Request
2022-04-21 02:13:56,972 [INFO] app: Before Request
2022-04-21 02:13:56,982 [INFO] app: After Request
2022-04-21 02:14:02,911 [INFO] app: Before Request
2022-04-21 02:14:02,922 [INFO] app: After Request
2022-04-21 02:14:04,229 [INFO] app: Before Request
2022-04-21 02:14:04,241 [INFO] app: After Request
2022-04-21 02:14:07,627 [INFO] app: Before Request
2022-04-21 02:14:07,645 [INFO] app: After Request
2022-04-21 02:14:18,716 [INFO] app: Before Request
2022-04-21 02:14:18,922 [INFO] app: After Request
2022-04-21 02:14:18,931 [INFO] app: Before Request
2022-04-21 02:14:18,945 [INFO] app: After Request
2022-04-21 02:14:28,857 [INFO] app: Before Request
2022-04-21 02:14:28,879 [INFO] app: After Request
2022-04-21 02:29:12,344 [INFO] app: Before Request
2022-04-21 02:29:12,364 [INFO] app: After Request
2022-04-21 02:29:13,628 [INFO] app: Before Request
2022-04-21 02:29:13,648 [INFO] app: After Request
2022-04-21 02:29:14,846 [INFO] app: Before Request
2022-04-21 02:29:14,872 [INFO] app: After Request
2022-04-21 02:29:17,215 [INFO] app: Before Request
2022-04-21 02:29:17,233 [INFO] app: After Request
2022-04-21 02:29:19,262 [INFO] app: Before Request
2022-04-21 02:29:19,296 [INFO] app: After Request
2022-04-21 02:29:19,303 [INFO] app: Before Request
2022-04-21 02:29:19,312 [INFO] app: After Request
2022-04-21 02:29:27,053 [INFO] app: Before Request
2022-04-21 02:29:27,256 [INFO] app: After Request
2022-04-21 02:29:27,266 [INFO] app: Before Request
2022-04-21 02:29:27,281 [INFO] app: After Request
2022-04-21 02:29:33,764 [INFO] app: Before Request
2022-04-21 02:29:33,781 [INFO] app: After Request
2022-04-21 02:29:38,065 [INFO] app: Before Request
2022-04-21 02:29:38,080 [INFO] app: After Request
2022-04-21 02:29:38,960 [INFO] app: Before Request
2022-04-21 02:29:38,975 [INFO] app: After Request
2022-04-21 02:29:39,199 [INFO] app: Before Request
2022-04-21 02:29:39,216 [INFO] app: After Request
2022-04-21 02:29:39,418 [INFO] app: Before Request
2022-04-21 02:29:39,436 [INFO] app: After Request
2022-04-21 02:29:45,766 [INFO] app: Before Request
2022-04-21 02:29:45,801 [INFO] app: After Request
2022-04-21 02:29:45,809 [INFO] app: Before Request
2022-04-21 02:29:45,817 [INFO] app: After Request
2022-04-21 02:29:54,440 [INFO] app: Before Request
2022-04-21 02:29:54,607 [INFO] app: After Request
2022-04-21 02:29:54,616 [INFO] app: Before Request
2022-04-21 02:29:54,623 [INFO] app: After Request
2022-04-21 02:30:04,609 [INFO] app: Before Request
2022-04-21 02:30:04,804 [INFO] app: After Request
2022-04-21 02:30:04,813 [INFO] app: Before Request
2022-04-21 02:30:04,820 [INFO] app: After Request
2022-04-21 02:30:14,845 [INFO] app: Before Request
2022-04-21 02:30:15,021 [INFO] app: After Request
2022-04-21 02:30:15,030 [INFO] app: Before Request
2022-04-21 02:30:15,037 [INFO] app: After Request
2022-04-21 02:30:25,528 [INFO] app: Before Request
2022-04-21 02:30:25,696 [INFO] app: After Request
2022-04-21 02:30:25,705 [INFO] app: Before Request
2022-04-21 02:30:25,712 [INFO] app: After Request
2022-04-21 02:30:35,153 [INFO] app: Before Request
2022-04-21 02:30:35,321 [INFO] app: After Request
2022-04-21 02:30:35,331 [INFO] app: Before Request
2022-04-21 02:30:35,339 [INFO] app: After Request
2022-04-21 02:31:42,355 [INFO] app: Before Request
2022-04-21 02:31:42,555 [INFO] app: After Request
2022-04-21 02:31:42,566 [INFO] app: Before Request
2022-04-21 02:31:42,582 [INFO] app: After Request
2022-04-21 02:31:48,574 [INFO] app: Before Request
2022-04-21 02:31:48,610 [INFO] app: After Request
2022-04-21 02:31:49,496 [INFO] app: Before Request
2022-04-21 02:31:49,510 [INFO] app: After Request
2022-04-21 02:31:50,892 [INFO] app: Before Request
2022-04-21 02:31:50,909 [INFO] app: After Request
2022-04-21 02:31:51,560 [INFO] app: Before Request
2022-04-21 02:31:51,575 [INFO] app: After Request
2022-04-21 02:31:51,740 [INFO] app: Before Request
2022-04-21 02:31:51,757 [INFO] app: After Request
2022-04-21 02:31:56,061 [INFO] app: Before Request
2022-04-21 02:31:56,081 [INFO] app: After Request
2022-04-21 02:31:58,494 [INFO] app: Before Request
2022-04-21 02:31:58,509 [INFO] app: After Request
2022-04-21 02:40:37,270 [INFO] app: Before Request
2022-04-21 02:40:37,293 [INFO] app: After Request
2022-04-21 02:40:39,299 [INFO] app: Before Request
2022-04-21 02:40:39,315 [INFO] app: After Request
2022-04-21 02:41:01,874 [INFO] app: Before Request
2022-04-21 02:41:02,093 [INFO] app: After Request
2022-04-21 02:41:02,101 [INFO] app: Before Request
2022-04-21 02:41:02,117 [INFO] app: After Request
2022-04-21 02:41:12,893 [INFO] app: Before Request
2022-04-21 02:41:13,094 [INFO] app: After Request
2022-04-21 02:41:13,103 [INFO] app: Before Request
2022-04-21 02:41:13,117 [INFO] app: After Request
2022-04-21 02:41:19,002 [INFO] app: Before Request
2022-04-21 02:41:19,022 [INFO] app: Browse page loading
2022-04-21 02:41:19,107 [INFO] app: After Request
2022-04-21 02:41:19,133 [INFO] app: Before Request
2022-04-21 02:41:19,460 [INFO] app: Before Request
2022-04-21 02:41:19,473 [INFO] app: Browse page loading
2022-04-21 02:41:19,479 [INFO] app: After Request
2022-04-21 02:41:19,499 [INFO] app: Before Request
2022-04-21 02:41:48,244 [INFO] app: Before Request
2022-04-21 02:41:48,274 [INFO] app: After Request
2022-04-21 02:41:53,618 [INFO] app: Before Request
2022-04-21 02:41:53,635 [INFO] app: Browse page loading
2022-04-21 02:41:53,642 [INFO] app: After Request
2022-04-21 02:41:53,670 [INFO] app: Before Request
2022-04-21 02:41:57,440 [INFO] app: Before Request
2022-04-21 02:41:57,464 [INFO] app: After Request
2022-04-21 02:42:09,675 [INFO] app: Before Request
2022-04-21 02:42:09,705 [INFO] app: edited a user
2022-04-21 02:42:09,706 [INFO] app: After Request
2022-04-21 02:42:09,714 [INFO] app: Before Request
2022-04-21 02:42:09,731 [INFO] app: Browse page loading
2022-04-21 02:42:09,736 [INFO] app: After Request
2022-04-21 02:42:09,763 [INFO] app: Before Request
2022-04-21 02:42:17,595 [INFO] app: Before Request
2022-04-21 02:42:17,615 [INFO] app: After Request
2022-04-21 02:42:22,075 [INFO] app: Before Request
2022-04-21 02:42:22,091 [INFO] app: After Request
2022-04-21 02:42:26,339 [INFO] app: Before Request
2022-04-21 02:42:26,367 [INFO] app: After Request
2022-04-21 02:42:26,377 [INFO] app: Before Request
2022-04-21 02:42:26,385 [INFO] app: After Request
2022-04-21 02:42:39,837 [INFO] app: Before Request
2022-04-21 02:42:39,848 [INFO] app: After Request
2022-04-21 02:42:39,861 [INFO] app: Before Request
2022-04-21 02:42:39,870 [INFO] app: After Request
2022-04-21 02:42:42,715 [INFO] app: Before Request
2022-04-21 02:42:42,727 [INFO] app: After Request
2022-04-21 02:42:54,807 [INFO] app: Before Request
2022-04-21 02:42:55,019 [INFO] app: After Request
2022-04-21 02:42:55,028 [INFO] app: Before Request
2022-04-21 02:42:55,034 [INFO] app: After Request
2022-04-21 02:43:11,784 [INFO] app: Before Request
2022-04-21 02:43:11,981 [INFO] app: After Request
2022-04-21 02:43:11,989 [INFO] app: Before Request
2022-04-21 02:43:12,003 [INFO] app: After Request
2022-04-21 02:43:15,118 [INFO] app: Before Request
2022-04-21 02:43:15,135 [INFO] app: Browse page loading
2022-04-21 02:43:15,141 [INFO] app: After Request
2022-04-21 02:43:15,167 [INFO] app: Before Request
2022-04-21 02:43:52,576 [INFO] app: Before Request
2022-04-21 02:43:52,610 [INFO] app: After Request
2022-04-21 02:47:15,927 [INFO] app: Before Request
2022-04-21 02:47:15,946 [INFO] app: Browse page loading
2022-04-21 02:47:15,966 [INFO] app: After Request
2022-04-21 02:47:16,061 [INFO] app: Before Request
2022-04-21 02:47:23,792 [INFO] app: Before Request
2022-04-21 02:47:23,811 [INFO] app: After Request
2022-04-21 02:47:24,990 [INFO] app: Before Request
2022-04-21 02:47:25,003 [INFO] app: Browse page loading
2022-04-21 02:47:25,010 [INFO] app: After Request
2022-04-21 02:47:25,051 [INFO] app: Before Request
2022-04-21 02:47:26,272 [INFO] app: Before Request
2022-04-21 02:47:26,285 [INFO] app: After Request
2022-04-21 02:47:26,962 [INFO] app: Before Request
2022-04-21 02:47:26,981 [INFO] app: After Request
2022-04-21 02:49:05,837 [INFO] app: Before Request
2022-04-21 02:49:05,878 [INFO] app: After Request
2022-04-21 02:49:05,896 [INFO] app: Before Request
2022-04-21 02:49:09,741 [INFO] app: Before Request
2022-04-21 02:49:09,761 [INFO] app: After Request
2022-04-21 02:49:09,784 [INFO] app: Before Request
2022-04-21 02:49:10,832 [INFO] app: Before Request
2022-04-21 02:49:10,852 [INFO] app: After Request
2022-04-21 02:49:10,882 [INFO] app: Before Request
2022-04-21 02:49:11,876 [INFO] app: Before Request
2022-04-21 02:49:11,891 [INFO] app: Browse page loading
2022-04-21 02:49:11,898 [INFO] app: After Request
2022-04-21 02:49:11,919 [INFO] app: Before Request
2022-04-21 02:49:11,939 [INFO] app: Before Request
2022-04-21 02:49:54,873 [INFO] app: Before Request
2022-04-21 02:49:54,901 [INFO] app: Browse page loading
2022-04-21 02:49:54,907 [INFO] app: After Request
2022-04-21 02:49:54,923 [INFO] app: Before Request
2022-04-21 02:49:54,942 [INFO] app: Before Request
2022-04-21 02:49:55,886 [INFO] app: Before Request
2022-04-21 02:49:55,902 [INFO] app: Browse page loading
2022-04-21 02:49:55,908 [INFO] app: After Request
2022-04-21 02:49:55,925 [INFO] app: Before Request
2022-04-21 02:49:55,944 [INFO] app: Before Request
2022-04-21 02:49:56,109 [INFO] app: Before Request
2022-04-21 02:49:56,129 [INFO] app: Browse page loading
2022-04-21 02:49:56,136 [INFO] app: After Request
2022-04-21 02:49:56,152 [INFO] app: Before Request
2022-04-21 02:49:56,170 [INFO] app: Before Request
2022-04-21 02:49:56,442 [INFO] app: Before Request
2022-04-21 02:49:56,458 [INFO] app: Browse page loading
2022-04-21 02:49:56,464 [INFO] app: After Request
2022-04-21 02:49:56,483 [INFO] app: Before Request
2022-04-21 02:49:56,506 [INFO] app: Before Request
2022-04-21 02:50:32,423 [INFO] app: Before Request
2022-04-21 02:50:32,438 [INFO] app: Browse page loading
2022-04-21 02:50:32,458 [INFO] app: After Request
2022-04-21 02:50:32,474 [INFO] app: Before Request
2022-04-21 02:50:32,503 [INFO] app: Before Request
2022-04-21 02:50:49,242 [INFO] app: Before Request
2022-04-21 02:50:49,260 [INFO] app: After Request
2022-04-21 02:50:49,288 [INFO] app: Before Request
2022-04-21 02:50:50,688 [INFO] app: Before Request
2022-04-21 02:50:50,708 [INFO] app: After Request
2022-04-21 02:50:50,737 [INFO] app: Before Request
2022-04-21 02:50:53,300 [INFO] app: Before Request
2022-04-21 02:50:53,316 [INFO] app: After Request
2022-04-21 02:50:53,338 [INFO] app: Before Request
2022-04-21 02:50:54,637 [INFO] app: Before Request
2022-04-21 02:50:54,653 [INFO] app: After Request
2022-04-21 02:50:54,671 [INFO] app: Before Request
2022-04-21 02:50:55,771 [INFO] app: Before Request
2022-04-21 02:50:55,786 [INFO] app: After Request
2022-04-21 02:50:55,808 [INFO] app: Before Request
2022-04-21 02:50:57,348 [INFO] app: Before Request
2022-04-21 02:50:57,364 [INFO] app: After Request
2022-04-21 02:50:57,382 [INFO] app: Before Request
2022-04-21 02:51:18,912 [INFO] app: Before Request
2022-04-21 02:51:18,948 [INFO] app: After Request
2022-04-21 02:51:18,976 [INFO] app: Before Request
2022-04-21 02:51:20,126 [INFO] app: Before Request
2022-04-21 02:51:20,144 [INFO] app: After Request
2022-04-21 02:51:20,170 [INFO] app: Before Request
2022-04-21 02:51:21,539 [INFO] app: Before Request
2022-04-21 02:51:21,557 [INFO] app: After Request
2022-04-21 02:51:21,581 [INFO] app: Before Request
2022-04-21 02:51:23,050 [INFO] app: Before Request
2022-04-21 02:51:23,073 [INFO] app: Browse page loading
2022-04-21 02:51:23,079 [INFO] app: After Request
2022-04-21 02:51:23,102 [INFO] app: Before Request
2022-04-21 02:51:23,123 [INFO] app: Before Request
2022-04-21 02:51:24,372 [INFO] app: Before Request
2022-04-21 02:51:24,392 [INFO] app: After Request
2022-04-21 02:51:24,420 [INFO] app: Before Request
2022-04-21 02:51:25,055 [INFO] app: Before Request
2022-04-21 02:51:25,089 [INFO] app: After Request
2022-04-21 02:51:25,114 [INFO] app: Before Request
2022-04-21 02:52:43,456 [INFO] app: Before Request
2022-04-21 02:52:43,476 [INFO] app: Browse page loading
2022-04-21 02:52:43,486 [INFO] app: After Request
2022-04-21 02:52:43,512 [INFO] app: Before Request
2022-04-21 02:52:43,534 [INFO] app: Before Request
2022-04-21 02:52:44,760 [INFO] app: Before Request
2022-04-21 02:52:44,777 [INFO] app: After Request
2022-04-21 02:52:44,800 [INFO] app: Before Request
2022-04-21 02:52:47,041 [INFO] app: Before Request
2022-04-21 02:52:47,066 [INFO] app: After Request
2022-04-21 02:52:47,089 [INFO] app: Before Request
2022-04-21 02:53:54,699 [INFO] app: Before Request
2022-04-21 02:53:54,722 [INFO] app: After Request
2022-04-21 02:53:54,745 [INFO] app: Before Request
2022-04-21 02:53:57,660 [INFO] app: Before Request
2022-04-21 02:53:57,680 [INFO] app: After Request
2022-04-21 02:53:57,702 [INFO] app: Before Request
2022-04-21 02:54:08,098 [INFO] app: Before Request
2022-04-21 02:54:08,115 [INFO] app: After Request
2022-04-21 02:54:08,141 [INFO] app: Before Request
2022-04-21 02:54:11,006 [INFO] app: Before Request
2022-04-21 02:54:11,021 [INFO] app: After Request
2022-04-21 02:54:11,043 [INFO] app: Before Request
2022-04-21 02:54:11,954 [INFO] app: Before Request
2022-04-21 02:54:11,975 [INFO] app: Browse page loading
2022-04-21 02:54:11,985 [INFO] app: After Request
2022-04-21 02:54:12,014 [INFO] app: Before Request
2022-04-21 02:54:12,039 [INFO] app: Before Request
2022-04-21 02:54:16,362 [INFO] app: Before Request
2022-04-21 02:54:16,381 [INFO] app: After Request
2022-04-21 02:54:16,403 [INFO] app: Before Request
2022-04-21 02:54:17,725 [INFO] app: Before Request
2022-04-21 02:54:17,742 [INFO] app: After Request
2022-04-21 02:54:17,764 [INFO] app: Before Request
2022-04-21 02:54:48,998 [INFO] app: Before Request
2022-04-21 02:54:49,020 [INFO] app: After Request
2022-04-21 02:54:49,037 [INFO] app: Before Request
2022-04-21 02:54:49,939 [INFO] app: Before Request
2022-04-21 02:54:49,955 [INFO] app: After Request
2022-04-21 02:54:49,971 [INFO] app: Before Request
2022-04-21 02:54:51,112 [INFO] app: Before Request
2022-04-21 02:54:51,129 [INFO] app: After Request
2022-04-21 02:54:51,150 [INFO] app: Before Request
2022-04-21 02:54:51,835 [INFO] app: Before Request
2022-04-21 02:54:51,848 [INFO] app: Browse page loading
2022-04-21 02:54:51,854 [INFO] app: After Request
2022-04-21 02:54:51,882 [INFO] app: Before Request
2022-04-21 02:54:51,901 [INFO] app: Before Request
2022-04-21 02:55:38,288 [INFO] app: Before Request
2022-04-21 02:55:38,304 [INFO] app: Browse page loading
2022-04-21 02:55:38,314 [INFO] app: After Request
2022-04-21 02:55:38,332 [INFO] app: Before Request
2022-04-21 02:55:38,356 [INFO] app: Before Request
2022-04-21 02:55:39,537 [INFO] app: Before Request
2022-04-21 02:55:39,551 [INFO] app: Browse page loading
2022-04-21 02:55:39,558 [INFO] app: After Request
2022-04-21 02:55:39,575 [INFO] app: Before Request
2022-04-21 02:55:39,597 [INFO] app: Before Request
2022-04-21 02:55:40,132 [INFO] app: Before Request
2022-04-21 02:55:40,144 [INFO] app: Browse page loading
2022-04-21 02:55:40,150 [INFO] app: After Request
2022-04-21 02:55:40,172 [INFO] app: Before Request
2022-04-21 02:55:40,198 [INFO] app: Before Request
2022-04-21 02:55:40,461 [INFO] app: Before Request
2022-04-21 02:55:40,474 [INFO] app: Browse page loading
2022-04-21 02:55:40,481 [INFO] app: After Request
2022-04-21 02:55:40,499 [INFO] app: Before Request
2022-04-21 02:55:40,519 [INFO] app: Before Request
2022-04-21 02:55:41,852 [INFO] app: Before Request
2022-04-21 02:55:41,867 [INFO] app: After Request
2022-04-21 02:55:41,894 [INFO] app: Before Request
2022-04-21 02:55:42,840 [INFO] app: Before Request
2022-04-21 02:55:42,858 [INFO] app: After Request
2022-04-21 02:55:42,883 [INFO] app: Before Request
2022-04-21 02:56:09,674 [INFO] app: Before Request
2022-04-21 02:56:09,689 [INFO] app: After Request
2022-04-21 02:56:09,706 [INFO] app: Before Request
2022-04-21 02:56:10,815 [INFO] app: Before Request
2022-04-21 02:56:10,835 [INFO] app: After Request
2022-04-21 02:56:10,853 [INFO] app: Before Request
2022-04-21 02:56:11,222 [INFO] app: Before Request
2022-04-21 02:56:11,253 [INFO] app: After Request
2022-04-21 02:56:11,274 [INFO] app: Before Request
2022-04-21 02:56:13,130 [INFO] app: Before Request
2022-04-21 02:56:13,148 [INFO] app: After Request
2022-04-21 02:56:13,163 [INFO] app: Before Request
2022-04-21 02:56:13,740 [INFO] app: Before Request
2022-04-21 02:56:13,753 [INFO] app: Browse page loading
2022-04-21 02:56:13,760 [INFO] app: After Request
2022-04-21 02:56:13,781 [INFO] app: Before Request
2022-04-21 02:56:13,798 [INFO] app: Before Request
2022-04-21 19:49:52,310 [INFO] app: Before Request
2022-04-21 19:49:52,334 [INFO] app: After Request
2022-04-21 19:49:52,367 [INFO] app: Before Request
2022-04-21 19:49:57,411 [INFO] app: Before Request
2022-04-21 19:49:57,434 [INFO] app: After Request
2022-04-21 19:49:57,454 [INFO] app: Before Request
2022-04-21 19:49:58,270 [INFO] app: Before Request
2022-04-21 19:49:58,291 [INFO] app: After Request
2022-04-21 19:49:58,317 [INFO] app: Before Request
2022-04-22 00:36:49,052 [INFO] app: Before Request
2022-04-22 00:36:49,238 [INFO] app: After Request
2022-04-22 00:36:49,297 [INFO] app: Before Request
2022-04-22 00:36:54,855 [INFO] app: Before Request
2022-04-22 00:36:54,883 [INFO] app: After Request
2022-04-22 00:36:54,908 [INFO] app: Before Request
2022-04-22 00:37:00,434 [INFO] app: Before Request
2022-04-22 00:37:00,461 [INFO] app: After Request
2022-04-22 00:37:00,487 [INFO] app: Before Request
2022-04-22 00:37:10,123 [INFO] app: Before Request
2022-04-22 00:37:10,352 [INFO] app: After Request
2022-04-22 00:37:10,361 [INFO] app: Before Request
2022-04-22 00:37:10,372 [INFO] app: After Request
2022-04-22 00:37:10,380 [INFO] app: Before Request
2022-04-22 00:37:10,400 [INFO] app: After Request
2022-04-22 00:37:10,428 [INFO] app: Before Request
2022-04-22 00:37:16,358 [INFO] app: Before Request
2022-04-22 00:37:16,374 [INFO] app: Browse page loading
2022-04-22 00:37:16,452 [INFO] app: After Request
2022-04-22 00:37:16,477 [INFO] app: Before Request
2022-04-22 00:37:16,496 [INFO] app: Before Request
2022-04-22 00:37:21,798 [INFO] app: Before Request
2022-04-22 00:37:21,823 [INFO] app: After Request
2022-04-22 00:37:21,847 [INFO] app: Before Request
2022-04-22 00:37:27,463 [INFO] app: Before Request
2022-04-22 00:37:27,490 [INFO] app: After Request
2022-04-22 00:37:27,514 [INFO] app: Before Request
2022-04-22 00:37:31,727 [INFO] app: Before Request
2022-04-22 00:37:31,752 [INFO] app: After Request
2022-04-22 00:37:31,775 [INFO] app: Before Request
2022-04-22 00:37:39,258 [INFO] app: Before Request
2022-04-22 00:37:39,306 [INFO] app: After Request
2022-04-22 00:37:39,316 [INFO] app: Before Request
2022-04-22 00:37:39,330 [INFO] app: After Request
2022-04-22 00:37:39,357 [INFO] app: Before Request
2022-04-22 00:37:52,549 [INFO] app: Before Request
2022-04-22 00:37:52,582 [INFO] app: After Request
2022-04-22 00:37:52,605 [INFO] app: Before Request
2022-04-22 00:37:53,928 [INFO] app: Before Request
2022-04-22 00:37:53,951 [INFO] app: After Request
2022-04-22 00:37:53,972 [INFO] app: Before Request
2022-04-22 00:37:55,601 [INFO] app: Before Request
2022-04-22 00:37:55,618 [INFO] app: Browse page loading
2022-04-22 00:37:55,623 [INFO] app: After Request
2022-04-22 00:37:55,646 [INFO] app: Before Request
2022-04-22 00:37:55,662 [INFO] app: Before Request
2022-04-22 00:37:57,080 [INFO] app: Before Request
2022-04-22 00:37:57,097 [INFO] app: After Request
2022-04-22 00:37:57,121 [INFO] app: Before Request
2022-04-22 00:38:06,197 [INFO] app: Before Request
2022-04-22 00:38:06,214 [INFO] app: After Request
2022-04-22 00:38:06,221 [INFO] app: Before Request
2022-04-22 00:38:06,226 [INFO] app: After Request
2022-04-22 00:38:06,247 [INFO] app: Before Request
2022-04-22 01:03:22,223 [INFO] app: Before Request
2022-04-22 01:03:22,381 [INFO] app: After Request
2022-04-22 01:03:22,401 [INFO] app: Before Request
2022-04-22 01:03:30,690 [INFO] app: Before Request
2022-04-22 01:03:30,711 [INFO] app: After Request
2022-04-22 01:03:30,734 [INFO] app: Before Request
2022-04-22 01:03:31,806 [INFO] app: Before Request
2022-04-22 01:03:31,826 [INFO] app: After Request
2022-04-22 01:03:31,852 [INFO] app: Before Request
2022-04-22 01:03:32,704 [INFO] app: Before Request
2022-04-22 01:03:32,713 [INFO] app: After Request
2022-04-22 01:03:32,735 [INFO] app: Before Request
2022-04-22 01:03:37,921 [INFO] app: Before Request
2022-04-22 01:03:37,937 [INFO] app: After Request
2022-04-22 01:03:37,957 [INFO] app: Before Request
2022-04-22 01:03:51,010 [INFO] app: Before Request
2022-04-22 01:03:51,025 [INFO] app: After Request
2022-04-22 01:03:51,046 [INFO] app: Before Request
2022-04-22 01:03:52,179 [INFO] app: Before Request
2022-04-22 01:03:52,187 [INFO] app: After Request
2022-04-22 01:03:52,206 [INFO] app: Before Request
2022-04-22 01:03:52,913 [INFO] app: Before Request
2022-04-22 01:03:52,922 [INFO] app: After Request
2022-04-22 01:03:52,938 [INFO] app: Before Request
2022-04-22 01:03:54,136 [INFO] app: Before Request
2022-04-22 01:03:54,145 [INFO] app: After Request
2022-04-22 01:03:54,166 [INFO] app: Before Request
2022-04-22 01:03:55,843 [INFO] app: Before Request
2022-04-22 01:03:55,853 [INFO] app: After Request
2022-04-22 01:03:55,871 [INFO] app: Before Request
2022-04-22 01:05:28,811 [INFO] app: Before Request
2022-04-22 01:06:17,924 [INFO] app: Before Request
2022-04-22 01:06:17,947 [INFO] app: After Request
2022-04-22 01:06:17,966 [INFO] app: Before Request
2022-04-22 01:08:08,987 [INFO] app: Before Request
2022-04-22 01:08:09,026 [INFO] app: After Request
2022-04-22 01:08:09,050 [INFO] app: Before Request
2022-04-22 01:10:10,492 [INFO] app: Before Request
2022-04-22 01:10:10,523 [INFO] app: After Request
2022-04-22 01:10:10,545 [INFO] app: Before Request
2022-04-22 01:10:17,086 [INFO] app: Before Request
2022-04-22 01:10:17,096 [INFO] app: After Request
2022-04-22 01:10:17,118 [INFO] app: Before Request
2022-04-22 01:10:18,977 [INFO] app: Before Request
2022-04-22 01:10:18,989 [INFO] app: After Request
2022-04-22 01:10:19,008 [INFO] app: Before Request
2022-04-22 01:10:27,901 [INFO] app: Before Request
2022-04-22 01:10:27,950 [INFO] app: After Request
2022-04-22 01:10:27,960 [INFO] app: Before Request
2022-04-22 01:10:27,966 [INFO] app: After Request
2022-04-22 01:10:27,992 [INFO] app: Before Request
2022-04-22 01:10:45,726 [INFO] app: Before Request
2022-04-22 01:10:45,739 [INFO] app: After Request
2022-04-22 01:10:45,748 [INFO] app: Before Request
2022-04-22 01:10:45,754 [INFO] app: After Request
2022-04-22 01:10:45,771 [INFO] app: Before Request
2022-04-22 01:11:00,901 [INFO] app: Before Request
2022-04-22 01:11:01,079 [INFO] app: After Request
2022-04-22 01:11:01,087 [INFO] app: Before Request
2022-04-22 01:11:01,094 [INFO] app: After Request
2022-04-22 01:11:01,109 [INFO] app: Before Request
2022-04-22 01:11:11,796 [INFO] app: Before Request
2022-04-22 01:11:12,010 [INFO] app: After Request
2022-04-22 01:11:12,018 [INFO] app: Before Request
2022-04-22 01:11:12,037 [INFO] app: After Request
2022-04-22 01:11:12,068 [INFO] app: Before Request
2022-04-22 01:11:23,339 [INFO] app: Before Request
2022-04-22 01:11:23,355 [INFO] app: After Request
2022-04-22 01:11:23,377 [INFO] app: Before Request
2022-04-22 01:11:25,378 [INFO] app: Before Request
2022-04-22 01:11:25,393 [INFO] app: Browse page loading
2022-04-22 01:11:25,470 [INFO] app: After Request
2022-04-22 01:11:25,495 [INFO] app: Before Request
2022-04-22 01:11:25,514 [INFO] app: Before Request
2022-04-22 01:14:04,114 [INFO] app: Before Request
2022-04-22 01:14:04,134 [INFO] app: Browse page loading
2022-04-22 01:14:04,153 [INFO] app: After Request
2022-04-22 01:14:04,169 [INFO] app: Before Request
2022-04-22 01:14:04,195 [INFO] app: Before Request
2022-04-22 01:14:05,262 [INFO] app: Before Request
2022-04-22 01:14:05,275 [INFO] app: Browse page loading
2022-04-22 01:14:05,281 [INFO] app: After Request
2022-04-22 01:14:05,298 [INFO] app: Before Request
2022-04-22 01:14:05,322 [INFO] app: Before Request
2022-04-22 01:14:06,396 [INFO] app: Before Request
2022-04-22 01:14:06,414 [INFO] app: After Request
2022-04-22 01:14:06,439 [INFO] app: Before Request
2022-04-22 01:14:07,499 [INFO] app: Before Request
2022-04-22 01:14:07,520 [INFO] app: After Request
2022-04-22 01:14:07,540 [INFO] app: Before Request
2022-04-22 01:14:07,722 [INFO] app: Before Request
2022-04-22 01:14:07,738 [INFO] app: After Request
2022-04-22 01:14:07,757 [INFO] app: Before Request
2022-04-22 01:14:08,769 [INFO] app: Before Request
2022-04-22 01:14:08,783 [INFO] app: After Request
2022-04-22 01:14:08,800 [INFO] app: Before Request
2022-04-22 01:15:31,457 [INFO] app: Before Request
2022-04-22 01:15:31,486 [INFO] app: After Request
2022-04-22 01:15:31,505 [INFO] app: Before Request
2022-04-22 01:16:02,677 [INFO] app: Before Request
2022-04-22 01:16:02,705 [INFO] app: After Request
2022-04-22 01:16:02,727 [INFO] app: Before Request
2022-04-22 01:16:05,012 [INFO] app: Before Request
2022-04-22 01:16:05,030 [INFO] app: After Request
2022-04-22 01:16:05,050 [INFO] app: Before Request
2022-04-22 01:16:06,213 [INFO] app: Before Request
2022-04-22 01:16:06,228 [INFO] app: Browse page loading
2022-04-22 01:16:06,233 [INFO] app: After Request
2022-04-22 01:16:06,255 [INFO] app: Before Request
2022-04-22 01:16:06,276 [INFO] app: Before Request
2022-04-22 01:16:12,129 [INFO] app: Before Request
2022-04-22 01:16:12,144 [INFO] app: Browse page loading
2022-04-22 01:16:12,150 [INFO] app: After Request
2022-04-22 01:16:12,167 [INFO] app: Before Request
2022-04-22 01:16:12,192 [INFO] app: Before Request
2022-04-22 01:16:13,360 [INFO] app: Before Request
2022-04-22 01:16:13,377 [INFO] app: After Request
2022-04-22 01:16:13,402 [INFO] app: Before Request
2022-04-22 01:16:15,350 [INFO] app: Before Request
2022-04-22 01:16:15,364 [INFO] app: Browse page loading
2022-04-22 01:16:15,369 [INFO] app: After Request
2022-04-22 01:16:15,394 [INFO] app: Before Request
2022-04-22 01:16:15,417 [INFO] app: Before Request
2022-04-22 01:17:12,463 [INFO] app: Before Request
2022-04-22 01:17:12,478 [INFO] app: Browse page loading
2022-04-22 01:17:12,497 [INFO] app: After Request
2022-04-22 01:17:12,516 [INFO] app: Before Request
2022-04-22 01:17:12,539 [INFO] app: Before Request
2022-04-22 01:17:14,504 [INFO] app: Before Request
2022-04-22 01:17:14,531 [INFO] app: After Request
2022-04-22 01:17:14,539 [INFO] app: Before Request
2022-04-22 01:17:14,544 [INFO] app: After Request
2022-04-22 01:17:14,563 [INFO] app: Before Request
2022-04-22 01:17:19,411 [INFO] app: Before Request
2022-04-22 01:17:19,418 [INFO] app: After Request
2022-04-22 01:17:19,433 [INFO] app: Before Request
2022-04-22 01:17:23,667 [INFO] app: Before Request
2022-04-22 01:17:23,678 [INFO] app: After Request
2022-04-22 01:17:23,698 [INFO] app: Before Request
2022-04-22 01:18:05,770 [INFO] app: Before Request
2022-04-22 01:18:05,793 [INFO] app: After Request
2022-04-22 01:18:05,811 [INFO] app: Before Request
2022-04-22 01:18:08,395 [INFO] app: Before Request
2022-04-22 01:18:08,404 [INFO] app: After Request
2022-04-22 01:18:08,430 [INFO] app: Before Request
2022-04-22 01:18:16,740 [INFO] app: Before Request
2022-04-22 01:18:16,950 [INFO] app: After Request
2022-04-22 01:18:16,958 [INFO] app: Before Request
2022-04-22 01:18:16,971 [INFO] app: After Request
2022-04-22 01:18:17,018 [INFO] app: Before Request
2022-04-22 01:18:23,802 [INFO] app: Before Request
2022-04-22 01:18:23,817 [INFO] app: Browse page loading
2022-04-22 01:18:23,822 [INFO] app: After Request
2022-04-22 01:18:23,844 [INFO] app: Before Request
2022-04-22 01:18:23,860 [INFO] app: Before Request
2022-04-22 01:18:25,329 [INFO] app: Before Request
2022-04-22 01:18:25,344 [INFO] app: After Request
2022-04-22 01:18:25,368 [INFO] app: Before Request
2022-04-22 01:18:32,031 [INFO] app: Before Request
2022-04-22 01:18:32,060 [INFO] app: After Request
2022-04-22 01:18:32,068 [INFO] app: Before Request
2022-04-22 01:18:32,075 [INFO] app: After Request
2022-04-22 01:18:32,095 [INFO] app: Before Request
2022-04-22 01:21:33,042 [INFO] app: Before Request
2022-04-22 01:21:33,070 [INFO] app: After Request
2022-04-22 01:21:33,089 [INFO] app: Before Request
2022-04-22 01:21:33,109 [INFO] app: Before Request
2022-04-22 01:22:21,343 [INFO] app: Before Request
2022-04-22 01:22:21,350 [INFO] app: After Request
2022-04-22 01:22:21,368 [INFO] app: Before Request
2022-04-22 01:22:21,374 [INFO] app: Before Request
2022-04-22 01:22:22,474 [INFO] app: Before Request
2022-04-22 01:22:22,481 [INFO] app: After Request
2022-04-22 01:22:22,501 [INFO] app: Before Request
2022-04-22 01:22:22,503 [INFO] app: Before Request
2022-04-22 01:22:34,774 [INFO] app: Before Request
2022-04-22 01:22:34,781 [INFO] app: After Request
2022-04-22 01:22:34,796 [INFO] app: Before Request
2022-04-22 01:22:34,805 [INFO] app: Before Request
2022-04-22 01:22:38,983 [INFO] app: Before Request
2022-04-22 01:22:38,989 [INFO] app: After Request
2022-04-22 01:22:39,005 [INFO] app: Before Request
2022-04-22 01:22:39,006 [INFO] app: Before Request
2022-04-22 01:22:40,126 [INFO] app: Before Request
2022-04-22 01:22:40,134 [INFO] app: After Request
2022-04-22 01:22:40,155 [INFO] app: Before Request
2022-04-22 01:22:40,156 [INFO] app: Before Request
2022-04-22 01:22:40,880 [INFO] app: Before Request
2022-04-22 01:22:40,886 [INFO] app: After Request
2022-04-22 01:22:40,910 [INFO] app: Before Request
2022-04-22 01:22:40,914 [INFO] app: Before Request
2022-04-22 01:22:41,541 [INFO] app: Before Request
2022-04-22 01:22:41,547 [INFO] app: After Request
2022-04-22 01:22:41,564 [INFO] app: Before Request
2022-04-22 01:22:41,565 [INFO] app: Before Request
2022-04-22 01:22:42,303 [INFO] app: Before Request
2022-04-22 01:22:42,310 [INFO] app: After Request
2022-04-22 01:22:42,326 [INFO] app: Before Request
2022-04-22 01:22:42,327 [INFO] app: Before Request
2022-04-22 01:22:43,020 [INFO] app: Before Request
2022-04-22 01:22:43,027 [INFO] app: After Request
2022-04-22 01:22:43,042 [INFO] app: Before Request
2022-04-22 01:22:43,046 [INFO] app: Before Request
2022-04-22 01:23:30,497 [INFO] app: Before Request
2022-04-22 01:23:30,504 [INFO] app: After Request
2022-04-22 01:23:30,520 [INFO] app: Before Request
2022-04-22 01:23:30,528 [INFO] app: Before Request
2022-04-22 01:23:33,261 [INFO] app: Before Request
2022-04-22 01:23:33,267 [INFO] app: After Request
2022-04-22 01:23:33,284 [INFO] app: Before Request
2022-04-22 01:23:33,285 [INFO] app: Before Request
2022-04-22 01:23:34,228 [INFO] app: Before Request
2022-04-22 01:23:34,235 [INFO] app: After Request
2022-04-22 01:23:34,255 [INFO] app: Before Request
2022-04-22 01:23:34,258 [INFO] app: Before Request
2022-04-22 01:23:35,355 [INFO] app: Before Request
2022-04-22 01:23:35,369 [INFO] app: After Request
2022-04-22 01:23:35,391 [INFO] app: Before Request
2022-04-22 01:23:35,397 [INFO] app: Before Request
2022-04-22 01:23:35,438 [INFO] app: Before Request
2022-04-22 01:23:35,439 [INFO] app: Before Request
2022-04-22 01:23:35,442 [INFO] app: Before Request
2022-04-22 01:23:35,445 [INFO] app: Before Request
2022-04-22 01:23:35,446 [INFO] app: Before Request
2022-04-22 01:23:35,452 [INFO] app: Before Request
2022-04-22 01:23:35,469 [INFO] app: Before Request
2022-04-22 01:23:35,484 [INFO] app: Before Request
2022-04-22 01:23:35,485 [INFO] app: Before Request
2022-04-22 01:23:46,043 [INFO] app: Before Request
2022-04-22 01:23:46,050 [INFO] app: After Request
2022-04-22 01:23:46,074 [INFO] app: Before Request
2022-04-22 01:23:46,080 [INFO] app: Before Request
2022-04-22 01:23:46,868 [INFO] app: Before Request
2022-04-22 01:23:46,874 [INFO] app: After Request
2022-04-22 01:23:46,889 [INFO] app: Before Request
2022-04-22 01:23:46,890 [INFO] app: Before Request
2022-04-22 01:24:57,315 [INFO] app: Before Request
2022-04-22 01:24:57,322 [INFO] app: After Request
2022-04-22 01:24:57,340 [INFO] app: Before Request
2022-04-22 01:24:57,346 [INFO] app: Before Request
2022-04-22 01:24:58,220 [INFO] app: Before Request
2022-04-22 01:24:58,226 [INFO] app: After Request
2022-04-22 01:24:58,255 [INFO] app: Before Request
2022-04-22 01:24:58,257 [INFO] app: Before Request
2022-04-22 01:24:58,433 [INFO] app: Before Request
2022-04-22 01:24:58,440 [INFO] app: After Request
2022-04-22 01:24:58,457 [INFO] app: Before Request
2022-04-22 01:24:58,458 [INFO] app: Before Request
2022-04-22 01:28:40,911 [INFO] app: Before Request
2022-04-22 01:28:41,063 [INFO] app: After Request
2022-04-22 01:28:41,111 [INFO] app: Before Request
2022-04-22 01:28:41,112 [INFO] app: Before Request
2022-04-22 01:32:07,672 [INFO] app: Before Request
2022-04-22 01:32:07,696 [INFO] app: After Request
2022-04-22 01:32:07,725 [INFO] app: Before Request
2022-04-22 01:32:07,739 [INFO] app: Before Request
2022-04-22 01:32:09,484 [INFO] app: Before Request
2022-04-22 01:32:09,491 [INFO] app: After Request
2022-04-22 01:32:09,508 [INFO] app: Before Request
2022-04-22 01:32:09,509 [INFO] app: Before Request
2022-04-22 01:32:10,472 [INFO] app: Before Request
2022-04-22 01:32:10,479 [INFO] app: After Request
2022-04-22 01:32:10,496 [INFO] app: Before Request
2022-04-22 01:32:10,498 [INFO] app: Before Request
2022-04-22 01:32:11,407 [INFO] app: Before Request
2022-04-22 01:32:11,415 [INFO] app: After Request
2022-04-22 01:32:11,440 [INFO] app: Before Request
2022-04-22 01:32:11,443 [INFO] app: Before Request
2022-04-22 01:32:12,913 [INFO] app: Before Request
2022-04-22 01:32:12,919 [INFO] app: After Request
2022-04-22 01:32:12,935 [INFO] app: Before Request
2022-04-22 01:32:12,941 [INFO] app: Before Request
