2022-04-20 00:17:22,336 [INFO] myrequests: Log requests
2022-04-20 00:20:16,812 [INFO] myrequests: Log requests
2022-04-20 00:23:05,605 [INFO] myrequests: Log requests
2022-04-20 00:23:05,606 [INFO] myrequests: My request Logger
2022-04-20 00:23:05,759 [INFO] myrequests: My request Logger
2022-04-20 00:23:08,314 [INFO] myrequests: My request Logger
2022-04-20 00:23:08,330 [INFO] myrequests: My request Logger
2022-04-20 00:23:10,200 [INFO] myrequests: My request Logger
2022-04-20 00:23:10,212 [INFO] myrequests: My request Logger
2022-04-20 00:24:46,506 [INFO] myrequests: Log requests
2022-04-20 00:24:46,508 [INFO] myrequests: My request Logger
2022-04-20 00:24:46,653 [INFO] myrequests: My request Logger
2022-04-20 00:24:46,703 [INFO] myrequests: Log requests
2022-04-20 00:24:46,705 [INFO] myrequests: My request Logger
2022-04-20 00:24:46,706 [INFO] myrequests: My request Logger
2022-04-20 00:24:46,709 [INFO] myrequests: My request Logger
2022-04-20 00:24:46,869 [INFO] myrequests: My request Logger
2022-04-20 00:24:46,872 [INFO] myrequests: My request Logger
2022-04-20 00:24:46,885 [INFO] myrequests: My request Logger
2022-04-20 00:24:46,987 [INFO] myrequests: Log requests
2022-04-20 00:24:46,988 [INFO] myrequests: My request Logger
2022-04-20 00:24:47,131 [INFO] myrequests: My request Logger
2022-04-20 00:24:47,164 [INFO] myrequests: Log requests
2022-04-20 00:24:47,165 [INFO] myrequests: My request Logger
2022-04-20 00:24:47,327 [INFO] myrequests: My request Logger
2022-04-20 00:24:47,359 [INFO] myrequests: Log requests
2022-04-20 00:24:47,360 [INFO] myrequests: My request Logger
2022-04-20 00:24:47,501 [INFO] myrequests: My request Logger
2022-04-20 00:24:47,540 [INFO] myrequests: Log requests
2022-04-20 00:24:47,542 [INFO] myrequests: My request Logger
2022-04-20 00:24:47,684 [INFO] myrequests: My request Logger
2022-04-20 00:24:47,717 [INFO] myrequests: Log requests
2022-04-20 00:24:47,719 [INFO] myrequests: My request Logger
2022-04-20 00:24:47,860 [INFO] myrequests: My request Logger
2022-04-20 00:24:47,892 [INFO] myrequests: Log requests
2022-04-20 00:24:47,893 [INFO] myrequests: My request Logger
2022-04-20 00:24:48,040 [INFO] myrequests: My request Logger
2022-04-20 00:24:48,079 [INFO] myrequests: Log requests
2022-04-20 00:24:48,081 [INFO] myrequests: My request Logger
2022-04-20 00:24:48,218 [INFO] myrequests: My request Logger
2022-04-20 00:24:48,252 [INFO] myrequests: Log requests
2022-04-20 00:24:48,254 [INFO] myrequests: My request Logger
2022-04-20 00:24:48,400 [INFO] myrequests: My request Logger
2022-04-20 00:47:08,437 [INFO] myrequests: Before app first request logger
2022-04-20 00:47:08,439 [INFO] myrequests: My request Logger
2022-04-20 00:47:08,580 [INFO] myrequests: After request logger
2022-04-20 00:47:08,617 [INFO] myrequests: Before app first request logger
2022-04-20 00:47:08,618 [INFO] myrequests: My request Logger
2022-04-20 00:47:08,620 [INFO] myrequests: After request logger
2022-04-20 00:47:08,623 [INFO] myrequests: My request Logger
2022-04-20 00:47:08,778 [INFO] myrequests: After request logger
2022-04-20 00:47:08,781 [INFO] myrequests: My request Logger
2022-04-20 00:47:08,794 [INFO] myrequests: After request logger
2022-04-20 00:47:08,909 [INFO] myrequests: Before app first request logger
2022-04-20 00:47:08,910 [INFO] myrequests: My request Logger
2022-04-20 00:47:09,049 [INFO] myrequests: After request logger
2022-04-20 00:47:09,089 [INFO] myrequests: Before app first request logger
2022-04-20 00:47:09,091 [INFO] myrequests: My request Logger
2022-04-20 00:47:09,261 [INFO] myrequests: After request logger
2022-04-20 00:47:09,308 [INFO] myrequests: Before app first request logger
2022-04-20 00:47:09,310 [INFO] myrequests: My request Logger
2022-04-20 00:47:09,459 [INFO] myrequests: After request logger
2022-04-20 00:47:09,494 [INFO] myrequests: Before app first request logger
2022-04-20 00:47:09,495 [INFO] myrequests: My request Logger
2022-04-20 00:47:09,632 [INFO] myrequests: After request logger
2022-04-20 00:47:09,669 [INFO] myrequests: Before app first request logger
2022-04-20 00:47:09,670 [INFO] myrequests: My request Logger
2022-04-20 00:47:09,809 [INFO] myrequests: After request logger
2022-04-20 00:47:09,845 [INFO] myrequests: Before app first request logger
2022-04-20 00:47:09,846 [INFO] myrequests: My request Logger
2022-04-20 00:47:09,981 [INFO] myrequests: After request logger
2022-04-20 00:47:10,013 [INFO] myrequests: Before app first request logger
2022-04-20 00:47:10,014 [INFO] myrequests: My request Logger
2022-04-20 00:47:10,152 [INFO] myrequests: After request logger
2022-04-20 00:47:10,187 [INFO] myrequests: Before app first request logger
2022-04-20 00:47:10,188 [INFO] myrequests: My request Logger
2022-04-20 00:47:10,322 [INFO] myrequests: After request logger
2022-04-20 16:28:50,944 [INFO] myrequests: Before app first request logger
2022-04-20 16:28:50,945 [INFO] myrequests: My request Logger
2022-04-20 16:28:51,100 [INFO] myrequests: After request logger
2022-04-20 16:29:02,678 [INFO] myrequests: My request Logger
2022-04-20 16:29:02,927 [INFO] myrequests: After request logger
2022-04-20 16:29:02,934 [INFO] myrequests: My request Logger
2022-04-20 16:29:02,951 [INFO] myrequests: After request logger
2022-04-20 16:30:50,311 [INFO] myrequests: My request Logger
2022-04-20 16:30:50,323 [INFO] myrequests: After request logger
2022-04-20 16:31:01,638 [INFO] myrequests: My request Logger
2022-04-20 16:31:01,844 [INFO] myrequests: After request logger
2022-04-20 16:31:01,854 [INFO] myrequests: My request Logger
2022-04-20 16:31:01,861 [INFO] myrequests: After request logger
2022-04-20 16:35:46,807 [INFO] myrequests: My request Logger
2022-04-20 16:35:46,817 [INFO] myrequests: After request logger
2022-04-20 16:35:50,205 [INFO] myrequests: My request Logger
2022-04-20 16:35:50,213 [INFO] myrequests: After request logger
2022-04-20 16:35:59,537 [INFO] myrequests: My request Logger
2022-04-20 16:35:59,752 [INFO] myrequests: After request logger
2022-04-20 16:35:59,759 [INFO] myrequests: My request Logger
2022-04-20 16:35:59,767 [INFO] myrequests: After request logger
2022-04-21 01:45:17,516 [INFO] myrequests: My request Logger
2022-04-21 01:45:17,531 [INFO] myrequests: After request logger
2022-04-21 01:45:33,210 [INFO] myrequests: My request Logger
2022-04-21 01:45:33,218 [INFO] myrequests: After request logger
2022-04-21 01:45:44,382 [INFO] myrequests: My request Logger
2022-04-21 01:45:44,583 [INFO] myrequests: After request logger
2022-04-21 01:45:44,592 [INFO] myrequests: My request Logger
2022-04-21 01:45:44,599 [INFO] myrequests: After request logger
2022-04-21 02:06:14,249 [INFO] myrequests: My request Logger
2022-04-21 02:06:14,257 [INFO] myrequests: After request logger
2022-04-21 02:06:15,530 [INFO] myrequests: My request Logger
2022-04-21 02:06:15,539 [INFO] myrequests: After request logger
2022-04-21 02:06:17,275 [INFO] myrequests: My request Logger
2022-04-21 02:06:17,284 [INFO] myrequests: After request logger
2022-04-21 02:06:37,400 [INFO] myrequests: My request Logger
2022-04-21 02:06:37,575 [INFO] myrequests: After request logger
2022-04-21 02:06:37,583 [INFO] myrequests: My request Logger
2022-04-21 02:06:37,592 [INFO] myrequests: After request logger
2022-04-21 02:07:04,270 [INFO] myrequests: My request Logger
2022-04-21 02:07:04,439 [INFO] myrequests: After request logger
2022-04-21 02:07:04,448 [INFO] myrequests: My request Logger
2022-04-21 02:07:04,455 [INFO] myrequests: After request logger
2022-04-21 02:07:15,142 [INFO] myrequests: My request Logger
2022-04-21 02:07:15,329 [INFO] myrequests: After request logger
2022-04-21 02:07:15,337 [INFO] myrequests: My request Logger
2022-04-21 02:07:15,343 [INFO] myrequests: After request logger
2022-04-21 02:07:18,806 [INFO] myrequests: My request Logger
2022-04-21 02:07:18,814 [INFO] myrequests: After request logger
2022-04-21 02:07:44,369 [INFO] myrequests: My request Logger
2022-04-21 02:07:44,580 [INFO] myrequests: After request logger
2022-04-21 02:07:44,591 [INFO] myrequests: My request Logger
2022-04-21 02:07:44,598 [INFO] myrequests: After request logger
2022-04-21 02:08:08,127 [INFO] myrequests: My request Logger
2022-04-21 02:08:08,291 [INFO] myrequests: After request logger
2022-04-21 02:08:08,300 [INFO] myrequests: My request Logger
2022-04-21 02:08:08,306 [INFO] myrequests: After request logger
2022-04-21 02:08:17,215 [INFO] myrequests: My request Logger
2022-04-21 02:08:17,419 [INFO] myrequests: After request logger
2022-04-21 02:08:17,428 [INFO] myrequests: My request Logger
2022-04-21 02:08:17,449 [INFO] myrequests: After request logger
2022-04-21 02:08:24,472 [INFO] myrequests: My request Logger
2022-04-21 02:08:24,495 [INFO] myrequests: After request logger
2022-04-21 02:08:27,837 [INFO] myrequests: My request Logger
2022-04-21 02:08:27,859 [INFO] myrequests: After request logger
2022-04-21 02:08:41,153 [INFO] myrequests: My request Logger
2022-04-21 02:08:41,182 [INFO] myrequests: After request logger
2022-04-21 02:08:41,190 [INFO] myrequests: My request Logger
2022-04-21 02:08:41,206 [INFO] myrequests: After request logger
2022-04-21 02:08:44,929 [INFO] myrequests: My request Logger
2022-04-21 02:08:44,959 [INFO] myrequests: After request logger
2022-04-21 02:08:46,824 [INFO] myrequests: My request Logger
2022-04-21 02:08:46,840 [INFO] myrequests: After request logger
2022-04-21 02:08:52,467 [INFO] myrequests: My request Logger
2022-04-21 02:08:52,499 [INFO] myrequests: After request logger
2022-04-21 02:08:52,506 [INFO] myrequests: My request Logger
2022-04-21 02:08:52,512 [INFO] myrequests: After request logger
2022-04-21 02:08:54,474 [INFO] myrequests: My request Logger
2022-04-21 02:08:54,492 [INFO] myrequests: After request logger
2022-04-21 02:08:55,468 [INFO] myrequests: My request Logger
2022-04-21 02:08:55,487 [INFO] myrequests: After request logger
2022-04-21 02:08:56,565 [INFO] myrequests: My request Logger
2022-04-21 02:08:56,588 [INFO] myrequests: After request logger
2022-04-21 02:13:56,974 [INFO] myrequests: My request Logger
2022-04-21 02:13:56,983 [INFO] myrequests: After request logger
2022-04-21 02:14:02,912 [INFO] myrequests: My request Logger
2022-04-21 02:14:02,924 [INFO] myrequests: After request logger
2022-04-21 02:14:04,231 [INFO] myrequests: My request Logger
2022-04-21 02:14:04,242 [INFO] myrequests: After request logger
2022-04-21 02:14:07,638 [INFO] myrequests: My request Logger
2022-04-21 02:14:07,646 [INFO] myrequests: After request logger
2022-04-21 02:14:18,717 [INFO] myrequests: My request Logger
2022-04-21 02:14:18,923 [INFO] myrequests: After request logger
2022-04-21 02:14:18,931 [INFO] myrequests: My request Logger
2022-04-21 02:14:18,946 [INFO] myrequests: After request logger
2022-04-21 02:14:28,862 [INFO] myrequests: My request Logger
2022-04-21 02:14:28,881 [INFO] myrequests: After request logger
2022-04-21 02:29:12,345 [INFO] myrequests: My request Logger
2022-04-21 02:29:12,365 [INFO] myrequests: After request logger
2022-04-21 02:29:13,630 [INFO] myrequests: My request Logger
2022-04-21 02:29:13,649 [INFO] myrequests: After request logger
2022-04-21 02:29:14,848 [INFO] myrequests: My request Logger
2022-04-21 02:29:14,873 [INFO] myrequests: After request logger
2022-04-21 02:29:17,217 [INFO] myrequests: My request Logger
2022-04-21 02:29:17,234 [INFO] myrequests: After request logger
2022-04-21 02:29:19,263 [INFO] myrequests: My request Logger
2022-04-21 02:29:19,297 [INFO] myrequests: After request logger
2022-04-21 02:29:19,305 [INFO] myrequests: My request Logger
2022-04-21 02:29:19,313 [INFO] myrequests: After request logger
2022-04-21 02:29:27,055 [INFO] myrequests: My request Logger
2022-04-21 02:29:27,257 [INFO] myrequests: After request logger
2022-04-21 02:29:27,267 [INFO] myrequests: My request Logger
2022-04-21 02:29:27,281 [INFO] myrequests: After request logger
2022-04-21 02:29:33,766 [INFO] myrequests: My request Logger
2022-04-21 02:29:33,782 [INFO] myrequests: After request logger
2022-04-21 02:29:38,066 [INFO] myrequests: My request Logger
2022-04-21 02:29:38,083 [INFO] myrequests: After request logger
2022-04-21 02:29:38,961 [INFO] myrequests: My request Logger
2022-04-21 02:29:38,975 [INFO] myrequests: After request logger
2022-04-21 02:29:39,202 [INFO] myrequests: My request Logger
2022-04-21 02:29:39,217 [INFO] myrequests: After request logger
2022-04-21 02:29:39,420 [INFO] myrequests: My request Logger
2022-04-21 02:29:39,437 [INFO] myrequests: After request logger
2022-04-21 02:29:45,769 [INFO] myrequests: My request Logger
2022-04-21 02:29:45,803 [INFO] myrequests: After request logger
2022-04-21 02:29:45,810 [INFO] myrequests: My request Logger
2022-04-21 02:29:45,818 [INFO] myrequests: After request logger
2022-04-21 02:29:54,441 [INFO] myrequests: My request Logger
2022-04-21 02:29:54,608 [INFO] myrequests: After request logger
2022-04-21 02:29:54,617 [INFO] myrequests: My request Logger
2022-04-21 02:29:54,624 [INFO] myrequests: After request logger
2022-04-21 02:30:04,611 [INFO] myrequests: My request Logger
2022-04-21 02:30:04,805 [INFO] myrequests: After request logger
2022-04-21 02:30:04,814 [INFO] myrequests: My request Logger
2022-04-21 02:30:04,821 [INFO] myrequests: After request logger
2022-04-21 02:30:14,852 [INFO] myrequests: My request Logger
2022-04-21 02:30:15,022 [INFO] myrequests: After request logger
2022-04-21 02:30:15,030 [INFO] myrequests: My request Logger
2022-04-21 02:30:15,037 [INFO] myrequests: After request logger
2022-04-21 02:30:25,530 [INFO] myrequests: My request Logger
2022-04-21 02:30:25,697 [INFO] myrequests: After request logger
2022-04-21 02:30:25,706 [INFO] myrequests: My request Logger
2022-04-21 02:30:25,714 [INFO] myrequests: After request logger
2022-04-21 02:30:35,155 [INFO] myrequests: My request Logger
2022-04-21 02:30:35,323 [INFO] myrequests: After request logger
2022-04-21 02:30:35,333 [INFO] myrequests: My request Logger
2022-04-21 02:30:35,340 [INFO] myrequests: After request logger
2022-04-21 02:31:42,358 [INFO] myrequests: My request Logger
2022-04-21 02:31:42,556 [INFO] myrequests: After request logger
2022-04-21 02:31:42,567 [INFO] myrequests: My request Logger
2022-04-21 02:31:42,583 [INFO] myrequests: After request logger
2022-04-21 02:31:48,582 [INFO] myrequests: My request Logger
2022-04-21 02:31:48,611 [INFO] myrequests: After request logger
2022-04-21 02:31:49,497 [INFO] myrequests: My request Logger
2022-04-21 02:31:49,511 [INFO] myrequests: After request logger
2022-04-21 02:31:50,894 [INFO] myrequests: My request Logger
2022-04-21 02:31:50,911 [INFO] myrequests: After request logger
2022-04-21 02:31:51,562 [INFO] myrequests: My request Logger
2022-04-21 02:31:51,576 [INFO] myrequests: After request logger
2022-04-21 02:31:51,742 [INFO] myrequests: My request Logger
2022-04-21 02:31:51,758 [INFO] myrequests: After request logger
2022-04-21 02:31:56,064 [INFO] myrequests: My request Logger
2022-04-21 02:31:56,083 [INFO] myrequests: After request logger
2022-04-21 02:31:58,495 [INFO] myrequests: My request Logger
2022-04-21 02:31:58,509 [INFO] myrequests: After request logger
2022-04-21 02:40:37,271 [INFO] myrequests: My request Logger
2022-04-21 02:40:37,297 [INFO] myrequests: After request logger
2022-04-21 02:40:39,300 [INFO] myrequests: My request Logger
2022-04-21 02:40:39,316 [INFO] myrequests: After request logger
2022-04-21 02:41:01,879 [INFO] myrequests: My request Logger
2022-04-21 02:41:02,094 [INFO] myrequests: After request logger
2022-04-21 02:41:02,102 [INFO] myrequests: My request Logger
2022-04-21 02:41:02,118 [INFO] myrequests: After request logger
2022-04-21 02:41:12,894 [INFO] myrequests: My request Logger
2022-04-21 02:41:13,095 [INFO] myrequests: After request logger
2022-04-21 02:41:13,104 [INFO] myrequests: My request Logger
2022-04-21 02:41:13,118 [INFO] myrequests: After request logger
2022-04-21 02:41:19,005 [INFO] myrequests: My request Logger
2022-04-21 02:41:19,109 [INFO] myrequests: After request logger
2022-04-21 02:41:19,134 [INFO] myrequests: My request Logger
2022-04-21 02:41:19,461 [INFO] myrequests: My request Logger
2022-04-21 02:41:19,480 [INFO] myrequests: After request logger
2022-04-21 02:41:19,500 [INFO] myrequests: My request Logger
2022-04-21 02:41:48,246 [INFO] myrequests: My request Logger
2022-04-21 02:41:48,275 [INFO] myrequests: After request logger
2022-04-21 02:41:53,620 [INFO] myrequests: My request Logger
2022-04-21 02:41:53,643 [INFO] myrequests: After request logger
2022-04-21 02:41:53,672 [INFO] myrequests: My request Logger
2022-04-21 02:41:57,442 [INFO] myrequests: My request Logger
2022-04-21 02:41:57,465 [INFO] myrequests: After request logger
2022-04-21 02:42:09,680 [INFO] myrequests: My request Logger
2022-04-21 02:42:09,707 [INFO] myrequests: After request logger
2022-04-21 02:42:09,720 [INFO] myrequests: My request Logger
2022-04-21 02:42:09,736 [INFO] myrequests: After request logger
2022-04-21 02:42:09,766 [INFO] myrequests: My request Logger
2022-04-21 02:42:17,597 [INFO] myrequests: My request Logger
2022-04-21 02:42:17,617 [INFO] myrequests: After request logger
2022-04-21 02:42:22,076 [INFO] myrequests: My request Logger
2022-04-21 02:42:22,092 [INFO] myrequests: After request logger
2022-04-21 02:42:26,340 [INFO] myrequests: My request Logger
2022-04-21 02:42:26,370 [INFO] myrequests: After request logger
2022-04-21 02:42:26,378 [INFO] myrequests: My request Logger
2022-04-21 02:42:26,386 [INFO] myrequests: After request logger
2022-04-21 02:42:39,839 [INFO] myrequests: My request Logger
2022-04-21 02:42:39,851 [INFO] myrequests: After request logger
2022-04-21 02:42:39,862 [INFO] myrequests: My request Logger
2022-04-21 02:42:39,870 [INFO] myrequests: After request logger
2022-04-21 02:42:42,720 [INFO] myrequests: My request Logger
2022-04-21 02:42:42,729 [INFO] myrequests: After request logger
2022-04-21 02:42:54,809 [INFO] myrequests: My request Logger
2022-04-21 02:42:55,020 [INFO] myrequests: After request logger
2022-04-21 02:42:55,029 [INFO] myrequests: My request Logger
2022-04-21 02:42:55,035 [INFO] myrequests: After request logger
2022-04-21 02:43:11,786 [INFO] myrequests: My request Logger
2022-04-21 02:43:11,981 [INFO] myrequests: After request logger
2022-04-21 02:43:11,990 [INFO] myrequests: My request Logger
2022-04-21 02:43:12,003 [INFO] myrequests: After request logger
2022-04-21 02:43:15,120 [INFO] myrequests: My request Logger
2022-04-21 02:43:15,142 [INFO] myrequests: After request logger
2022-04-21 02:43:15,168 [INFO] myrequests: My request Logger
2022-04-21 02:43:52,578 [INFO] myrequests: My request Logger
2022-04-21 02:43:52,611 [INFO] myrequests: After request logger
2022-04-21 02:47:15,929 [INFO] myrequests: My request Logger
2022-04-21 02:47:15,968 [INFO] myrequests: After request logger
2022-04-21 02:47:16,062 [INFO] myrequests: My request Logger
2022-04-21 02:47:23,796 [INFO] myrequests: My request Logger
2022-04-21 02:47:23,813 [INFO] myrequests: After request logger
2022-04-21 02:47:24,992 [INFO] myrequests: My request Logger
2022-04-21 02:47:25,011 [INFO] myrequests: After request logger
2022-04-21 02:47:25,052 [INFO] myrequests: My request Logger
2022-04-21 02:47:26,274 [INFO] myrequests: My request Logger
2022-04-21 02:47:26,286 [INFO] myrequests: After request logger
2022-04-21 02:47:26,963 [INFO] myrequests: My request Logger
2022-04-21 02:47:26,982 [INFO] myrequests: After request logger
2022-04-21 02:49:05,841 [INFO] myrequests: My request Logger
2022-04-21 02:49:05,879 [INFO] myrequests: After request logger
2022-04-21 02:49:05,898 [INFO] myrequests: My request Logger
2022-04-21 02:49:09,744 [INFO] myrequests: My request Logger
2022-04-21 02:49:09,762 [INFO] myrequests: After request logger
2022-04-21 02:49:09,786 [INFO] myrequests: My request Logger
2022-04-21 02:49:10,835 [INFO] myrequests: My request Logger
2022-04-21 02:49:10,853 [INFO] myrequests: After request logger
2022-04-21 02:49:10,884 [INFO] myrequests: My request Logger
2022-04-21 02:49:11,878 [INFO] myrequests: My request Logger
2022-04-21 02:49:11,898 [INFO] myrequests: After request logger
2022-04-21 02:49:11,922 [INFO] myrequests: My request Logger
2022-04-21 02:49:11,941 [INFO] myrequests: My request Logger
2022-04-21 02:49:54,883 [INFO] myrequests: My request Logger
2022-04-21 02:49:54,908 [INFO] myrequests: After request logger
2022-04-21 02:49:54,924 [INFO] myrequests: My request Logger
2022-04-21 02:49:54,945 [INFO] myrequests: My request Logger
2022-04-21 02:49:55,888 [INFO] myrequests: My request Logger
2022-04-21 02:49:55,909 [INFO] myrequests: After request logger
2022-04-21 02:49:55,926 [INFO] myrequests: My request Logger
2022-04-21 02:49:55,946 [INFO] myrequests: My request Logger
2022-04-21 02:49:56,117 [INFO] myrequests: My request Logger
2022-04-21 02:49:56,137 [INFO] myrequests: After request logger
2022-04-21 02:49:56,154 [INFO] myrequests: My request Logger
2022-04-21 02:49:56,173 [INFO] myrequests: My request Logger
2022-04-21 02:49:56,444 [INFO] myrequests: My request Logger
2022-04-21 02:49:56,466 [INFO] myrequests: After request logger
2022-04-21 02:49:56,484 [INFO] myrequests: My request Logger
2022-04-21 02:49:56,508 [INFO] myrequests: My request Logger
2022-04-21 02:50:32,426 [INFO] myrequests: My request Logger
2022-04-21 02:50:32,459 [INFO] myrequests: After request logger
2022-04-21 02:50:32,477 [INFO] myrequests: My request Logger
2022-04-21 02:50:32,504 [INFO] myrequests: My request Logger
2022-04-21 02:50:49,244 [INFO] myrequests: My request Logger
2022-04-21 02:50:49,261 [INFO] myrequests: After request logger
2022-04-21 02:50:49,291 [INFO] myrequests: My request Logger
2022-04-21 02:50:50,692 [INFO] myrequests: My request Logger
2022-04-21 02:50:50,715 [INFO] myrequests: After request logger
2022-04-21 02:50:50,739 [INFO] myrequests: My request Logger
2022-04-21 02:50:53,302 [INFO] myrequests: My request Logger
2022-04-21 02:50:53,318 [INFO] myrequests: After request logger
2022-04-21 02:50:53,339 [INFO] myrequests: My request Logger
2022-04-21 02:50:54,639 [INFO] myrequests: My request Logger
2022-04-21 02:50:54,654 [INFO] myrequests: After request logger
2022-04-21 02:50:54,673 [INFO] myrequests: My request Logger
2022-04-21 02:50:55,772 [INFO] myrequests: My request Logger
2022-04-21 02:50:55,787 [INFO] myrequests: After request logger
2022-04-21 02:50:55,809 [INFO] myrequests: My request Logger
2022-04-21 02:50:57,349 [INFO] myrequests: My request Logger
2022-04-21 02:50:57,365 [INFO] myrequests: After request logger
2022-04-21 02:50:57,383 [INFO] myrequests: My request Logger
2022-04-21 02:51:18,915 [INFO] myrequests: My request Logger
2022-04-21 02:51:18,950 [INFO] myrequests: After request logger
2022-04-21 02:51:18,978 [INFO] myrequests: My request Logger
2022-04-21 02:51:20,128 [INFO] myrequests: My request Logger
2022-04-21 02:51:20,146 [INFO] myrequests: After request logger
2022-04-21 02:51:20,172 [INFO] myrequests: My request Logger
2022-04-21 02:51:21,542 [INFO] myrequests: My request Logger
2022-04-21 02:51:21,559 [INFO] myrequests: After request logger
2022-04-21 02:51:21,582 [INFO] myrequests: My request Logger
2022-04-21 02:51:23,058 [INFO] myrequests: My request Logger
2022-04-21 02:51:23,080 [INFO] myrequests: After request logger
2022-04-21 02:51:23,104 [INFO] myrequests: My request Logger
2022-04-21 02:51:23,124 [INFO] myrequests: My request Logger
2022-04-21 02:51:24,374 [INFO] myrequests: My request Logger
2022-04-21 02:51:24,395 [INFO] myrequests: After request logger
2022-04-21 02:51:24,421 [INFO] myrequests: My request Logger
2022-04-21 02:51:25,071 [INFO] myrequests: My request Logger
2022-04-21 02:51:25,089 [INFO] myrequests: After request logger
2022-04-21 02:51:25,115 [INFO] myrequests: My request Logger
2022-04-21 02:52:43,459 [INFO] myrequests: My request Logger
2022-04-21 02:52:43,487 [INFO] myrequests: After request logger
2022-04-21 02:52:43,514 [INFO] myrequests: My request Logger
2022-04-21 02:52:43,535 [INFO] myrequests: My request Logger
2022-04-21 02:52:44,763 [INFO] myrequests: My request Logger
2022-04-21 02:52:44,778 [INFO] myrequests: After request logger
2022-04-21 02:52:44,801 [INFO] myrequests: My request Logger
2022-04-21 02:52:47,049 [INFO] myrequests: My request Logger
2022-04-21 02:52:47,067 [INFO] myrequests: After request logger
2022-04-21 02:52:47,092 [INFO] myrequests: My request Logger
2022-04-21 02:53:54,701 [INFO] myrequests: My request Logger
2022-04-21 02:53:54,723 [INFO] myrequests: After request logger
2022-04-21 02:53:54,751 [INFO] myrequests: My request Logger
2022-04-21 02:53:57,662 [INFO] myrequests: My request Logger
2022-04-21 02:53:57,681 [INFO] myrequests: After request logger
2022-04-21 02:53:57,703 [INFO] myrequests: My request Logger
2022-04-21 02:54:08,100 [INFO] myrequests: My request Logger
2022-04-21 02:54:08,116 [INFO] myrequests: After request logger
2022-04-21 02:54:08,145 [INFO] myrequests: My request Logger
2022-04-21 02:54:11,008 [INFO] myrequests: My request Logger
2022-04-21 02:54:11,023 [INFO] myrequests: After request logger
2022-04-21 02:54:11,045 [INFO] myrequests: My request Logger
2022-04-21 02:54:11,961 [INFO] myrequests: My request Logger
2022-04-21 02:54:11,987 [INFO] myrequests: After request logger
2022-04-21 02:54:12,020 [INFO] myrequests: My request Logger
2022-04-21 02:54:12,041 [INFO] myrequests: My request Logger
2022-04-21 02:54:16,364 [INFO] myrequests: My request Logger
2022-04-21 02:54:16,382 [INFO] myrequests: After request logger
2022-04-21 02:54:16,406 [INFO] myrequests: My request Logger
2022-04-21 02:54:17,728 [INFO] myrequests: My request Logger
2022-04-21 02:54:17,743 [INFO] myrequests: After request logger
2022-04-21 02:54:17,765 [INFO] myrequests: My request Logger
2022-04-21 02:54:49,000 [INFO] myrequests: My request Logger
2022-04-21 02:54:49,021 [INFO] myrequests: After request logger
2022-04-21 02:54:49,040 [INFO] myrequests: My request Logger
2022-04-21 02:54:49,941 [INFO] myrequests: My request Logger
2022-04-21 02:54:49,956 [INFO] myrequests: After request logger
2022-04-21 02:54:49,974 [INFO] myrequests: My request Logger
2022-04-21 02:54:51,114 [INFO] myrequests: My request Logger
2022-04-21 02:54:51,129 [INFO] myrequests: After request logger
2022-04-21 02:54:51,151 [INFO] myrequests: My request Logger
2022-04-21 02:54:51,837 [INFO] myrequests: My request Logger
2022-04-21 02:54:51,855 [INFO] myrequests: After request logger
2022-04-21 02:54:51,885 [INFO] myrequests: My request Logger
2022-04-21 02:54:51,902 [INFO] myrequests: My request Logger
2022-04-21 02:55:38,289 [INFO] myrequests: My request Logger
2022-04-21 02:55:38,315 [INFO] myrequests: After request logger
2022-04-21 02:55:38,334 [INFO] myrequests: My request Logger
2022-04-21 02:55:38,357 [INFO] myrequests: My request Logger
2022-04-21 02:55:39,538 [INFO] myrequests: My request Logger
2022-04-21 02:55:39,559 [INFO] myrequests: After request logger
2022-04-21 02:55:39,577 [INFO] myrequests: My request Logger
2022-04-21 02:55:39,598 [INFO] myrequests: My request Logger
2022-04-21 02:55:40,133 [INFO] myrequests: My request Logger
2022-04-21 02:55:40,151 [INFO] myrequests: After request logger
2022-04-21 02:55:40,177 [INFO] myrequests: My request Logger
2022-04-21 02:55:40,199 [INFO] myrequests: My request Logger
2022-04-21 02:55:40,462 [INFO] myrequests: My request Logger
2022-04-21 02:55:40,482 [INFO] myrequests: After request logger
2022-04-21 02:55:40,500 [INFO] myrequests: My request Logger
2022-04-21 02:55:40,520 [INFO] myrequests: My request Logger
2022-04-21 02:55:41,853 [INFO] myrequests: My request Logger
2022-04-21 02:55:41,869 [INFO] myrequests: After request logger
2022-04-21 02:55:41,898 [INFO] myrequests: My request Logger
2022-04-21 02:55:42,844 [INFO] myrequests: My request Logger
2022-04-21 02:55:42,860 [INFO] myrequests: After request logger
2022-04-21 02:55:42,886 [INFO] myrequests: My request Logger
2022-04-21 02:56:09,676 [INFO] myrequests: My request Logger
2022-04-21 02:56:09,690 [INFO] myrequests: After request logger
2022-04-21 02:56:09,708 [INFO] myrequests: My request Logger
2022-04-21 02:56:10,821 [INFO] myrequests: My request Logger
2022-04-21 02:56:10,836 [INFO] myrequests: After request logger
2022-04-21 02:56:10,855 [INFO] myrequests: My request Logger
2022-04-21 02:56:11,240 [INFO] myrequests: My request Logger
2022-04-21 02:56:11,255 [INFO] myrequests: After request logger
2022-04-21 02:56:11,275 [INFO] myrequests: My request Logger
2022-04-21 02:56:13,131 [INFO] myrequests: My request Logger
2022-04-21 02:56:13,148 [INFO] myrequests: After request logger
2022-04-21 02:56:13,164 [INFO] myrequests: My request Logger
2022-04-21 02:56:13,741 [INFO] myrequests: My request Logger
2022-04-21 02:56:13,761 [INFO] myrequests: After request logger
2022-04-21 02:56:13,783 [INFO] myrequests: My request Logger
2022-04-21 02:56:13,799 [INFO] myrequests: My request Logger
2022-04-21 19:49:52,312 [INFO] myrequests: My request Logger
2022-04-21 19:49:52,336 [INFO] myrequests: After request logger
2022-04-21 19:49:52,369 [INFO] myrequests: My request Logger
2022-04-21 19:49:57,412 [INFO] myrequests: My request Logger
2022-04-21 19:49:57,435 [INFO] myrequests: After request logger
2022-04-21 19:49:57,456 [INFO] myrequests: My request Logger
2022-04-21 19:49:58,273 [INFO] myrequests: My request Logger
2022-04-21 19:49:58,293 [INFO] myrequests: After request logger
2022-04-21 19:49:58,321 [INFO] myrequests: My request Logger
2022-04-22 00:36:49,051 [INFO] myrequests: Before app first request logger
2022-04-22 00:36:49,053 [INFO] myrequests: My request Logger
2022-04-22 00:36:49,239 [INFO] myrequests: After request logger
2022-04-22 00:36:49,302 [INFO] myrequests: My request Logger
2022-04-22 00:36:54,858 [INFO] myrequests: My request Logger
2022-04-22 00:36:54,885 [INFO] myrequests: After request logger
2022-04-22 00:36:54,912 [INFO] myrequests: My request Logger
2022-04-22 00:37:00,436 [INFO] myrequests: My request Logger
2022-04-22 00:37:00,463 [INFO] myrequests: After request logger
2022-04-22 00:37:00,489 [INFO] myrequests: My request Logger
2022-04-22 00:37:10,125 [INFO] myrequests: My request Logger
2022-04-22 00:37:10,353 [INFO] myrequests: After request logger
2022-04-22 00:37:10,362 [INFO] myrequests: My request Logger
2022-04-22 00:37:10,372 [INFO] myrequests: After request logger
2022-04-22 00:37:10,381 [INFO] myrequests: My request Logger
2022-04-22 00:37:10,401 [INFO] myrequests: After request logger
2022-04-22 00:37:10,430 [INFO] myrequests: My request Logger
2022-04-22 00:37:16,359 [INFO] myrequests: My request Logger
2022-04-22 00:37:16,453 [INFO] myrequests: After request logger
2022-04-22 00:37:16,479 [INFO] myrequests: My request Logger
2022-04-22 00:37:16,499 [INFO] myrequests: My request Logger
2022-04-22 00:37:21,802 [INFO] myrequests: My request Logger
2022-04-22 00:37:21,823 [INFO] myrequests: After request logger
2022-04-22 00:37:21,849 [INFO] myrequests: My request Logger
2022-04-22 00:37:27,466 [INFO] myrequests: My request Logger
2022-04-22 00:37:27,491 [INFO] myrequests: After request logger
2022-04-22 00:37:27,519 [INFO] myrequests: My request Logger
2022-04-22 00:37:31,728 [INFO] myrequests: My request Logger
2022-04-22 00:37:31,754 [INFO] myrequests: After request logger
2022-04-22 00:37:31,778 [INFO] myrequests: My request Logger
2022-04-22 00:37:39,265 [INFO] myrequests: My request Logger
2022-04-22 00:37:39,308 [INFO] myrequests: After request logger
2022-04-22 00:37:39,317 [INFO] myrequests: My request Logger
2022-04-22 00:37:39,330 [INFO] myrequests: After request logger
2022-04-22 00:37:39,361 [INFO] myrequests: My request Logger
2022-04-22 00:37:52,553 [INFO] myrequests: My request Logger
2022-04-22 00:37:52,584 [INFO] myrequests: After request logger
2022-04-22 00:37:52,608 [INFO] myrequests: My request Logger
2022-04-22 00:37:53,929 [INFO] myrequests: My request Logger
2022-04-22 00:37:53,952 [INFO] myrequests: After request logger
2022-04-22 00:37:53,974 [INFO] myrequests: My request Logger
2022-04-22 00:37:55,603 [INFO] myrequests: My request Logger
2022-04-22 00:37:55,625 [INFO] myrequests: After request logger
2022-04-22 00:37:55,647 [INFO] myrequests: My request Logger
2022-04-22 00:37:55,663 [INFO] myrequests: My request Logger
2022-04-22 00:37:57,081 [INFO] myrequests: My request Logger
2022-04-22 00:37:57,099 [INFO] myrequests: After request logger
2022-04-22 00:37:57,122 [INFO] myrequests: My request Logger
2022-04-22 00:38:06,200 [INFO] myrequests: My request Logger
2022-04-22 00:38:06,215 [INFO] myrequests: After request logger
2022-04-22 00:38:06,222 [INFO] myrequests: My request Logger
2022-04-22 00:38:06,227 [INFO] myrequests: After request logger
2022-04-22 00:38:06,250 [INFO] myrequests: My request Logger
2022-04-22 01:03:22,222 [INFO] myrequests: Before app first request logger
2022-04-22 01:03:22,223 [INFO] myrequests: My request Logger
2022-04-22 01:03:22,382 [INFO] myrequests: After request logger
2022-04-22 01:03:22,403 [INFO] myrequests: My request Logger
2022-04-22 01:03:30,696 [INFO] myrequests: My request Logger
2022-04-22 01:03:30,711 [INFO] myrequests: After request logger
2022-04-22 01:03:30,737 [INFO] myrequests: My request Logger
2022-04-22 01:03:31,808 [INFO] myrequests: My request Logger
2022-04-22 01:03:31,827 [INFO] myrequests: After request logger
2022-04-22 01:03:31,853 [INFO] myrequests: My request Logger
2022-04-22 01:03:32,705 [INFO] myrequests: My request Logger
2022-04-22 01:03:32,714 [INFO] myrequests: After request logger
2022-04-22 01:03:32,737 [INFO] myrequests: My request Logger
2022-04-22 01:03:37,923 [INFO] myrequests: My request Logger
2022-04-22 01:03:37,938 [INFO] myrequests: After request logger
2022-04-22 01:03:37,960 [INFO] myrequests: My request Logger
2022-04-22 01:03:51,013 [INFO] myrequests: My request Logger
2022-04-22 01:03:51,025 [INFO] myrequests: After request logger
2022-04-22 01:03:51,049 [INFO] myrequests: My request Logger
2022-04-22 01:03:52,181 [INFO] myrequests: My request Logger
2022-04-22 01:03:52,188 [INFO] myrequests: After request logger
2022-04-22 01:03:52,208 [INFO] myrequests: My request Logger
2022-04-22 01:03:52,915 [INFO] myrequests: My request Logger
2022-04-22 01:03:52,923 [INFO] myrequests: After request logger
2022-04-22 01:03:52,940 [INFO] myrequests: My request Logger
2022-04-22 01:03:54,139 [INFO] myrequests: My request Logger
2022-04-22 01:03:54,146 [INFO] myrequests: After request logger
2022-04-22 01:03:54,167 [INFO] myrequests: My request Logger
2022-04-22 01:03:55,845 [INFO] myrequests: My request Logger
2022-04-22 01:03:55,854 [INFO] myrequests: After request logger
2022-04-22 01:03:55,872 [INFO] myrequests: My request Logger
2022-04-22 01:05:28,812 [INFO] myrequests: My request Logger
2022-04-22 01:06:17,925 [INFO] myrequests: My request Logger
2022-04-22 01:06:17,948 [INFO] myrequests: After request logger
2022-04-22 01:06:17,968 [INFO] myrequests: My request Logger
2022-04-22 01:08:08,990 [INFO] myrequests: My request Logger
2022-04-22 01:08:09,029 [INFO] myrequests: After request logger
2022-04-22 01:08:09,051 [INFO] myrequests: My request Logger
2022-04-22 01:10:10,502 [INFO] myrequests: My request Logger
2022-04-22 01:10:10,526 [INFO] myrequests: After request logger
2022-04-22 01:10:10,548 [INFO] myrequests: My request Logger
2022-04-22 01:10:17,089 [INFO] myrequests: My request Logger
2022-04-22 01:10:17,097 [INFO] myrequests: After request logger
2022-04-22 01:10:17,120 [INFO] myrequests: My request Logger
2022-04-22 01:10:18,979 [INFO] myrequests: My request Logger
2022-04-22 01:10:18,989 [INFO] myrequests: After request logger
2022-04-22 01:10:19,010 [INFO] myrequests: My request Logger
2022-04-22 01:10:27,909 [INFO] myrequests: My request Logger
2022-04-22 01:10:27,951 [INFO] myrequests: After request logger
2022-04-22 01:10:27,961 [INFO] myrequests: My request Logger
2022-04-22 01:10:27,967 [INFO] myrequests: After request logger
2022-04-22 01:10:27,997 [INFO] myrequests: My request Logger
2022-04-22 01:10:45,728 [INFO] myrequests: My request Logger
2022-04-22 01:10:45,740 [INFO] myrequests: After request logger
2022-04-22 01:10:45,749 [INFO] myrequests: My request Logger
2022-04-22 01:10:45,755 [INFO] myrequests: After request logger
2022-04-22 01:10:45,774 [INFO] myrequests: My request Logger
2022-04-22 01:11:00,902 [INFO] myrequests: My request Logger
2022-04-22 01:11:01,081 [INFO] myrequests: After request logger
2022-04-22 01:11:01,088 [INFO] myrequests: My request Logger
2022-04-22 01:11:01,095 [INFO] myrequests: After request logger
2022-04-22 01:11:01,111 [INFO] myrequests: My request Logger
2022-04-22 01:11:11,798 [INFO] myrequests: My request Logger
2022-04-22 01:11:12,010 [INFO] myrequests: After request logger
2022-04-22 01:11:12,019 [INFO] myrequests: My request Logger
2022-04-22 01:11:12,038 [INFO] myrequests: After request logger
2022-04-22 01:11:12,070 [INFO] myrequests: My request Logger
2022-04-22 01:11:23,341 [INFO] myrequests: My request Logger
2022-04-22 01:11:23,356 [INFO] myrequests: After request logger
2022-04-22 01:11:23,380 [INFO] myrequests: My request Logger
2022-04-22 01:11:25,379 [INFO] myrequests: My request Logger
2022-04-22 01:11:25,472 [INFO] myrequests: After request logger
2022-04-22 01:11:25,497 [INFO] myrequests: My request Logger
2022-04-22 01:11:25,515 [INFO] myrequests: My request Logger
2022-04-22 01:14:04,118 [INFO] myrequests: My request Logger
2022-04-22 01:14:04,154 [INFO] myrequests: After request logger
2022-04-22 01:14:04,170 [INFO] myrequests: My request Logger
2022-04-22 01:14:04,197 [INFO] myrequests: My request Logger
2022-04-22 01:14:05,264 [INFO] myrequests: My request Logger
2022-04-22 01:14:05,283 [INFO] myrequests: After request logger
2022-04-22 01:14:05,299 [INFO] myrequests: My request Logger
2022-04-22 01:14:05,323 [INFO] myrequests: My request Logger
2022-04-22 01:14:06,397 [INFO] myrequests: My request Logger
2022-04-22 01:14:06,415 [INFO] myrequests: After request logger
2022-04-22 01:14:06,441 [INFO] myrequests: My request Logger
2022-04-22 01:14:07,503 [INFO] myrequests: My request Logger
2022-04-22 01:14:07,521 [INFO] myrequests: After request logger
2022-04-22 01:14:07,541 [INFO] myrequests: My request Logger
2022-04-22 01:14:07,723 [INFO] myrequests: My request Logger
2022-04-22 01:14:07,739 [INFO] myrequests: After request logger
2022-04-22 01:14:07,758 [INFO] myrequests: My request Logger
2022-04-22 01:14:08,770 [INFO] myrequests: My request Logger
2022-04-22 01:14:08,784 [INFO] myrequests: After request logger
2022-04-22 01:14:08,802 [INFO] myrequests: My request Logger
2022-04-22 01:15:31,458 [INFO] myrequests: My request Logger
2022-04-22 01:15:31,487 [INFO] myrequests: After request logger
2022-04-22 01:15:31,506 [INFO] myrequests: My request Logger
2022-04-22 01:16:02,678 [INFO] myrequests: My request Logger
2022-04-22 01:16:02,707 [INFO] myrequests: After request logger
2022-04-22 01:16:02,729 [INFO] myrequests: My request Logger
2022-04-22 01:16:05,015 [INFO] myrequests: My request Logger
2022-04-22 01:16:05,030 [INFO] myrequests: After request logger
2022-04-22 01:16:05,054 [INFO] myrequests: My request Logger
2022-04-22 01:16:06,215 [INFO] myrequests: My request Logger
2022-04-22 01:16:06,234 [INFO] myrequests: After request logger
2022-04-22 01:16:06,257 [INFO] myrequests: My request Logger
2022-04-22 01:16:06,277 [INFO] myrequests: My request Logger
2022-04-22 01:16:12,130 [INFO] myrequests: My request Logger
2022-04-22 01:16:12,151 [INFO] myrequests: After request logger
2022-04-22 01:16:12,169 [INFO] myrequests: My request Logger
2022-04-22 01:16:12,193 [INFO] myrequests: My request Logger
2022-04-22 01:16:13,361 [INFO] myrequests: My request Logger
2022-04-22 01:16:13,377 [INFO] myrequests: After request logger
2022-04-22 01:16:13,405 [INFO] myrequests: My request Logger
2022-04-22 01:16:15,351 [INFO] myrequests: My request Logger
2022-04-22 01:16:15,370 [INFO] myrequests: After request logger
2022-04-22 01:16:15,398 [INFO] myrequests: My request Logger
2022-04-22 01:16:15,418 [INFO] myrequests: My request Logger
2022-04-22 01:17:12,465 [INFO] myrequests: My request Logger
2022-04-22 01:17:12,499 [INFO] myrequests: After request logger
2022-04-22 01:17:12,517 [INFO] myrequests: My request Logger
2022-04-22 01:17:12,540 [INFO] myrequests: My request Logger
2022-04-22 01:17:14,505 [INFO] myrequests: My request Logger
2022-04-22 01:17:14,532 [INFO] myrequests: After request logger
2022-04-22 01:17:14,539 [INFO] myrequests: My request Logger
2022-04-22 01:17:14,545 [INFO] myrequests: After request logger
2022-04-22 01:17:14,565 [INFO] myrequests: My request Logger
2022-04-22 01:17:19,412 [INFO] myrequests: My request Logger
2022-04-22 01:17:19,418 [INFO] myrequests: After request logger
2022-04-22 01:17:19,435 [INFO] myrequests: My request Logger
2022-04-22 01:17:23,669 [INFO] myrequests: My request Logger
2022-04-22 01:17:23,679 [INFO] myrequests: After request logger
2022-04-22 01:17:23,699 [INFO] myrequests: My request Logger
2022-04-22 01:18:05,772 [INFO] myrequests: My request Logger
2022-04-22 01:18:05,794 [INFO] myrequests: After request logger
2022-04-22 01:18:05,813 [INFO] myrequests: My request Logger
2022-04-22 01:18:08,397 [INFO] myrequests: My request Logger
2022-04-22 01:18:08,406 [INFO] myrequests: After request logger
2022-04-22 01:18:08,433 [INFO] myrequests: My request Logger
2022-04-22 01:18:16,748 [INFO] myrequests: My request Logger
2022-04-22 01:18:16,950 [INFO] myrequests: After request logger
2022-04-22 01:18:16,959 [INFO] myrequests: My request Logger
2022-04-22 01:18:16,972 [INFO] myrequests: After request logger
2022-04-22 01:18:17,021 [INFO] myrequests: My request Logger
2022-04-22 01:18:23,805 [INFO] myrequests: My request Logger
2022-04-22 01:18:23,823 [INFO] myrequests: After request logger
2022-04-22 01:18:23,845 [INFO] myrequests: My request Logger
2022-04-22 01:18:23,861 [INFO] myrequests: My request Logger
2022-04-22 01:18:25,330 [INFO] myrequests: My request Logger
2022-04-22 01:18:25,345 [INFO] myrequests: After request logger
2022-04-22 01:18:25,369 [INFO] myrequests: My request Logger
2022-04-22 01:18:32,034 [INFO] myrequests: My request Logger
2022-04-22 01:18:32,061 [INFO] myrequests: After request logger
2022-04-22 01:18:32,069 [INFO] myrequests: My request Logger
2022-04-22 01:18:32,076 [INFO] myrequests: After request logger
2022-04-22 01:18:32,096 [INFO] myrequests: My request Logger
2022-04-22 01:21:33,044 [INFO] myrequests: My request Logger
2022-04-22 01:21:33,071 [INFO] myrequests: After request logger
2022-04-22 01:21:33,091 [INFO] myrequests: My request Logger
2022-04-22 01:21:33,110 [INFO] myrequests: My request Logger
2022-04-22 01:22:21,344 [INFO] myrequests: My request Logger
2022-04-22 01:22:21,351 [INFO] myrequests: After request logger
2022-04-22 01:22:21,369 [INFO] myrequests: My request Logger
2022-04-22 01:22:21,375 [INFO] myrequests: My request Logger
2022-04-22 01:22:22,475 [INFO] myrequests: My request Logger
2022-04-22 01:22:22,482 [INFO] myrequests: After request logger
2022-04-22 01:22:22,506 [INFO] myrequests: My request Logger
2022-04-22 01:22:22,507 [INFO] myrequests: My request Logger
2022-04-22 01:22:34,775 [INFO] myrequests: My request Logger
2022-04-22 01:22:34,782 [INFO] myrequests: After request logger
2022-04-22 01:22:34,797 [INFO] myrequests: My request Logger
2022-04-22 01:22:34,806 [INFO] myrequests: My request Logger
2022-04-22 01:22:38,984 [INFO] myrequests: My request Logger
2022-04-22 01:22:38,990 [INFO] myrequests: After request logger
2022-04-22 01:22:39,010 [INFO] myrequests: My request Logger
2022-04-22 01:22:39,010 [INFO] myrequests: My request Logger
2022-04-22 01:22:40,127 [INFO] myrequests: My request Logger
2022-04-22 01:22:40,135 [INFO] myrequests: After request logger
2022-04-22 01:22:40,157 [INFO] myrequests: My request Logger
2022-04-22 01:22:40,157 [INFO] myrequests: My request Logger
2022-04-22 01:22:40,881 [INFO] myrequests: My request Logger
2022-04-22 01:22:40,887 [INFO] myrequests: After request logger
2022-04-22 01:22:40,914 [INFO] myrequests: My request Logger
2022-04-22 01:22:40,916 [INFO] myrequests: My request Logger
2022-04-22 01:22:41,542 [INFO] myrequests: My request Logger
2022-04-22 01:22:41,548 [INFO] myrequests: After request logger
2022-04-22 01:22:41,568 [INFO] myrequests: My request Logger
2022-04-22 01:22:41,569 [INFO] myrequests: My request Logger
2022-04-22 01:22:42,304 [INFO] myrequests: My request Logger
2022-04-22 01:22:42,312 [INFO] myrequests: After request logger
2022-04-22 01:22:42,328 [INFO] myrequests: My request Logger
2022-04-22 01:22:42,329 [INFO] myrequests: My request Logger
2022-04-22 01:22:43,022 [INFO] myrequests: My request Logger
2022-04-22 01:22:43,027 [INFO] myrequests: After request logger
2022-04-22 01:22:43,043 [INFO] myrequests: My request Logger
2022-04-22 01:22:43,048 [INFO] myrequests: My request Logger
2022-04-22 01:23:30,499 [INFO] myrequests: My request Logger
2022-04-22 01:23:30,505 [INFO] myrequests: After request logger
2022-04-22 01:23:30,523 [INFO] myrequests: My request Logger
2022-04-22 01:23:30,529 [INFO] myrequests: My request Logger
2022-04-22 01:23:33,262 [INFO] myrequests: My request Logger
2022-04-22 01:23:33,268 [INFO] myrequests: After request logger
2022-04-22 01:23:33,287 [INFO] myrequests: My request Logger
2022-04-22 01:23:33,288 [INFO] myrequests: My request Logger
2022-04-22 01:23:34,229 [INFO] myrequests: My request Logger
2022-04-22 01:23:34,237 [INFO] myrequests: After request logger
2022-04-22 01:23:34,259 [INFO] myrequests: My request Logger
2022-04-22 01:23:34,260 [INFO] myrequests: My request Logger
2022-04-22 01:23:35,356 [INFO] myrequests: My request Logger
2022-04-22 01:23:35,370 [INFO] myrequests: After request logger
2022-04-22 01:23:35,393 [INFO] myrequests: My request Logger
2022-04-22 01:23:35,398 [INFO] myrequests: My request Logger
2022-04-22 01:23:35,440 [INFO] myrequests: My request Logger
2022-04-22 01:23:35,443 [INFO] myrequests: My request Logger
2022-04-22 01:23:35,446 [INFO] myrequests: My request Logger
2022-04-22 01:23:35,450 [INFO] myrequests: My request Logger
2022-04-22 01:23:35,454 [INFO] myrequests: My request Logger
2022-04-22 01:23:35,455 [INFO] myrequests: My request Logger
2022-04-22 01:23:35,477 [INFO] myrequests: My request Logger
2022-04-22 01:23:35,501 [INFO] myrequests: My request Logger
2022-04-22 01:23:35,508 [INFO] myrequests: My request Logger
2022-04-22 01:23:46,045 [INFO] myrequests: My request Logger
2022-04-22 01:23:46,051 [INFO] myrequests: After request logger
2022-04-22 01:23:46,075 [INFO] myrequests: My request Logger
2022-04-22 01:23:46,081 [INFO] myrequests: My request Logger
2022-04-22 01:23:46,869 [INFO] myrequests: My request Logger
2022-04-22 01:23:46,875 [INFO] myrequests: After request logger
2022-04-22 01:23:46,891 [INFO] myrequests: My request Logger
2022-04-22 01:23:46,893 [INFO] myrequests: My request Logger
2022-04-22 01:24:57,317 [INFO] myrequests: My request Logger
2022-04-22 01:24:57,323 [INFO] myrequests: After request logger
2022-04-22 01:24:57,341 [INFO] myrequests: My request Logger
2022-04-22 01:24:57,347 [INFO] myrequests: My request Logger
2022-04-22 01:24:58,222 [INFO] myrequests: My request Logger
2022-04-22 01:24:58,228 [INFO] myrequests: After request logger
2022-04-22 01:24:58,260 [INFO] myrequests: My request Logger
2022-04-22 01:24:58,261 [INFO] myrequests: My request Logger
2022-04-22 01:24:58,435 [INFO] myrequests: My request Logger
2022-04-22 01:24:58,441 [INFO] myrequests: After request logger
2022-04-22 01:24:58,461 [INFO] myrequests: My request Logger
2022-04-22 01:24:58,462 [INFO] myrequests: My request Logger
2022-04-22 01:28:40,910 [INFO] myrequests: Before app first request logger
2022-04-22 01:28:40,912 [INFO] myrequests: My request Logger
2022-04-22 01:28:41,064 [INFO] myrequests: After request logger
2022-04-22 01:28:41,113 [INFO] myrequests: My request Logger
2022-04-22 01:28:41,113 [INFO] myrequests: My request Logger
2022-04-22 01:32:07,682 [INFO] myrequests: My request Logger
2022-04-22 01:32:07,697 [INFO] myrequests: After request logger
2022-04-22 01:32:07,729 [INFO] myrequests: My request Logger
2022-04-22 01:32:07,741 [INFO] myrequests: My request Logger
2022-04-22 01:32:09,485 [INFO] myrequests: My request Logger
2022-04-22 01:32:09,492 [INFO] myrequests: After request logger
2022-04-22 01:32:09,512 [INFO] myrequests: My request Logger
2022-04-22 01:32:09,513 [INFO] myrequests: My request Logger
2022-04-22 01:32:10,473 [INFO] myrequests: My request Logger
2022-04-22 01:32:10,480 [INFO] myrequests: After request logger
2022-04-22 01:32:10,500 [INFO] myrequests: My request Logger
2022-04-22 01:32:10,500 [INFO] myrequests: My request Logger
2022-04-22 01:32:11,408 [INFO] myrequests: My request Logger
2022-04-22 01:32:11,416 [INFO] myrequests: After request logger
2022-04-22 01:32:11,458 [INFO] myrequests: My request Logger
2022-04-22 01:32:11,460 [INFO] myrequests: My request Logger
2022-04-22 01:32:12,914 [INFO] myrequests: My request Logger
2022-04-22 01:32:12,920 [INFO] myrequests: After request logger
2022-04-22 01:32:12,936 [INFO] myrequests: My request Logger
2022-04-22 01:32:12,942 [INFO] myrequests: My request Logger
